<?xml version="1.0" encoding="UTF-8"?>
<coverage generated="1777348473244" clover="3.2.0">
  <project timestamp="1777348473244" name="All files">
    <metrics statements="319" coveredstatements="200" conditionals="513" coveredconditionals="198" methods="56" coveredmethods="32" elements="888" coveredelements="430" complexity="0" loc="319" ncloc="319" packages="7" files="19" classes="19"/>
    <package name="src">
      <metrics statements="10" coveredstatements="10" conditionals="10" coveredconditionals="7" methods="1" coveredmethods="1"/>
      <file name="App.tsx" path="/Users/joepaulsen/workspace/MCGithubExplorer/src/App.tsx">
        <metrics statements="10" coveredstatements="10" conditionals="10" coveredconditionals="7" methods="1" coveredmethods="1"/>
        <line num="9" count="5" type="stmt"/>
        <line num="10" count="5" type="stmt"/>
        <line num="12" count="5" type="stmt"/>
        <line num="14" count="5" type="stmt"/>
        <line num="15" count="5" type="stmt"/>
        <line num="16" count="5" type="cond" truecount="1" falsecount="1"/>
        <line num="19" count="5" type="stmt"/>
        <line num="21" count="5" type="stmt"/>
        <line num="25" count="10" type="cond" truecount="2" falsecount="2"/>
        <line num="40" count="15" type="stmt"/>
      </file>
    </package>
    <package name="src.api">
      <metrics statements="1" coveredstatements="1" conditionals="0" coveredconditionals="0" methods="0" coveredmethods="0"/>
      <file name="client.ts" path="/Users/joepaulsen/workspace/MCGithubExplorer/src/api/client.ts">
        <metrics statements="1" coveredstatements="1" conditionals="0" coveredconditionals="0" methods="0" coveredmethods="0"/>
        <line num="3" count="4" type="stmt"/>
      </file>
    </package>
    <package name="src.components.shared">
      <metrics statements="50" coveredstatements="46" conditionals="90" coveredconditionals="53" methods="5" coveredmethods="4"/>
      <file name="GithubRepoCard.tsx" path="/Users/joepaulsen/workspace/MCGithubExplorer/src/components/shared/GithubRepoCard.tsx">
        <metrics statements="3" coveredstatements="3" conditionals="2" coveredconditionals="1" methods="1" coveredmethods="1"/>
        <line num="16" count="1" type="cond" truecount="1" falsecount="1"/>
        <line num="17" count="1" type="stmt"/>
        <line num="20" count="1" type="stmt"/>
      </file>
      <file name="GithubUserCard.tsx" path="/Users/joepaulsen/workspace/MCGithubExplorer/src/components/shared/GithubUserCard.tsx">
        <metrics statements="29" coveredstatements="29" conditionals="59" coveredconditionals="32" methods="1" coveredmethods="1"/>
        <line num="8" count="9" type="stmt"/>
        <line num="18" count="9" type="cond" truecount="2" falsecount="2"/>
        <line num="19" count="27" type="cond" truecount="2" falsecount="0"/>
        <line num="20" count="9" type="cond" truecount="3" falsecount="1"/>
        <line num="22" count="18" type="cond" truecount="1" falsecount="1"/>
        <line num="23" count="9" type="stmt"/>
        <line num="24" count="18" type="cond" truecount="1" falsecount="1"/>
        <line num="25" count="18" type="cond" truecount="1" falsecount="1"/>
        <line num="26" count="18" type="cond" truecount="2" falsecount="3"/>
        <line num="27" count="36" type="stmt"/>
        <line num="29" count="9" type="cond" truecount="2" falsecount="2"/>
        <line num="30" count="9" type="stmt"/>
        <line num="32" count="9" type="stmt"/>
        <line num="33" count="27" type="cond" truecount="1" falsecount="1"/>
        <line num="34" count="18" type="cond" truecount="2" falsecount="2"/>
        <line num="35" count="27" type="cond" truecount="1" falsecount="1"/>
        <line num="36" count="9" type="stmt"/>
        <line num="37" count="18" type="stmt"/>
        <line num="38" count="9" type="stmt"/>
        <line num="39" count="9" type="cond" truecount="4" falsecount="2"/>
        <line num="40" count="27" type="cond" truecount="1" falsecount="1"/>
        <line num="41" count="18" type="cond" truecount="3" falsecount="1"/>
        <line num="42" count="9" type="stmt"/>
        <line num="43" count="27" type="stmt"/>
        <line num="48" count="18" type="cond" truecount="2" falsecount="4"/>
        <line num="49" count="45" type="cond" truecount="2" falsecount="2"/>
        <line num="51" count="27" type="cond" truecount="2" falsecount="2"/>
        <line num="52" count="27" type="stmt"/>
        <line num="56" count="1" type="stmt"/>
      </file>
      <file name="SearchBar.tsx" path="/Users/joepaulsen/workspace/MCGithubExplorer/src/components/shared/SearchBar.tsx">
        <metrics statements="18" coveredstatements="14" conditionals="29" coveredconditionals="20" methods="3" coveredmethods="2"/>
        <line num="19" count="7" type="stmt"/>
        <line num="20" count="7" type="stmt"/>
        <line num="21" count="7" type="stmt"/>
        <line num="23" count="7" type="cond" truecount="2" falsecount="0"/>
        <line num="26" count="7" type="stmt"/>
        <line num="30" count="4" type="stmt"/>
        <line num="31" count="0" type="cond" truecount="0" falsecount="2"/>
        <line num="32" count="0" type="cond" truecount="0" falsecount="2"/>
        <line num="33" count="11" type="cond" truecount="2" falsecount="0"/>
        <line num="35" count="6" type="stmt"/>
        <line num="38" count="7" type="cond" truecount="2" falsecount="0"/>
        <line num="40" count="13" type="cond" truecount="4" falsecount="0"/>
        <line num="41" count="5" type="cond" truecount="2" falsecount="0"/>
        <line num="57" count="0" type="stmt"/>
        <line num="58" count="0" type="cond" truecount="0" falsecount="2"/>
        <line num="71" count="17" type="cond" truecount="6" falsecount="1"/>
        <line num="73" count="42" type="stmt"/>
        <line num="77" count="1" type="stmt"/>
      </file>
    </package>
    <package name="src.components.ui">
      <metrics statements="233" coveredstatements="118" conditionals="393" coveredconditionals="119" methods="39" coveredmethods="16"/>
      <file name="Avatar.tsx" path="/Users/joepaulsen/workspace/MCGithubExplorer/src/components/ui/Avatar.tsx">
        <metrics statements="34" coveredstatements="18" conditionals="51" coveredconditionals="13" methods="6" coveredmethods="3"/>
        <line num="6" count="9" type="cond" truecount="1" falsecount="1"/>
        <line num="8" count="9" type="cond" truecount="2" falsecount="2"/>
        <line num="12" count="36" type="stmt"/>
        <line num="14" count="9" type="stmt"/>
        <line num="17" count="9" type="stmt"/>
        <line num="20" count="18" type="cond" truecount="2" falsecount="3"/>
        <line num="22" count="36" type="stmt"/>
        <line num="26" count="27" type="cond" truecount="2" falsecount="2"/>
        <line num="28" count="9" type="stmt"/>
        <line num="30" count="9" type="stmt"/>
        <line num="33" count="18" type="cond" truecount="2" falsecount="2"/>
        <line num="35" count="27" type="stmt"/>
        <line num="39" count="9" type="cond" truecount="1" falsecount="1"/>
        <line num="42" count="27" type="cond" truecount="1" falsecount="1"/>
        <line num="44" count="9" type="stmt"/>
        <line num="46" count="9" type="stmt"/>
        <line num="49" count="18" type="cond" truecount="2" falsecount="2"/>
        <line num="51" count="27" type="stmt"/>
        <line num="55" count="0" type="cond" truecount="0" falsecount="4"/>
        <line num="57" count="0" type="stmt"/>
        <line num="59" count="0" type="stmt"/>
        <line num="65" count="0" type="cond" truecount="0" falsecount="4"/>
        <line num="67" count="0" type="stmt"/>
        <line num="71" count="0" type="cond" truecount="0" falsecount="4"/>
        <line num="73" count="0" type="stmt"/>
        <line num="75" count="0" type="stmt"/>
        <line num="78" count="0" type="cond" truecount="0" falsecount="4"/>
        <line num="80" count="0" type="stmt"/>
        <line num="84" count="0" type="cond" truecount="0" falsecount="2"/>
        <line num="87" count="0" type="cond" truecount="0" falsecount="2"/>
        <line num="89" count="0" type="stmt"/>
        <line num="91" count="0" type="stmt"/>
        <line num="94" count="0" type="cond" truecount="0" falsecount="4"/>
        <line num="96" count="0" type="stmt"/>
      </file>
      <file name="Button.tsx" path="/Users/joepaulsen/workspace/MCGithubExplorer/src/components/ui/Button.tsx">
        <metrics statements="9" coveredstatements="9" conditionals="15" coveredconditionals="10" methods="1" coveredmethods="1"/>
        <line num="6" count="1" type="stmt"/>
        <line num="43" count="12" type="cond" truecount="1" falsecount="1"/>
        <line num="45" count="12" type="cond" truecount="1" falsecount="1"/>
        <line num="46" count="12" type="cond" truecount="6" falsecount="1"/>
        <line num="48" count="60" type="stmt"/>
        <line num="50" count="12" type="stmt"/>
        <line num="52" count="36" type="cond" truecount="2" falsecount="2"/>
        <line num="54" count="36" type="stmt"/>
        <line num="58" count="1" type="stmt"/>
      </file>
      <file name="Card.tsx" path="/Users/joepaulsen/workspace/MCGithubExplorer/src/components/ui/Card.tsx">
        <metrics statements="35" coveredstatements="11" conditionals="59" coveredconditionals="9" methods="7" coveredmethods="2"/>
        <line num="5" count="10" type="cond" truecount="1" falsecount="1"/>
        <line num="7" count="10" type="cond" truecount="2" falsecount="2"/>
        <line num="9" count="40" type="stmt"/>
        <line num="11" count="10" type="stmt"/>
        <line num="14" count="10" type="stmt"/>
        <line num="17" count="20" type="cond" truecount="2" falsecount="3"/>
        <line num="19" count="40" type="stmt"/>
        <line num="23" count="0" type="cond" truecount="0" falsecount="4"/>
        <line num="25" count="0" type="stmt"/>
        <line num="27" count="0" type="stmt"/>
        <line num="30" count="0" type="cond" truecount="0" falsecount="4"/>
        <line num="32" count="0" type="stmt"/>
        <line num="36" count="0" type="cond" truecount="0" falsecount="4"/>
        <line num="38" count="0" type="stmt"/>
        <line num="40" count="0" type="stmt"/>
        <line num="43" count="0" type="cond" truecount="0" falsecount="4"/>
        <line num="45" count="0" type="stmt"/>
        <line num="49" count="0" type="cond" truecount="0" falsecount="4"/>
        <line num="51" count="0" type="stmt"/>
        <line num="53" count="0" type="cond" truecount="0" falsecount="4"/>
        <line num="55" count="0" type="stmt"/>
        <line num="59" count="0" type="cond" truecount="0" falsecount="4"/>
        <line num="61" count="0" type="stmt"/>
        <line num="63" count="0" type="stmt"/>
        <line num="66" count="0" type="cond" truecount="0" falsecount="4"/>
        <line num="68" count="0" type="stmt"/>
        <line num="72" count="27" type="cond" truecount="2" falsecount="2"/>
        <line num="74" count="9" type="stmt"/>
        <line num="76" count="18" type="cond" truecount="2" falsecount="2"/>
        <line num="78" count="27" type="stmt"/>
        <line num="82" count="0" type="cond" truecount="0" falsecount="4"/>
        <line num="84" count="0" type="stmt"/>
        <line num="86" count="0" type="stmt"/>
        <line num="89" count="0" type="cond" truecount="0" falsecount="4"/>
        <line num="91" count="0" type="stmt"/>
      </file>
      <file name="Combobox.tsx" path="/Users/joepaulsen/workspace/MCGithubExplorer/src/components/ui/Combobox.tsx">
        <metrics statements="98" coveredstatements="41" conditionals="177" coveredconditionals="51" methods="16" coveredmethods="4"/>
        <line num="15" count="1" type="stmt"/>
        <line num="17" count="0" type="cond" truecount="0" falsecount="4"/>
        <line num="18" count="0" type="stmt"/>
        <line num="21" count="4" type="cond" truecount="1" falsecount="1"/>
        <line num="25" count="16" type="cond" truecount="1" falsecount="1"/>
        <line num="27" count="4" type="stmt"/>
        <line num="29" count="8" type="cond" truecount="1" falsecount="1"/>
        <line num="33" count="4" type="cond" truecount="2" falsecount="3"/>
        <line num="34" count="16" type="stmt"/>
        <line num="38" count="12" type="cond" truecount="2" falsecount="2"/>
        <line num="40" count="4" type="stmt"/>
        <line num="42" count="4" type="cond" truecount="1" falsecount="1"/>
        <line num="43" count="8" type="cond" truecount="1" falsecount="1"/>
        <line num="46" count="4" type="cond" truecount="2" falsecount="2"/>
        <line num="47" count="12" type="stmt"/>
        <line num="51" count="6" type="cond" truecount="1" falsecount="1"/>
        <line num="54" count="6" type="cond" truecount="1" falsecount="1"/>
        <line num="55" count="6" type="cond" truecount="1" falsecount="1"/>
        <line num="56" count="6" type="cond" truecount="3" falsecount="1"/>
        <line num="61" count="42" type="stmt"/>
        <line num="63" count="10" type="cond" truecount="2" falsecount="0"/>
        <line num="64" count="6" type="stmt"/>
        <line num="65" count="10" type="cond" truecount="2" falsecount="2"/>
        <line num="67" count="18" type="cond" truecount="4" falsecount="0"/>
        <line num="68" count="4" type="stmt"/>
        <line num="69" count="4" type="cond" truecount="2" falsecount="0"/>
        <line num="78" count="14" type="cond" truecount="4" falsecount="0"/>
        <line num="79" count="14" type="cond" truecount="6" falsecount="0"/>
        <line num="80" count="14" type="cond" truecount="4" falsecount="2"/>
        <line num="82" count="30" type="stmt"/>
        <line num="86" count="1" type="cond" truecount="1" falsecount="1"/>
        <line num="88" count="1" type="cond" truecount="1" falsecount="1"/>
        <line num="89" count="1" type="cond" truecount="1" falsecount="1"/>
        <line num="90" count="1" type="cond" truecount="1" falsecount="1"/>
        <line num="91" count="1" type="cond" truecount="1" falsecount="1"/>
        <line num="98" count="8" type="stmt"/>
        <line num="100" count="1" type="stmt"/>
        <line num="109" count="1" type="stmt"/>
        <line num="111" count="1" type="cond" truecount="1" falsecount="1"/>
        <line num="112" count="1" type="stmt"/>
        <line num="115" count="2" type="cond" truecount="2" falsecount="3"/>
        <line num="117" count="4" type="cond" truecount="2" falsecount="6"/>
        <line num="119" count="7" type="stmt"/>
        <line num="123" count="0" type="cond" truecount="0" falsecount="4"/>
        <line num="125" count="0" type="stmt"/>
        <line num="127" count="0" type="stmt"/>
        <line num="130" count="0" type="cond" truecount="0" falsecount="4"/>
        <line num="132" count="0" type="stmt"/>
        <line num="136" count="0" type="cond" truecount="0" falsecount="2"/>
        <line num="140" count="0" type="cond" truecount="0" falsecount="2"/>
        <line num="142" count="0" type="stmt"/>
        <line num="144" count="0" type="stmt"/>
        <line num="147" count="0" type="cond" truecount="0" falsecount="2"/>
        <line num="151" count="0" type="stmt"/>
        <line num="157" count="0" type="cond" truecount="0" falsecount="5"/>
        <line num="158" count="0" type="stmt"/>
        <line num="162" count="0" type="cond" truecount="0" falsecount="4"/>
        <line num="164" count="0" type="stmt"/>
        <line num="166" count="0" type="cond" truecount="0" falsecount="4"/>
        <line num="168" count="0" type="stmt"/>
        <line num="172" count="0" type="cond" truecount="0" falsecount="2"/>
        <line num="175" count="0" type="cond" truecount="0" falsecount="2"/>
        <line num="177" count="0" type="stmt"/>
        <line num="179" count="0" type="cond" truecount="0" falsecount="4"/>
        <line num="181" count="0" type="stmt"/>
        <line num="185" count="0" type="cond" truecount="0" falsecount="4"/>
        <line num="187" count="0" type="stmt"/>
        <line num="191" count="0" type="cond" truecount="0" falsecount="4"/>
        <line num="193" count="0" type="stmt"/>
        <line num="195" count="0" type="stmt"/>
        <line num="198" count="0" type="cond" truecount="0" falsecount="4"/>
        <line num="200" count="0" type="stmt"/>
        <line num="204" count="0" type="cond" truecount="0" falsecount="2"/>
        <line num="207" count="0" type="cond" truecount="0" falsecount="2"/>
        <line num="209" count="0" type="stmt"/>
        <line num="211" count="0" type="cond" truecount="0" falsecount="4"/>
        <line num="213" count="0" type="stmt"/>
        <line num="217" count="0" type="cond" truecount="0" falsecount="2"/>
        <line num="221" count="0" type="cond" truecount="0" falsecount="2"/>
        <line num="223" count="0" type="stmt"/>
        <line num="225" count="0" type="stmt"/>
        <line num="228" count="0" type="cond" truecount="0" falsecount="4"/>
        <line num="230" count="0" type="stmt"/>
        <line num="234" count="0" type="cond" truecount="0" falsecount="2"/>
        <line num="237" count="0" type="cond" truecount="0" falsecount="4"/>
        <line num="241" count="0" type="stmt"/>
        <line num="243" count="0" type="stmt"/>
        <line num="245" count="0" type="stmt"/>
        <line num="248" count="0" type="cond" truecount="0" falsecount="2"/>
        <line num="252" count="0" type="cond" truecount="0" falsecount="2"/>
        <line num="260" count="0" type="cond" truecount="0" falsecount="6"/>
        <line num="261" count="0" type="stmt"/>
        <line num="265" count="0" type="cond" truecount="0" falsecount="2"/>
        <line num="268" count="0" type="cond" truecount="0" falsecount="2"/>
        <line num="270" count="0" type="stmt"/>
        <line num="272" count="0" type="cond" truecount="0" falsecount="4"/>
        <line num="274" count="0" type="stmt"/>
        <line num="278" count="0" type="stmt"/>
      </file>
      <file name="Input.tsx" path="/Users/joepaulsen/workspace/MCGithubExplorer/src/components/ui/Input.tsx">
        <metrics statements="6" coveredstatements="6" conditionals="9" coveredconditionals="5" methods="1" coveredmethods="1"/>
        <line num="6" count="80" type="cond" truecount="3" falsecount="1"/>
        <line num="8" count="20" type="stmt"/>
        <line num="11" count="4" type="stmt"/>
        <line num="14" count="24" type="cond" truecount="2" falsecount="3"/>
        <line num="16" count="80" type="stmt"/>
        <line num="20" count="1" type="stmt"/>
      </file>
      <file name="InputGroup.tsx" path="/Users/joepaulsen/workspace/MCGithubExplorer/src/components/ui/InputGroup.tsx">
        <metrics statements="40" coveredstatements="27" conditionals="66" coveredconditionals="27" methods="6" coveredmethods="4"/>
        <line num="8" count="18" type="cond" truecount="3" falsecount="1"/>
        <line num="11" count="6" type="stmt"/>
        <line num="14" count="4" type="stmt"/>
        <line num="17" count="10" type="cond" truecount="2" falsecount="2"/>
        <line num="19" count="18" type="stmt"/>
        <line num="23" count="1" type="stmt"/>
        <line num="44" count="4" type="cond" truecount="1" falsecount="1"/>
        <line num="46" count="4" type="cond" truecount="3" falsecount="3"/>
        <line num="48" count="16" type="stmt"/>
        <line num="52" count="4" type="stmt"/>
        <line num="56" count="12" type="cond" truecount="2" falsecount="3"/>
        <line num="58" count="0" type="cond" truecount="0" falsecount="2"/>
        <line num="61" count="0" type="stmt"/>
        <line num="64" count="16" type="stmt"/>
        <line num="68" count="1" type="stmt"/>
        <line num="86" count="12" type="cond" truecount="1" falsecount="1"/>
        <line num="88" count="12" type="cond" truecount="2" falsecount="0"/>
        <line num="89" count="12" type="cond" truecount="1" falsecount="1"/>
        <line num="90" count="12" type="cond" truecount="5" falsecount="1"/>
        <line num="95" count="72" type="stmt"/>
        <line num="97" count="12" type="stmt"/>
        <line num="101" count="28" type="cond" truecount="2" falsecount="5"/>
        <line num="103" count="72" type="stmt"/>
        <line num="107" count="0" type="cond" truecount="0" falsecount="4"/>
        <line num="109" count="0" type="stmt"/>
        <line num="110" count="0" type="stmt"/>
        <line num="113" count="0" type="cond" truecount="0" falsecount="4"/>
        <line num="115" count="0" type="stmt"/>
        <line num="119" count="20" type="cond" truecount="1" falsecount="1"/>
        <line num="122" count="60" type="cond" truecount="2" falsecount="0"/>
        <line num="124" count="20" type="stmt"/>
        <line num="126" count="4" type="stmt"/>
        <line num="129" count="24" type="cond" truecount="2" falsecount="2"/>
        <line num="131" count="60" type="stmt"/>
        <line num="135" count="0" type="cond" truecount="0" falsecount="2"/>
        <line num="138" count="0" type="cond" truecount="0" falsecount="2"/>
        <line num="140" count="0" type="stmt"/>
        <line num="142" count="0" type="stmt"/>
        <line num="145" count="0" type="cond" truecount="0" falsecount="4"/>
        <line num="147" count="0" type="stmt"/>
      </file>
      <file name="Textarea.tsx" path="/Users/joepaulsen/workspace/MCGithubExplorer/src/components/ui/Textarea.tsx">
        <metrics statements="6" coveredstatements="1" conditionals="8" coveredconditionals="0" methods="1" coveredmethods="0"/>
        <line num="5" count="0" type="cond" truecount="0" falsecount="4"/>
        <line num="7" count="0" type="stmt"/>
        <line num="9" count="0" type="stmt"/>
        <line num="12" count="0" type="cond" truecount="0" falsecount="4"/>
        <line num="14" count="0" type="stmt"/>
        <line num="18" count="1" type="stmt"/>
      </file>
      <file name="spinner.tsx" path="/Users/joepaulsen/workspace/MCGithubExplorer/src/components/ui/spinner.tsx">
        <metrics statements="5" coveredstatements="5" conditionals="8" coveredconditionals="4" methods="1" coveredmethods="1"/>
        <line num="4" count="3" type="cond" truecount="2" falsecount="2"/>
        <line num="6" count="1" type="stmt"/>
        <line num="9" count="2" type="cond" truecount="2" falsecount="2"/>
        <line num="11" count="3" type="stmt"/>
        <line num="15" count="1" type="stmt"/>
      </file>
    </package>
    <package name="src.hooks">
      <metrics statements="18" coveredstatements="18" conditionals="20" coveredconditionals="19" methods="8" coveredmethods="8"/>
      <file name="useDebounce.ts" path="/Users/joepaulsen/workspace/MCGithubExplorer/src/hooks/useDebounce.ts">
        <metrics statements="6" coveredstatements="6" conditionals="6" coveredconditionals="5" methods="4" coveredmethods="4"/>
        <line num="3" count="17" type="cond" truecount="1" falsecount="1"/>
        <line num="4" count="17" type="cond" truecount="4" falsecount="0"/>
        <line num="6" count="17" type="stmt"/>
        <line num="7" count="14" type="stmt"/>
        <line num="8" count="14" type="stmt"/>
        <line num="9" count="62" type="stmt"/>
      </file>
      <file name="useGetUser.ts" path="/Users/joepaulsen/workspace/MCGithubExplorer/src/hooks/useGetUser.ts">
        <metrics statements="6" coveredstatements="6" conditionals="7" coveredconditionals="7" methods="2" coveredmethods="2"/>
        <line num="4" count="3" type="cond" truecount="2" falsecount="0"/>
        <line num="5" count="2" type="stmt"/>
        <line num="6" count="2" type="stmt"/>
        <line num="7" count="8" type="stmt"/>
        <line num="8" count="3" type="cond" truecount="5" falsecount="0"/>
        <line num="9" count="9" type="stmt"/>
      </file>
      <file name="useSearchSuggestions.ts" path="/Users/joepaulsen/workspace/MCGithubExplorer/src/hooks/useSearchSuggestions.ts">
        <metrics statements="6" coveredstatements="6" conditionals="7" coveredconditionals="7" methods="2" coveredmethods="2"/>
        <line num="4" count="4" type="cond" truecount="2" falsecount="0"/>
        <line num="5" count="3" type="stmt"/>
        <line num="6" count="3" type="stmt"/>
        <line num="7" count="11" type="stmt"/>
        <line num="8" count="4" type="cond" truecount="5" falsecount="0"/>
        <line num="10" count="13" type="stmt"/>
      </file>
    </package>
    <package name="src.lib">
      <metrics statements="1" coveredstatements="1" conditionals="0" coveredconditionals="0" methods="1" coveredmethods="1"/>
      <file name="utils.ts" path="/Users/joepaulsen/workspace/MCGithubExplorer/src/lib/utils.ts">
        <metrics statements="1" coveredstatements="1" conditionals="0" coveredconditionals="0" methods="1" coveredmethods="1"/>
        <line num="5" count="97" type="stmt"/>
      </file>
    </package>
    <package name="src.services">
      <metrics statements="6" coveredstatements="6" conditionals="0" coveredconditionals="0" methods="2" coveredmethods="2"/>
      <file name="getGithubUser.ts" path="/Users/joepaulsen/workspace/MCGithubExplorer/src/services/getGithubUser.ts">
        <metrics statements="3" coveredstatements="3" conditionals="0" coveredconditionals="0" methods="1" coveredmethods="1"/>
        <line num="4" count="3" type="stmt"/>
        <line num="5" count="2" type="stmt"/>
        <line num="9" count="2" type="stmt"/>
      </file>
      <file name="searchGithubUsers.ts" path="/Users/joepaulsen/workspace/MCGithubExplorer/src/services/searchGithubUsers.ts">
        <metrics statements="3" coveredstatements="3" conditionals="0" coveredconditionals="0" methods="1" coveredmethods="1"/>
        <line num="3" count="3" type="stmt"/>
        <line num="4" count="2" type="stmt"/>
        <line num="7" count="2" type="stmt"/>
      </file>
    </package>
  </project>
</coverage>
