<?xml version="1.0" encoding="UTF-8"?>
<coverage generated="1777511457327" clover="3.2.0">
  <project timestamp="1777511457327" name="All files">
    <metrics statements="366" coveredstatements="258" conditionals="589" coveredconditionals="262" methods="60" coveredmethods="40" elements="1015" coveredelements="560" complexity="0" loc="366" ncloc="366" packages="7" files="22" classes="22"/>
    <package name="src">
      <metrics statements="10" coveredstatements="10" conditionals="10" coveredconditionals="7" methods="1" coveredmethods="1"/>
      <file name="App.tsx" path="/Users/joepaulsen/workspace/MCGithubExplorer/src/App.tsx">
        <metrics statements="10" coveredstatements="10" conditionals="10" coveredconditionals="7" methods="1" coveredmethods="1"/>
        <line num="9" count="5" type="stmt"/>
        <line num="10" count="5" type="stmt"/>
        <line num="12" count="5" type="stmt"/>
        <line num="14" count="5" type="stmt"/>
        <line num="15" count="5" type="stmt"/>
        <line num="16" count="5" type="cond" truecount="1" falsecount="1"/>
        <line num="19" count="5" type="stmt"/>
        <line num="21" count="5" type="stmt"/>
        <line num="25" count="5" type="cond" truecount="2" falsecount="2"/>
        <line num="40" count="5" type="stmt"/>
      </file>
    </package>
    <package name="src.api">
      <metrics statements="1" coveredstatements="1" conditionals="0" coveredconditionals="0" methods="0" coveredmethods="0"/>
      <file name="client.ts" path="/Users/joepaulsen/workspace/MCGithubExplorer/src/api/client.ts">
        <metrics statements="1" coveredstatements="1" conditionals="0" coveredconditionals="0" methods="0" coveredmethods="0"/>
        <line num="3" count="4" type="stmt"/>
      </file>
    </package>
    <package name="src.components.shared">
      <metrics statements="69" coveredstatements="64" conditionals="130" coveredconditionals="79" methods="5" coveredmethods="4"/>
      <file name="GithubRepoCard.tsx" path="/Users/joepaulsen/workspace/MCGithubExplorer/src/components/shared/GithubRepoCard.tsx">
        <metrics statements="22" coveredstatements="22" conditionals="44" coveredconditionals="27" methods="1" coveredmethods="1"/>
        <line num="10" count="13" type="stmt"/>
        <line num="11" count="13" type="stmt"/>
        <line num="14" count="13" type="cond" truecount="2" falsecount="2"/>
        <line num="15" count="13" type="stmt"/>
        <line num="16" count="13" type="stmt"/>
        <line num="17" count="13" type="stmt"/>
        <line num="26" count="13" type="cond" truecount="1" falsecount="1"/>
        <line num="27" count="13" type="cond" truecount="2" falsecount="0"/>
        <line num="29" count="13" type="cond" truecount="2" falsecount="2"/>
        <line num="30" count="13" type="cond" truecount="3" falsecount="0"/>
        <line num="44" count="13" type="cond" truecount="2" falsecount="3"/>
        <line num="45" count="13" type="cond" truecount="1" falsecount="1"/>
        <line num="46" count="13" type="stmt"/>
        <line num="47" count="13" type="stmt"/>
        <line num="48" count="13" type="cond" truecount="1" falsecount="1"/>
        <line num="50" count="13" type="cond" truecount="1" falsecount="1"/>
        <line num="51" count="13" type="cond" truecount="2" falsecount="0"/>
        <line num="53" count="13" type="cond" truecount="2" falsecount="2"/>
        <line num="54" count="13" type="cond" truecount="2" falsecount="2"/>
        <line num="55" count="13" type="cond" truecount="2" falsecount="2"/>
        <line num="56" count="13" type="stmt"/>
        <line num="60" count="1" type="stmt"/>
      </file>
      <file name="GithubUserCard.tsx" path="/Users/joepaulsen/workspace/MCGithubExplorer/src/components/shared/GithubUserCard.tsx">
        <metrics statements="29" coveredstatements="28" conditionals="59" coveredconditionals="32" methods="1" coveredmethods="1"/>
        <line num="8" count="9" type="stmt"/>
        <line num="18" count="9" type="cond" truecount="2" falsecount="2"/>
        <line num="19" count="9" type="cond" truecount="2" falsecount="0"/>
        <line num="20" count="9" type="cond" truecount="3" falsecount="1"/>
        <line num="22" count="9" type="cond" truecount="1" falsecount="1"/>
        <line num="23" count="9" type="stmt"/>
        <line num="24" count="9" type="cond" truecount="1" falsecount="1"/>
        <line num="25" count="9" type="cond" truecount="1" falsecount="1"/>
        <line num="26" count="9" type="cond" truecount="2" falsecount="3"/>
        <line num="27" count="0" type="stmt"/>
        <line num="29" count="9" type="cond" truecount="2" falsecount="2"/>
        <line num="30" count="9" type="stmt"/>
        <line num="32" count="9" type="stmt"/>
        <line num="33" count="9" type="cond" truecount="1" falsecount="1"/>
        <line num="34" count="9" type="cond" truecount="2" falsecount="2"/>
        <line num="35" count="9" type="cond" truecount="1" falsecount="1"/>
        <line num="36" count="9" type="stmt"/>
        <line num="37" count="9" type="stmt"/>
        <line num="38" count="9" type="stmt"/>
        <line num="39" count="9" type="cond" truecount="4" falsecount="2"/>
        <line num="40" count="9" type="cond" truecount="1" falsecount="1"/>
        <line num="41" count="9" type="cond" truecount="3" falsecount="1"/>
        <line num="42" count="9" type="stmt"/>
        <line num="43" count="27" type="stmt"/>
        <line num="48" count="9" type="cond" truecount="2" falsecount="4"/>
        <line num="49" count="9" type="cond" truecount="2" falsecount="2"/>
        <line num="51" count="9" type="cond" truecount="2" falsecount="2"/>
        <line num="52" count="9" type="stmt"/>
        <line num="56" count="1" type="stmt"/>
      </file>
      <file name="SearchBar.tsx" path="/Users/joepaulsen/workspace/MCGithubExplorer/src/components/shared/SearchBar.tsx">
        <metrics statements="18" coveredstatements="14" conditionals="27" coveredconditionals="20" methods="3" coveredmethods="2"/>
        <line num="19" count="7" type="stmt"/>
        <line num="20" count="7" type="stmt"/>
        <line num="21" count="7" type="stmt"/>
        <line num="23" count="7" type="cond" truecount="2" falsecount="0"/>
        <line num="26" count="7" type="stmt"/>
        <line num="30" count="4" type="stmt"/>
        <line num="31" count="0" type="cond" truecount="0" falsecount="2"/>
        <line num="32" count="0" type="cond" truecount="0" falsecount="2"/>
        <line num="33" count="7" type="cond" truecount="2" falsecount="0"/>
        <line num="35" count="6" type="stmt"/>
        <line num="38" count="7" type="cond" truecount="2" falsecount="0"/>
        <line num="40" count="7" type="cond" truecount="4" falsecount="0"/>
        <line num="41" count="5" type="cond" truecount="2" falsecount="0"/>
        <line num="57" count="0" type="stmt"/>
        <line num="58" count="0" type="stmt"/>
        <line num="71" count="7" type="cond" truecount="6" falsecount="1"/>
        <line num="73" count="7" type="stmt"/>
        <line num="77" count="1" type="stmt"/>
      </file>
    </package>
    <package name="src.components.ui">
      <metrics statements="259" coveredstatements="156" conditionals="425" coveredconditionals="153" methods="42" coveredmethods="23"/>
      <file name="Avatar.tsx" path="/Users/joepaulsen/workspace/MCGithubExplorer/src/components/ui/Avatar.tsx">
        <metrics statements="34" coveredstatements="17" conditionals="51" coveredconditionals="14" methods="6" coveredmethods="3"/>
        <line num="6" count="15" type="cond" truecount="1" falsecount="1"/>
        <line num="8" count="15" type="cond" truecount="3" falsecount="1"/>
        <line num="12" count="0" type="stmt"/>
        <line num="14" count="15" type="stmt"/>
        <line num="17" count="15" type="stmt"/>
        <line num="20" count="15" type="cond" truecount="2" falsecount="3"/>
        <line num="22" count="15" type="stmt"/>
        <line num="26" count="9" type="cond" truecount="2" falsecount="2"/>
        <line num="28" count="9" type="stmt"/>
        <line num="30" count="9" type="stmt"/>
        <line num="33" count="9" type="cond" truecount="2" falsecount="2"/>
        <line num="35" count="9" type="stmt"/>
        <line num="39" count="11" type="cond" truecount="1" falsecount="1"/>
        <line num="42" count="11" type="cond" truecount="1" falsecount="1"/>
        <line num="44" count="11" type="stmt"/>
        <line num="46" count="11" type="stmt"/>
        <line num="49" count="11" type="cond" truecount="2" falsecount="2"/>
        <line num="51" count="11" type="stmt"/>
        <line num="55" count="0" type="cond" truecount="0" falsecount="4"/>
        <line num="57" count="0" type="stmt"/>
        <line num="59" count="0" type="stmt"/>
        <line num="65" count="0" type="cond" truecount="0" falsecount="4"/>
        <line num="67" count="0" type="stmt"/>
        <line num="71" count="0" type="cond" truecount="0" falsecount="4"/>
        <line num="73" count="0" type="stmt"/>
        <line num="75" count="0" type="stmt"/>
        <line num="78" count="0" type="cond" truecount="0" falsecount="4"/>
        <line num="80" count="0" type="stmt"/>
        <line num="84" count="0" type="cond" truecount="0" falsecount="2"/>
        <line num="87" count="0" type="cond" truecount="0" falsecount="2"/>
        <line num="89" count="0" type="stmt"/>
        <line num="91" count="0" type="stmt"/>
        <line num="94" count="0" type="cond" truecount="0" falsecount="4"/>
        <line num="96" count="0" type="stmt"/>
      </file>
      <file name="Badge.tsx" path="/Users/joepaulsen/workspace/MCGithubExplorer/src/components/ui/Badge.tsx">
        <metrics statements="10" coveredstatements="10" conditionals="12" coveredconditionals="6" methods="1" coveredmethods="1"/>
        <line num="7" count="1" type="stmt"/>
        <line num="30" count="10" type="cond" truecount="1" falsecount="1"/>
        <line num="32" count="10" type="cond" truecount="2" falsecount="0"/>
        <line num="36" count="10" type="stmt"/>
        <line num="37" count="10" type="stmt"/>
        <line num="38" count="10" type="stmt"/>
        <line num="43" count="10" type="cond" truecount="1" falsecount="1"/>
        <line num="45" count="10" type="stmt"/>
        <line num="48" count="10" type="cond" truecount="2" falsecount="4"/>
        <line num="49" count="10" type="stmt"/>
      </file>
      <file name="Button.tsx" path="/Users/joepaulsen/workspace/MCGithubExplorer/src/components/ui/Button.tsx">
        <metrics statements="9" coveredstatements="8" conditionals="15" coveredconditionals="11" methods="1" coveredmethods="1"/>
        <line num="6" count="2" type="stmt"/>
        <line num="43" count="24" type="cond" truecount="1" falsecount="1"/>
        <line num="45" count="24" type="cond" truecount="2" falsecount="0"/>
        <line num="46" count="24" type="cond" truecount="6" falsecount="1"/>
        <line num="48" count="0" type="stmt"/>
        <line num="50" count="24" type="stmt"/>
        <line num="52" count="24" type="cond" truecount="2" falsecount="2"/>
        <line num="54" count="24" type="stmt"/>
        <line num="58" count="2" type="stmt"/>
      </file>
      <file name="Card.tsx" path="/Users/joepaulsen/workspace/MCGithubExplorer/src/components/ui/Card.tsx">
        <metrics statements="35" coveredstatements="29" conditionals="59" coveredconditionals="26" methods="7" coveredmethods="6"/>
        <line num="5" count="31" type="cond" truecount="1" falsecount="1"/>
        <line num="7" count="31" type="cond" truecount="3" falsecount="1"/>
        <line num="9" count="0" type="stmt"/>
        <line num="11" count="31" type="stmt"/>
        <line num="14" count="31" type="stmt"/>
        <line num="17" count="31" type="cond" truecount="2" falsecount="3"/>
        <line num="19" count="31" type="stmt"/>
        <line num="23" count="1" type="cond" truecount="2" falsecount="2"/>
        <line num="25" count="1" type="stmt"/>
        <line num="27" count="1" type="stmt"/>
        <line num="30" count="1" type="cond" truecount="2" falsecount="2"/>
        <line num="32" count="1" type="stmt"/>
        <line num="36" count="1" type="cond" truecount="2" falsecount="2"/>
        <line num="38" count="1" type="stmt"/>
        <line num="40" count="1" type="stmt"/>
        <line num="43" count="1" type="cond" truecount="2" falsecount="2"/>
        <line num="45" count="1" type="stmt"/>
        <line num="49" count="1" type="cond" truecount="2" falsecount="2"/>
        <line num="51" count="1" type="stmt"/>
        <line num="53" count="1" type="cond" truecount="2" falsecount="2"/>
        <line num="55" count="1" type="stmt"/>
        <line num="59" count="0" type="cond" truecount="0" falsecount="4"/>
        <line num="61" count="0" type="stmt"/>
        <line num="63" count="0" type="stmt"/>
        <line num="66" count="0" type="cond" truecount="0" falsecount="4"/>
        <line num="68" count="0" type="stmt"/>
        <line num="72" count="23" type="cond" truecount="2" falsecount="2"/>
        <line num="74" count="23" type="stmt"/>
        <line num="76" count="23" type="cond" truecount="2" falsecount="2"/>
        <line num="78" count="23" type="stmt"/>
        <line num="82" count="1" type="cond" truecount="2" falsecount="2"/>
        <line num="84" count="1" type="stmt"/>
        <line num="86" count="1" type="stmt"/>
        <line num="89" count="1" type="cond" truecount="2" falsecount="2"/>
        <line num="91" count="1" type="stmt"/>
      </file>
      <file name="Combobox.tsx" path="/Users/joepaulsen/workspace/MCGithubExplorer/src/components/ui/Combobox.tsx">
        <metrics statements="99" coveredstatements="40" conditionals="177" coveredconditionals="51" methods="16" coveredmethods="4"/>
        <line num="1" count="1" type="stmt"/>
        <line num="15" count="1" type="stmt"/>
        <line num="17" count="0" type="cond" truecount="0" falsecount="4"/>
        <line num="18" count="0" type="stmt"/>
        <line num="21" count="4" type="cond" truecount="1" falsecount="1"/>
        <line num="25" count="4" type="cond" truecount="1" falsecount="1"/>
        <line num="27" count="4" type="stmt"/>
        <line num="29" count="4" type="cond" truecount="1" falsecount="1"/>
        <line num="33" count="4" type="cond" truecount="2" falsecount="3"/>
        <line num="34" count="4" type="stmt"/>
        <line num="38" count="4" type="cond" truecount="2" falsecount="2"/>
        <line num="40" count="4" type="stmt"/>
        <line num="42" count="4" type="cond" truecount="1" falsecount="1"/>
        <line num="43" count="4" type="cond" truecount="1" falsecount="1"/>
        <line num="46" count="4" type="cond" truecount="2" falsecount="2"/>
        <line num="47" count="4" type="stmt"/>
        <line num="51" count="6" type="cond" truecount="1" falsecount="1"/>
        <line num="54" count="6" type="cond" truecount="1" falsecount="1"/>
        <line num="55" count="6" type="cond" truecount="1" falsecount="1"/>
        <line num="56" count="6" type="cond" truecount="3" falsecount="1"/>
        <line num="61" count="0" type="stmt"/>
        <line num="63" count="6" type="cond" truecount="2" falsecount="0"/>
        <line num="64" count="6" type="stmt"/>
        <line num="65" count="6" type="cond" truecount="2" falsecount="2"/>
        <line num="67" count="6" type="cond" truecount="4" falsecount="0"/>
        <line num="68" count="4" type="stmt"/>
        <line num="69" count="4" type="cond" truecount="2" falsecount="0"/>
        <line num="78" count="6" type="cond" truecount="4" falsecount="0"/>
        <line num="79" count="6" type="cond" truecount="6" falsecount="0"/>
        <line num="80" count="6" type="cond" truecount="4" falsecount="2"/>
        <line num="82" count="6" type="stmt"/>
        <line num="86" count="1" type="cond" truecount="1" falsecount="1"/>
        <line num="88" count="1" type="cond" truecount="1" falsecount="1"/>
        <line num="89" count="1" type="cond" truecount="1" falsecount="1"/>
        <line num="90" count="1" type="cond" truecount="1" falsecount="1"/>
        <line num="91" count="1" type="cond" truecount="1" falsecount="1"/>
        <line num="98" count="0" type="stmt"/>
        <line num="100" count="1" type="stmt"/>
        <line num="109" count="1" type="stmt"/>
        <line num="111" count="1" type="cond" truecount="1" falsecount="1"/>
        <line num="112" count="1" type="stmt"/>
        <line num="115" count="1" type="cond" truecount="2" falsecount="3"/>
        <line num="117" count="1" type="cond" truecount="2" falsecount="6"/>
        <line num="119" count="1" type="stmt"/>
        <line num="123" count="0" type="cond" truecount="0" falsecount="4"/>
        <line num="125" count="0" type="stmt"/>
        <line num="127" count="0" type="stmt"/>
        <line num="130" count="0" type="cond" truecount="0" falsecount="4"/>
        <line num="132" count="0" type="stmt"/>
        <line num="136" count="0" type="cond" truecount="0" falsecount="2"/>
        <line num="140" count="0" type="cond" truecount="0" falsecount="2"/>
        <line num="142" count="0" type="stmt"/>
        <line num="144" count="0" type="stmt"/>
        <line num="147" count="0" type="cond" truecount="0" falsecount="2"/>
        <line num="151" count="0" type="stmt"/>
        <line num="157" count="0" type="cond" truecount="0" falsecount="5"/>
        <line num="158" count="0" type="stmt"/>
        <line num="162" count="0" type="cond" truecount="0" falsecount="4"/>
        <line num="164" count="0" type="stmt"/>
        <line num="166" count="0" type="cond" truecount="0" falsecount="4"/>
        <line num="168" count="0" type="stmt"/>
        <line num="172" count="0" type="cond" truecount="0" falsecount="2"/>
        <line num="175" count="0" type="cond" truecount="0" falsecount="2"/>
        <line num="177" count="0" type="stmt"/>
        <line num="179" count="0" type="cond" truecount="0" falsecount="4"/>
        <line num="181" count="0" type="stmt"/>
        <line num="185" count="0" type="cond" truecount="0" falsecount="4"/>
        <line num="187" count="0" type="stmt"/>
        <line num="191" count="0" type="cond" truecount="0" falsecount="4"/>
        <line num="193" count="0" type="stmt"/>
        <line num="195" count="0" type="stmt"/>
        <line num="198" count="0" type="cond" truecount="0" falsecount="4"/>
        <line num="200" count="0" type="stmt"/>
        <line num="204" count="0" type="cond" truecount="0" falsecount="2"/>
        <line num="207" count="0" type="cond" truecount="0" falsecount="2"/>
        <line num="209" count="0" type="stmt"/>
        <line num="211" count="0" type="cond" truecount="0" falsecount="4"/>
        <line num="213" count="0" type="stmt"/>
        <line num="217" count="0" type="cond" truecount="0" falsecount="2"/>
        <line num="221" count="0" type="cond" truecount="0" falsecount="2"/>
        <line num="223" count="0" type="stmt"/>
        <line num="225" count="0" type="stmt"/>
        <line num="228" count="0" type="cond" truecount="0" falsecount="4"/>
        <line num="230" count="0" type="stmt"/>
        <line num="234" count="0" type="cond" truecount="0" falsecount="2"/>
        <line num="237" count="0" type="cond" truecount="0" falsecount="4"/>
        <line num="241" count="0" type="stmt"/>
        <line num="243" count="0" type="stmt"/>
        <line num="245" count="0" type="stmt"/>
        <line num="248" count="0" type="cond" truecount="0" falsecount="2"/>
        <line num="252" count="0" type="cond" truecount="0" falsecount="2"/>
        <line num="260" count="0" type="cond" truecount="0" falsecount="6"/>
        <line num="261" count="0" type="stmt"/>
        <line num="265" count="0" type="cond" truecount="0" falsecount="2"/>
        <line num="268" count="0" type="cond" truecount="0" falsecount="2"/>
        <line num="270" count="0" type="stmt"/>
        <line num="272" count="0" type="cond" truecount="0" falsecount="4"/>
        <line num="274" count="0" type="stmt"/>
        <line num="278" count="0" type="stmt"/>
      </file>
      <file name="Input.tsx" path="/Users/joepaulsen/workspace/MCGithubExplorer/src/components/ui/Input.tsx">
        <metrics statements="6" coveredstatements="6" conditionals="9" coveredconditionals="5" methods="1" coveredmethods="1"/>
        <line num="6" count="27" type="cond" truecount="3" falsecount="1"/>
        <line num="8" count="27" type="stmt"/>
        <line num="11" count="11" type="stmt"/>
        <line num="14" count="27" type="cond" truecount="2" falsecount="3"/>
        <line num="16" count="27" type="stmt"/>
        <line num="20" count="2" type="stmt"/>
      </file>
      <file name="InputGroup.tsx" path="/Users/joepaulsen/workspace/MCGithubExplorer/src/components/ui/InputGroup.tsx">
        <metrics statements="40" coveredstatements="25" conditionals="66" coveredconditionals="27" methods="6" coveredmethods="4"/>
        <line num="8" count="6" type="cond" truecount="3" falsecount="1"/>
        <line num="11" count="6" type="stmt"/>
        <line num="14" count="4" type="stmt"/>
        <line num="17" count="6" type="cond" truecount="2" falsecount="2"/>
        <line num="19" count="6" type="stmt"/>
        <line num="23" count="1" type="stmt"/>
        <line num="44" count="4" type="cond" truecount="1" falsecount="1"/>
        <line num="46" count="4" type="cond" truecount="3" falsecount="3"/>
        <line num="48" count="0" type="stmt"/>
        <line num="52" count="4" type="stmt"/>
        <line num="56" count="4" type="cond" truecount="2" falsecount="3"/>
        <line num="58" count="0" type="cond" truecount="0" falsecount="2"/>
        <line num="61" count="0" type="stmt"/>
        <line num="64" count="4" type="stmt"/>
        <line num="68" count="1" type="stmt"/>
        <line num="86" count="12" type="cond" truecount="1" falsecount="1"/>
        <line num="88" count="12" type="cond" truecount="2" falsecount="0"/>
        <line num="89" count="12" type="cond" truecount="1" falsecount="1"/>
        <line num="90" count="12" type="cond" truecount="5" falsecount="1"/>
        <line num="95" count="0" type="stmt"/>
        <line num="97" count="12" type="stmt"/>
        <line num="101" count="12" type="cond" truecount="2" falsecount="5"/>
        <line num="103" count="12" type="stmt"/>
        <line num="107" count="0" type="cond" truecount="0" falsecount="4"/>
        <line num="109" count="0" type="stmt"/>
        <line num="110" count="0" type="stmt"/>
        <line num="113" count="0" type="cond" truecount="0" falsecount="4"/>
        <line num="115" count="0" type="stmt"/>
        <line num="119" count="20" type="cond" truecount="1" falsecount="1"/>
        <line num="122" count="20" type="cond" truecount="2" falsecount="0"/>
        <line num="124" count="20" type="stmt"/>
        <line num="126" count="4" type="stmt"/>
        <line num="129" count="20" type="cond" truecount="2" falsecount="2"/>
        <line num="131" count="20" type="stmt"/>
        <line num="135" count="0" type="cond" truecount="0" falsecount="2"/>
        <line num="138" count="0" type="cond" truecount="0" falsecount="2"/>
        <line num="140" count="0" type="stmt"/>
        <line num="142" count="0" type="stmt"/>
        <line num="145" count="0" type="cond" truecount="0" falsecount="4"/>
        <line num="147" count="0" type="stmt"/>
      </file>
      <file name="Spinner.tsx" path="/Users/joepaulsen/workspace/MCGithubExplorer/src/components/ui/Spinner.tsx">
        <metrics statements="5" coveredstatements="5" conditionals="8" coveredconditionals="4" methods="1" coveredmethods="1"/>
        <line num="4" count="3" type="cond" truecount="2" falsecount="2"/>
        <line num="6" count="3" type="stmt"/>
        <line num="9" count="3" type="cond" truecount="2" falsecount="2"/>
        <line num="11" count="3" type="stmt"/>
        <line num="15" count="1" type="stmt"/>
      </file>
      <file name="Textarea.tsx" path="/Users/joepaulsen/workspace/MCGithubExplorer/src/components/ui/Textarea.tsx">
        <metrics statements="6" coveredstatements="1" conditionals="8" coveredconditionals="0" methods="1" coveredmethods="0"/>
        <line num="5" count="0" type="cond" truecount="0" falsecount="4"/>
        <line num="7" count="0" type="stmt"/>
        <line num="9" count="0" type="stmt"/>
        <line num="12" count="0" type="cond" truecount="0" falsecount="4"/>
        <line num="14" count="0" type="stmt"/>
        <line num="18" count="1" type="stmt"/>
      </file>
      <file name="badge.tsx" path="/Users/joepaulsen/workspace/MCGithubExplorer/src/components/ui/badge.tsx">
        <metrics statements="10" coveredstatements="10" conditionals="12" coveredconditionals="5" methods="1" coveredmethods="1"/>
        <line num="7" count="1" type="stmt"/>
        <line num="30" count="13" type="cond" truecount="1" falsecount="1"/>
        <line num="32" count="13" type="cond" truecount="1" falsecount="1"/>
        <line num="36" count="13" type="stmt"/>
        <line num="37" count="13" type="stmt"/>
        <line num="38" count="13" type="stmt"/>
        <line num="43" count="13" type="cond" truecount="1" falsecount="1"/>
        <line num="45" count="13" type="stmt"/>
        <line num="48" count="13" type="cond" truecount="2" falsecount="4"/>
        <line num="49" count="13" type="stmt"/>
      </file>
      <file name="spinner.tsx" path="/Users/joepaulsen/workspace/MCGithubExplorer/src/components/ui/spinner.tsx">
        <metrics statements="5" coveredstatements="5" conditionals="8" coveredconditionals="4" methods="1" coveredmethods="1"/>
        <line num="4" count="1" type="cond" truecount="2" falsecount="2"/>
        <line num="6" count="1" type="stmt"/>
        <line num="9" count="1" type="cond" truecount="2" falsecount="2"/>
        <line num="11" count="1" type="stmt"/>
        <line num="15" count="1" type="stmt"/>
      </file>
    </package>
    <package name="src.hooks">
      <metrics statements="18" coveredstatements="18" conditionals="20" coveredconditionals="19" methods="8" coveredmethods="8"/>
      <file name="useDebounce.ts" path="/Users/joepaulsen/workspace/MCGithubExplorer/src/hooks/useDebounce.ts">
        <metrics statements="6" coveredstatements="6" conditionals="6" coveredconditionals="5" methods="4" coveredmethods="4"/>
        <line num="3" count="17" type="cond" truecount="1" falsecount="1"/>
        <line num="4" count="17" type="cond" truecount="4" falsecount="0"/>
        <line num="6" count="17" type="stmt"/>
        <line num="7" count="14" type="stmt"/>
        <line num="8" count="14" type="stmt"/>
        <line num="9" count="17" type="stmt"/>
      </file>
      <file name="useGetUser.ts" path="/Users/joepaulsen/workspace/MCGithubExplorer/src/hooks/useGetUser.ts">
        <metrics statements="6" coveredstatements="6" conditionals="7" coveredconditionals="7" methods="2" coveredmethods="2"/>
        <line num="4" count="3" type="cond" truecount="2" falsecount="0"/>
        <line num="5" count="2" type="stmt"/>
        <line num="6" count="2" type="stmt"/>
        <line num="7" count="2" type="stmt"/>
        <line num="8" count="3" type="cond" truecount="5" falsecount="0"/>
        <line num="9" count="3" type="stmt"/>
      </file>
      <file name="useSearchSuggestions.ts" path="/Users/joepaulsen/workspace/MCGithubExplorer/src/hooks/useSearchSuggestions.ts">
        <metrics statements="6" coveredstatements="6" conditionals="7" coveredconditionals="7" methods="2" coveredmethods="2"/>
        <line num="4" count="4" type="cond" truecount="2" falsecount="0"/>
        <line num="5" count="3" type="stmt"/>
        <line num="6" count="3" type="stmt"/>
        <line num="7" count="3" type="stmt"/>
        <line num="8" count="4" type="cond" truecount="5" falsecount="0"/>
        <line num="10" count="4" type="stmt"/>
      </file>
    </package>
    <package name="src.lib">
      <metrics statements="3" coveredstatements="3" conditionals="4" coveredconditionals="4" methods="2" coveredmethods="2"/>
      <file name="utils.ts" path="/Users/joepaulsen/workspace/MCGithubExplorer/src/lib/utils.ts">
        <metrics statements="3" coveredstatements="3" conditionals="4" coveredconditionals="4" methods="2" coveredmethods="2"/>
        <line num="5" count="189" type="stmt"/>
        <line num="8" count="11" type="stmt"/>
        <line num="19" count="15" type="cond" truecount="4" falsecount="0"/>
      </file>
    </package>
    <package name="src.services">
      <metrics statements="6" coveredstatements="6" conditionals="0" coveredconditionals="0" methods="2" coveredmethods="2"/>
      <file name="getGithubUser.ts" path="/Users/joepaulsen/workspace/MCGithubExplorer/src/services/getGithubUser.ts">
        <metrics statements="3" coveredstatements="3" conditionals="0" coveredconditionals="0" methods="1" coveredmethods="1"/>
        <line num="4" count="3" type="stmt"/>
        <line num="5" count="2" type="stmt"/>
        <line num="9" count="2" type="stmt"/>
      </file>
      <file name="searchGithubUsers.ts" path="/Users/joepaulsen/workspace/MCGithubExplorer/src/services/searchGithubUsers.ts">
        <metrics statements="3" coveredstatements="3" conditionals="0" coveredconditionals="0" methods="1" coveredmethods="1"/>
        <line num="4" count="3" type="stmt"/>
        <line num="5" count="2" type="stmt"/>
        <line num="8" count="2" type="stmt"/>
      </file>
    </package>
  </project>
</coverage>
