{"/Users/joepaulsen/workspace/MCGithubExplorer/src/App.tsx": {"path":"/Users/joepaulsen/workspace/MCGithubExplorer/src/App.tsx","statementMap":{"0":{"start":{"line":9,"column":0},"end":{"line":9,"column":null}},"1":{"start":{"line":10,"column":1},"end":{"line":10,"column":45}},"2":{"start":{"line":12,"column":1},"end":{"line":12,"column":50}},"3":{"start":{"line":14,"column":1},"end":{"line":14,"column":null}},"4":{"start":{"line":15,"column":1},"end":{"line":15,"column":null}},"5":{"start":{"line":16,"column":1},"end":{"line":16,"column":null}},"6":{"start":{"line":16,"column":38},"end":{"line":25,"column":null}},"7":{"start":{"line":21,"column":4},"end":{"line":24,"column":null}},"8":{"start":{"line":25,"column":4},"end":{"line":25,"column":null}},"9":{"start":{"line":25,"column":39},"end":{"line":25,"column":null}},"10":{"start":{"line":25,"column":39},"end":{"line":40,"column":null}},"11":{"start":{"line":19,"column":2},"end":{"line":40,"column":null}},"12":{"start":{"line":40,"column":8},"end":{"line":40,"column":null}},"13":{"start":{"line":40,"column":8},"end":{"line":19,"column":17}},"14":{"start":{"line":9,"column":0},"end":{"line":30,"column":null}}},"fnMap":{"0":{"name":"App","decl":{"start":{"line":9,"column":0},"end":{"line":9,"column":null}},"loc":{"start":{"line":9,"column":0},"end":{"line":19,"column":17}},"line":9}},"branchMap":{"0":{"loc":{"start":{"line":16,"column":38},"end":{"line":25,"column":null}},"type":"if","locations":[{"start":{"line":16,"column":38},"end":{"line":25,"column":null}},{"start":{"line":25,"column":39},"end":{"line":25,"column":null}}],"line":16},"1":{"loc":{"start":{"line":25,"column":39},"end":{"line":40,"column":null}},"type":"if","locations":[{"start":{"line":25,"column":39},"end":{"line":40,"column":null}},{"start":{"line":40,"column":8},"end":{"line":40,"column":null}}],"line":25},"2":{"loc":{"start":{"line":25,"column":39},"end":{"line":25,"column":null}},"type":"binary-expr","locations":[{"start":{"line":25,"column":39},"end":{"line":25,"column":null}},{"start":{"line":25,"column":39},"end":{"line":25,"column":null}}],"line":25},"3":{"loc":{"start":{"line":26,"column":5},"end":{"line":37,"column":null}},"type":"cond-expr","locations":[{"start":{"line":26,"column":5},"end":{"line":38,"column":null}},{"start":{"line":34,"column":5},"end":{"line":37,"column":null}}],"line":26},"4":{"loc":{"start":{"line":28,"column":7},"end":{"line":29,"column":11}},"type":"binary-expr","locations":[{"start":{"line":28,"column":7},"end":{"line":28,"column":21}},{"start":{"line":28,"column":21},"end":{"line":29,"column":11}}],"line":28}},"s":{"0":5,"1":5,"2":5,"3":5,"4":5,"5":5,"6":5,"7":5,"8":5,"9":0,"10":5,"11":5,"12":0,"13":5,"14":2},"f":{"0":7},"b":{"0":[5,0],"1":[5,0],"2":[5,0],"3":[4,1],"4":[4,2]},"meta":{"lastBranch":5,"lastFunction":1,"lastStatement":15,"seen":{"f:9:0:9:Infinity":0,"s:9:0:9:Infinity":0,"s:10:1:10:45":1,"s:12:1:12:50":2,"s:14:1:14:Infinity":3,"s:15:1:15:Infinity":4,"s:16:1:16:Infinity":5,"b:16:38:25:Infinity:25:39:25:Infinity":0,"s:16:38:25:Infinity":6,"s:21:4:24:Infinity":7,"s:25:4:25:Infinity":8,"s:25:39:25:Infinity":9,"b:25:39:40:Infinity:40:8:40:Infinity":1,"s:25:39:40:Infinity":10,"b:25:39:25:Infinity:25:39:25:Infinity":2,"s:19:2:40:Infinity":11,"b:26:5:38:Infinity:34:5:37:Infinity":3,"b:28:7:28:21:28:21:29:11":4,"s:40:8:40:Infinity":12,"s:40:8:19:17":13,"s:9:0:30:Infinity":14}}}
,"/Users/joepaulsen/workspace/MCGithubExplorer/src/api/client.ts": {"path":"/Users/joepaulsen/workspace/MCGithubExplorer/src/api/client.ts","statementMap":{"0":{"start":{"line":3,"column":19},"end":{"line":8,"column":2}}},"fnMap":{},"branchMap":{},"s":{"0":4},"f":{},"b":{},"meta":{"lastBranch":0,"lastFunction":0,"lastStatement":1,"seen":{"s:3:19:8:2":0}}}
,"/Users/joepaulsen/workspace/MCGithubExplorer/src/components/shared/GithubRepoCard.tsx": {"path":"/Users/joepaulsen/workspace/MCGithubExplorer/src/components/shared/GithubRepoCard.tsx","statementMap":{"0":{"start":{"line":10,"column":0},"end":{"line":10,"column":24}},"1":{"start":{"line":10,"column":24},"end":{"line":10,"column":null}},"2":{"start":{"line":11,"column":7},"end":{"line":11,"column":null}},"3":{"start":{"line":14,"column":51},"end":{"line":14,"column":71}},"4":{"start":{"line":14,"column":71},"end":{"line":26,"column":null}},"5":{"start":{"line":17,"column":5},"end":{"line":26,"column":null}},"6":{"start":{"line":26,"column":9},"end":{"line":26,"column":null}},"7":{"start":{"line":26,"column":9},"end":{"line":29,"column":null}},"8":{"start":{"line":27,"column":6},"end":{"line":29,"column":null}},"9":{"start":{"line":29,"column":6},"end":{"line":29,"column":null}},"10":{"start":{"line":29,"column":6},"end":{"line":44,"column":null}},"11":{"start":{"line":30,"column":6},"end":{"line":42,"column":null}},"12":{"start":{"line":44,"column":6},"end":{"line":44,"column":null}},"13":{"start":{"line":44,"column":6},"end":{"line":45,"column":null}},"14":{"start":{"line":16,"column":4},"end":{"line":30,"column":7}},"15":{"start":{"line":45,"column":10},"end":{"line":45,"column":null}},"16":{"start":{"line":45,"column":10},"end":{"line":48,"column":null}},"17":{"start":{"line":48,"column":7},"end":{"line":48,"column":null}},"18":{"start":{"line":48,"column":38},"end":{"line":48,"column":null}},"19":{"start":{"line":48,"column":38},"end":{"line":50,"column":null}},"20":{"start":{"line":47,"column":5},"end":{"line":49,"column":null}},"21":{"start":{"line":50,"column":10},"end":{"line":50,"column":null}},"22":{"start":{"line":50,"column":10},"end":{"line":53,"column":null}},"23":{"start":{"line":51,"column":6},"end":{"line":53,"column":null}},"24":{"start":{"line":53,"column":6},"end":{"line":53,"column":null}},"25":{"start":{"line":53,"column":6},"end":{"line":54,"column":null}},"26":{"start":{"line":46,"column":4},"end":{"line":51,"column":13}},"27":{"start":{"line":54,"column":10},"end":{"line":54,"column":null}},"28":{"start":{"line":54,"column":10},"end":{"line":55,"column":null}},"29":{"start":{"line":15,"column":3},"end":{"line":46,"column":19}},"30":{"start":{"line":55,"column":17},"end":{"line":55,"column":null}},"31":{"start":{"line":55,"column":17},"end":{"line":56,"column":null}},"32":{"start":{"line":14,"column":2},"end":{"line":56,"column":null}},"33":{"start":{"line":56,"column":9},"end":{"line":56,"column":null}},"34":{"start":{"line":56,"column":9},"end":{"line":14,"column":3}},"35":{"start":{"line":60,"column":0},"end":{"line":60,"column":null}}},"fnMap":{"0":{"name":"GithubRepoCard","decl":{"start":{"line":10,"column":0},"end":{"line":10,"column":24}},"loc":{"start":{"line":10,"column":0},"end":{"line":14,"column":3}},"line":10}},"branchMap":{"0":{"loc":{"start":{"line":14,"column":71},"end":{"line":26,"column":null}},"type":"if","locations":[{"start":{"line":14,"column":71},"end":{"line":26,"column":null}},{"start":{"line":26,"column":9},"end":{"line":26,"column":null}}],"line":14},"1":{"loc":{"start":{"line":14,"column":71},"end":{"line":14,"column":null}},"type":"binary-expr","locations":[{"start":{"line":14,"column":71},"end":{"line":14,"column":null}},{"start":{"line":14,"column":71},"end":{"line":14,"column":null}}],"line":14},"2":{"loc":{"start":{"line":26,"column":9},"end":{"line":29,"column":null}},"type":"if","locations":[{"start":{"line":26,"column":9},"end":{"line":29,"column":null}},{"start":{"line":29,"column":6},"end":{"line":29,"column":null}}],"line":26},"3":{"loc":{"start":{"line":27,"column":6},"end":{"line":29,"column":null}},"type":"binary-expr","locations":[{"start":{"line":27,"column":6},"end":{"line":27,"column":null}},{"start":{"line":28,"column":6},"end":{"line":29,"column":null}}],"line":27},"4":{"loc":{"start":{"line":29,"column":6},"end":{"line":44,"column":null}},"type":"if","locations":[{"start":{"line":29,"column":6},"end":{"line":44,"column":null}},{"start":{"line":44,"column":6},"end":{"line":44,"column":null}}],"line":29},"5":{"loc":{"start":{"line":29,"column":6},"end":{"line":29,"column":null}},"type":"binary-expr","locations":[{"start":{"line":29,"column":6},"end":{"line":29,"column":null}},{"start":{"line":29,"column":6},"end":{"line":29,"column":null}}],"line":29},"6":{"loc":{"start":{"line":30,"column":6},"end":{"line":42,"column":null}},"type":"binary-expr","locations":[{"start":{"line":30,"column":7},"end":{"line":30,"column":null}},{"start":{"line":30,"column":7},"end":{"line":30,"column":null}},{"start":{"line":31,"column":6},"end":{"line":42,"column":null}}],"line":30},"7":{"loc":{"start":{"line":32,"column":8},"end":{"line":41,"column":null}},"type":"binary-expr","locations":[{"start":{"line":32,"column":8},"end":{"line":32,"column":null}},{"start":{"line":32,"column":8},"end":{"line":41,"column":null}}],"line":32},"8":{"loc":{"start":{"line":42,"column":8},"end":{"line":42,"column":null}},"type":"binary-expr","locations":[{"start":{"line":42,"column":8},"end":{"line":42,"column":33}},{"start":{"line":42,"column":33},"end":{"line":42,"column":null}}],"line":42},"9":{"loc":{"start":{"line":44,"column":6},"end":{"line":45,"column":null}},"type":"if","locations":[{"start":{"line":44,"column":6},"end":{"line":45,"column":null}},{"start":{"line":45,"column":10},"end":{"line":45,"column":null}}],"line":44},"10":{"loc":{"start":{"line":44,"column":6},"end":{"line":44,"column":null}},"type":"binary-expr","locations":[{"start":{"line":44,"column":6},"end":{"line":44,"column":null}},{"start":{"line":44,"column":6},"end":{"line":44,"column":null}},{"start":{"line":44,"column":6},"end":{"line":44,"column":null}}],"line":44},"11":{"loc":{"start":{"line":45,"column":10},"end":{"line":48,"column":null}},"type":"if","locations":[{"start":{"line":45,"column":10},"end":{"line":48,"column":null}},{"start":{"line":48,"column":38},"end":{"line":48,"column":null}}],"line":45},"12":{"loc":{"start":{"line":48,"column":38},"end":{"line":50,"column":null}},"type":"if","locations":[{"start":{"line":48,"column":38},"end":{"line":50,"column":null}},{"start":{"line":50,"column":10},"end":{"line":50,"column":null}}],"line":48},"13":{"loc":{"start":{"line":50,"column":10},"end":{"line":53,"column":null}},"type":"if","locations":[{"start":{"line":50,"column":10},"end":{"line":53,"column":null}},{"start":{"line":53,"column":6},"end":{"line":53,"column":null}}],"line":50},"14":{"loc":{"start":{"line":51,"column":6},"end":{"line":53,"column":null}},"type":"binary-expr","locations":[{"start":{"line":51,"column":6},"end":{"line":51,"column":null}},{"start":{"line":52,"column":6},"end":{"line":53,"column":null}}],"line":51},"15":{"loc":{"start":{"line":53,"column":6},"end":{"line":54,"column":null}},"type":"if","locations":[{"start":{"line":53,"column":6},"end":{"line":54,"column":null}},{"start":{"line":54,"column":10},"end":{"line":54,"column":null}}],"line":53},"16":{"loc":{"start":{"line":53,"column":6},"end":{"line":53,"column":null}},"type":"binary-expr","locations":[{"start":{"line":53,"column":6},"end":{"line":53,"column":null}},{"start":{"line":53,"column":6},"end":{"line":53,"column":null}}],"line":53},"17":{"loc":{"start":{"line":54,"column":10},"end":{"line":55,"column":null}},"type":"if","locations":[{"start":{"line":54,"column":10},"end":{"line":55,"column":null}},{"start":{"line":55,"column":17},"end":{"line":55,"column":null}}],"line":54},"18":{"loc":{"start":{"line":54,"column":10},"end":{"line":54,"column":null}},"type":"binary-expr","locations":[{"start":{"line":54,"column":10},"end":{"line":54,"column":null}},{"start":{"line":54,"column":10},"end":{"line":54,"column":null}}],"line":54},"19":{"loc":{"start":{"line":55,"column":17},"end":{"line":56,"column":null}},"type":"if","locations":[{"start":{"line":55,"column":17},"end":{"line":56,"column":null}},{"start":{"line":56,"column":9},"end":{"line":56,"column":null}}],"line":55},"20":{"loc":{"start":{"line":55,"column":17},"end":{"line":55,"column":null}},"type":"binary-expr","locations":[{"start":{"line":55,"column":17},"end":{"line":55,"column":null}},{"start":{"line":55,"column":17},"end":{"line":55,"column":null}}],"line":55}},"s":{"0":13,"1":13,"2":13,"3":13,"4":13,"5":13,"6":0,"7":13,"8":13,"9":0,"10":13,"11":13,"12":0,"13":13,"14":13,"15":0,"16":13,"17":13,"18":0,"19":13,"20":13,"21":0,"22":13,"23":13,"24":0,"25":13,"26":13,"27":0,"28":13,"29":13,"30":0,"31":13,"32":13,"33":0,"34":13,"35":1},"f":{"0":13},"b":{"0":[13,0],"1":[13,0],"2":[13,0],"3":[13,12],"4":[13,0],"5":[13,0],"6":[13,2,13],"7":[13,11],"8":[13,12],"9":[13,0],"10":[13,0,0],"11":[13,0],"12":[13,0],"13":[13,0],"14":[13,1],"15":[13,0],"16":[13,0],"17":[13,0],"18":[13,0],"19":[13,0],"20":[13,0]},"meta":{"lastBranch":21,"lastFunction":1,"lastStatement":36,"seen":{"f:10:0:10:24":0,"s:10:0:10:24":0,"s:10:24:10:Infinity":1,"s:11:7:11:Infinity":2,"s:14:51:14:71":3,"b:14:71:26:Infinity:26:9:26:Infinity":0,"s:14:71:26:Infinity":4,"b:14:71:14:Infinity:14:71:14:Infinity":1,"s:17:5:26:Infinity":5,"s:26:9:26:Infinity":6,"b:26:9:29:Infinity:29:6:29:Infinity":2,"s:26:9:29:Infinity":7,"s:27:6:29:Infinity":8,"b:27:6:27:Infinity:28:6:29:Infinity":3,"s:29:6:29:Infinity":9,"b:29:6:44:Infinity:44:6:44:Infinity":4,"s:29:6:44:Infinity":10,"b:29:6:29:Infinity:29:6:29:Infinity":5,"s:30:6:42:Infinity":11,"b:30:7:30:Infinity:30:7:30:Infinity:31:6:42:Infinity":6,"b:32:8:32:Infinity:32:8:41:Infinity":7,"b:42:8:42:33:42:33:42:Infinity":8,"s:44:6:44:Infinity":12,"b:44:6:45:Infinity:45:10:45:Infinity":9,"s:44:6:45:Infinity":13,"b:44:6:44:Infinity:44:6:44:Infinity:44:6:44:Infinity":10,"s:16:4:30:7":14,"s:45:10:45:Infinity":15,"b:45:10:48:Infinity:48:38:48:Infinity":11,"s:45:10:48:Infinity":16,"s:48:7:48:Infinity":17,"s:48:38:48:Infinity":18,"b:48:38:50:Infinity:50:10:50:Infinity":12,"s:48:38:50:Infinity":19,"s:47:5:49:Infinity":20,"s:50:10:50:Infinity":21,"b:50:10:53:Infinity:53:6:53:Infinity":13,"s:50:10:53:Infinity":22,"s:51:6:53:Infinity":23,"b:51:6:51:Infinity:52:6:53:Infinity":14,"s:53:6:53:Infinity":24,"b:53:6:54:Infinity:54:10:54:Infinity":15,"s:53:6:54:Infinity":25,"b:53:6:53:Infinity:53:6:53:Infinity":16,"s:46:4:51:13":26,"s:54:10:54:Infinity":27,"b:54:10:55:Infinity:55:17:55:Infinity":17,"s:54:10:55:Infinity":28,"b:54:10:54:Infinity:54:10:54:Infinity":18,"s:15:3:46:19":29,"s:55:17:55:Infinity":30,"b:55:17:56:Infinity:56:9:56:Infinity":19,"s:55:17:56:Infinity":31,"b:55:17:55:Infinity:55:17:55:Infinity":20,"s:14:2:56:Infinity":32,"s:56:9:56:Infinity":33,"s:56:9:14:3":34,"s:60:0:60:Infinity":35}}}
,"/Users/joepaulsen/workspace/MCGithubExplorer/src/components/shared/GithubUserCard.tsx": {"path":"/Users/joepaulsen/workspace/MCGithubExplorer/src/components/shared/GithubUserCard.tsx","statementMap":{"0":{"start":{"line":8,"column":0},"end":{"line":8,"column":24}},"1":{"start":{"line":8,"column":24},"end":{"line":8,"column":null}},"2":{"start":{"line":18,"column":5},"end":{"line":18,"column":10}},"3":{"start":{"line":18,"column":10},"end":{"line":19,"column":null}},"4":{"start":{"line":19,"column":18},"end":{"line":19,"column":null}},"5":{"start":{"line":19,"column":56},"end":{"line":19,"column":null}},"6":{"start":{"line":19,"column":18},"end":{"line":19,"column":22}},"7":{"start":{"line":20,"column":18},"end":{"line":20,"column":32}},"8":{"start":{"line":20,"column":32},"end":{"line":22,"column":37}},"9":{"start":{"line":22,"column":2},"end":{"line":22,"column":37}},"10":{"start":{"line":22,"column":34},"end":{"line":22,"column":37}},"11":{"start":{"line":22,"column":2},"end":{"line":22,"column":54}},"12":{"start":{"line":22,"column":55},"end":{"line":24,"column":null}},"13":{"start":{"line":24,"column":2},"end":{"line":24,"column":null}},"14":{"start":{"line":24,"column":41},"end":{"line":24,"column":null}},"15":{"start":{"line":24,"column":41},"end":{"line":25,"column":null}},"16":{"start":{"line":25,"column":2},"end":{"line":25,"column":null}},"17":{"start":{"line":25,"column":42},"end":{"line":25,"column":null}},"18":{"start":{"line":25,"column":42},"end":{"line":26,"column":null}},"19":{"start":{"line":26,"column":2},"end":{"line":26,"column":null}},"20":{"start":{"line":26,"column":42},"end":{"line":26,"column":null}},"21":{"start":{"line":26,"column":42},"end":{"line":27,"column":null}},"22":{"start":{"line":23,"column":15},"end":{"line":27,"column":null}},"23":{"start":{"line":27,"column":2},"end":{"line":27,"column":null}},"24":{"start":{"line":23,"column":15},"end":{"line":23,"column":null}},"25":{"start":{"line":29,"column":51},"end":{"line":29,"column":72}},"26":{"start":{"line":29,"column":72},"end":{"line":33,"column":null}},"27":{"start":{"line":33,"column":6},"end":{"line":33,"column":null}},"28":{"start":{"line":33,"column":53},"end":{"line":33,"column":null}},"29":{"start":{"line":33,"column":53},"end":{"line":34,"column":null}},"30":{"start":{"line":34,"column":6},"end":{"line":34,"column":null}},"31":{"start":{"line":34,"column":61},"end":{"line":34,"column":null}},"32":{"start":{"line":34,"column":61},"end":{"line":35,"column":null}},"33":{"start":{"line":32,"column":5},"end":{"line":34,"column":7}},"34":{"start":{"line":35,"column":14},"end":{"line":35,"column":null}},"35":{"start":{"line":35,"column":14},"end":{"line":37,"column":null}},"36":{"start":{"line":37,"column":6},"end":{"line":37,"column":null}},"37":{"start":{"line":37,"column":66},"end":{"line":37,"column":null}},"38":{"start":{"line":39,"column":16},"end":{"line":39,"column":43}},"39":{"start":{"line":39,"column":43},"end":{"line":40,"column":null}},"40":{"start":{"line":38,"column":6},"end":{"line":39,"column":33}},"41":{"start":{"line":40,"column":10},"end":{"line":40,"column":null}},"42":{"start":{"line":40,"column":10},"end":{"line":41,"column":null}},"43":{"start":{"line":41,"column":7},"end":{"line":41,"column":null}},"44":{"start":{"line":41,"column":46},"end":{"line":41,"column":null}},"45":{"start":{"line":41,"column":46},"end":{"line":48,"column":null}},"46":{"start":{"line":42,"column":6},"end":{"line":48,"column":null}},"47":{"start":{"line":48,"column":12},"end":{"line":48,"column":null}},"48":{"start":{"line":48,"column":12},"end":{"line":49,"column":null}},"49":{"start":{"line":36,"column":5},"end":{"line":49,"column":null}},"50":{"start":{"line":49,"column":11},"end":{"line":49,"column":null}},"51":{"start":{"line":49,"column":11},"end":{"line":51,"column":null}},"52":{"start":{"line":30,"column":3},"end":{"line":51,"column":null}},"53":{"start":{"line":51,"column":17},"end":{"line":51,"column":null}},"54":{"start":{"line":51,"column":17},"end":{"line":52,"column":null}},"55":{"start":{"line":29,"column":2},"end":{"line":52,"column":null}},"56":{"start":{"line":52,"column":9},"end":{"line":52,"column":null}},"57":{"start":{"line":52,"column":9},"end":{"line":29,"column":3}},"58":{"start":{"line":43,"column":19},"end":{"line":43,"column":35}},"59":{"start":{"line":43,"column":35},"end":{"line":46,"column":null}},"60":{"start":{"line":56,"column":0},"end":{"line":56,"column":null}}},"fnMap":{"0":{"name":"GithubUserCard","decl":{"start":{"line":8,"column":0},"end":{"line":8,"column":24}},"loc":{"start":{"line":8,"column":0},"end":{"line":29,"column":3}},"line":8}},"branchMap":{"0":{"loc":{"start":{"line":18,"column":10},"end":{"line":19,"column":null}},"type":"if","locations":[{"start":{"line":18,"column":10},"end":{"line":19,"column":null}},{"start":{"line":19,"column":56},"end":{"line":19,"column":null}}],"line":18},"1":{"loc":{"start":{"line":18,"column":10},"end":{"line":18,"column":null}},"type":"binary-expr","locations":[{"start":{"line":18,"column":10},"end":{"line":18,"column":null}},{"start":{"line":18,"column":10},"end":{"line":18,"column":null}}],"line":18},"2":{"loc":{"start":{"line":19,"column":18},"end":{"line":19,"column":56}},"type":"binary-expr","locations":[{"start":{"line":19,"column":18},"end":{"line":19,"column":39}},{"start":{"line":19,"column":39},"end":{"line":19,"column":56}}],"line":19},"3":{"loc":{"start":{"line":20,"column":18},"end":{"line":20,"column":32}},"type":"binary-expr","locations":[{"start":{"line":20,"column":18},"end":{"line":20,"column":32}},{"start":{"line":20,"column":18},"end":{"line":20,"column":32}}],"line":20},"4":{"loc":{"start":{"line":20,"column":32},"end":{"line":22,"column":37}},"type":"if","locations":[{"start":{"line":20,"column":32},"end":{"line":22,"column":37}},{"start":{"line":22,"column":34},"end":{"line":22,"column":37}}],"line":20},"5":{"loc":{"start":{"line":22,"column":55},"end":{"line":24,"column":null}},"type":"if","locations":[{"start":{"line":22,"column":55},"end":{"line":24,"column":null}},{"start":{"line":24,"column":41},"end":{"line":24,"column":null}}],"line":22},"6":{"loc":{"start":{"line":24,"column":41},"end":{"line":25,"column":null}},"type":"if","locations":[{"start":{"line":24,"column":41},"end":{"line":25,"column":null}},{"start":{"line":25,"column":42},"end":{"line":25,"column":null}}],"line":24},"7":{"loc":{"start":{"line":25,"column":42},"end":{"line":26,"column":null}},"type":"if","locations":[{"start":{"line":25,"column":42},"end":{"line":26,"column":null}},{"start":{"line":26,"column":42},"end":{"line":26,"column":null}}],"line":25},"8":{"loc":{"start":{"line":26,"column":42},"end":{"line":27,"column":null}},"type":"if","locations":[{"start":{"line":26,"column":42},"end":{"line":27,"column":null}},{"start":{"line":27,"column":2},"end":{"line":27,"column":null}}],"line":26},"9":{"loc":{"start":{"line":26,"column":42},"end":{"line":26,"column":null}},"type":"binary-expr","locations":[{"start":{"line":26,"column":42},"end":{"line":26,"column":null}},{"start":{"line":26,"column":42},"end":{"line":26,"column":null}},{"start":{"line":26,"column":42},"end":{"line":26,"column":null}}],"line":26},"10":{"loc":{"start":{"line":29,"column":72},"end":{"line":33,"column":null}},"type":"if","locations":[{"start":{"line":29,"column":72},"end":{"line":33,"column":null}},{"start":{"line":33,"column":53},"end":{"line":33,"column":null}}],"line":29},"11":{"loc":{"start":{"line":29,"column":72},"end":{"line":29,"column":null}},"type":"binary-expr","locations":[{"start":{"line":29,"column":72},"end":{"line":29,"column":null}},{"start":{"line":29,"column":72},"end":{"line":29,"column":null}}],"line":29},"12":{"loc":{"start":{"line":33,"column":53},"end":{"line":34,"column":null}},"type":"if","locations":[{"start":{"line":33,"column":53},"end":{"line":34,"column":null}},{"start":{"line":34,"column":61},"end":{"line":34,"column":null}}],"line":33},"13":{"loc":{"start":{"line":34,"column":61},"end":{"line":35,"column":null}},"type":"if","locations":[{"start":{"line":34,"column":61},"end":{"line":35,"column":null}},{"start":{"line":35,"column":14},"end":{"line":35,"column":null}}],"line":34},"14":{"loc":{"start":{"line":34,"column":61},"end":{"line":34,"column":null}},"type":"binary-expr","locations":[{"start":{"line":34,"column":61},"end":{"line":34,"column":null}},{"start":{"line":34,"column":61},"end":{"line":34,"column":null}}],"line":34},"15":{"loc":{"start":{"line":35,"column":14},"end":{"line":37,"column":null}},"type":"if","locations":[{"start":{"line":35,"column":14},"end":{"line":37,"column":null}},{"start":{"line":37,"column":66},"end":{"line":37,"column":null}}],"line":35},"16":{"loc":{"start":{"line":39,"column":16},"end":{"line":39,"column":43}},"type":"binary-expr","locations":[{"start":{"line":39,"column":16},"end":{"line":39,"column":33}},{"start":{"line":39,"column":16},"end":{"line":39,"column":43}}],"line":39},"17":{"loc":{"start":{"line":39,"column":43},"end":{"line":40,"column":null}},"type":"if","locations":[{"start":{"line":39,"column":43},"end":{"line":40,"column":null}},{"start":{"line":40,"column":10},"end":{"line":40,"column":null}}],"line":39},"18":{"loc":{"start":{"line":39,"column":43},"end":{"line":39,"column":null}},"type":"binary-expr","locations":[{"start":{"line":39,"column":43},"end":{"line":39,"column":null}},{"start":{"line":39,"column":43},"end":{"line":39,"column":null}}],"line":39},"19":{"loc":{"start":{"line":40,"column":10},"end":{"line":41,"column":null}},"type":"if","locations":[{"start":{"line":40,"column":10},"end":{"line":41,"column":null}},{"start":{"line":41,"column":46},"end":{"line":41,"column":null}}],"line":40},"20":{"loc":{"start":{"line":41,"column":7},"end":{"line":41,"column":null}},"type":"binary-expr","locations":[{"start":{"line":41,"column":7},"end":{"line":41,"column":14}},{"start":{"line":41,"column":14},"end":{"line":41,"column":null}}],"line":41},"21":{"loc":{"start":{"line":41,"column":46},"end":{"line":48,"column":null}},"type":"if","locations":[{"start":{"line":41,"column":46},"end":{"line":48,"column":null}},{"start":{"line":48,"column":12},"end":{"line":48,"column":null}}],"line":41},"22":{"loc":{"start":{"line":48,"column":12},"end":{"line":49,"column":null}},"type":"if","locations":[{"start":{"line":48,"column":12},"end":{"line":49,"column":null}},{"start":{"line":49,"column":11},"end":{"line":49,"column":null}}],"line":48},"23":{"loc":{"start":{"line":48,"column":12},"end":{"line":48,"column":null}},"type":"binary-expr","locations":[{"start":{"line":48,"column":12},"end":{"line":48,"column":null}},{"start":{"line":48,"column":12},"end":{"line":48,"column":null}},{"start":{"line":48,"column":12},"end":{"line":48,"column":null}},{"start":{"line":48,"column":12},"end":{"line":48,"column":null}}],"line":48},"24":{"loc":{"start":{"line":49,"column":11},"end":{"line":51,"column":null}},"type":"if","locations":[{"start":{"line":49,"column":11},"end":{"line":51,"column":null}},{"start":{"line":51,"column":17},"end":{"line":51,"column":null}}],"line":49},"25":{"loc":{"start":{"line":49,"column":11},"end":{"line":49,"column":null}},"type":"binary-expr","locations":[{"start":{"line":49,"column":11},"end":{"line":49,"column":null}},{"start":{"line":49,"column":11},"end":{"line":49,"column":null}}],"line":49},"26":{"loc":{"start":{"line":51,"column":17},"end":{"line":52,"column":null}},"type":"if","locations":[{"start":{"line":51,"column":17},"end":{"line":52,"column":null}},{"start":{"line":52,"column":9},"end":{"line":52,"column":null}}],"line":51},"27":{"loc":{"start":{"line":51,"column":17},"end":{"line":51,"column":null}},"type":"binary-expr","locations":[{"start":{"line":51,"column":17},"end":{"line":51,"column":null}},{"start":{"line":51,"column":17},"end":{"line":51,"column":null}}],"line":51}},"s":{"0":9,"1":9,"2":9,"3":9,"4":9,"5":0,"6":9,"7":9,"8":9,"9":9,"10":0,"11":9,"12":9,"13":9,"14":0,"15":9,"16":9,"17":0,"18":9,"19":9,"20":0,"21":9,"22":9,"23":0,"24":9,"25":9,"26":9,"27":9,"28":0,"29":9,"30":9,"31":0,"32":9,"33":9,"34":0,"35":9,"36":9,"37":0,"38":9,"39":9,"40":9,"41":0,"42":9,"43":9,"44":0,"45":9,"46":9,"47":0,"48":9,"49":9,"50":0,"51":9,"52":9,"53":0,"54":9,"55":9,"56":0,"57":9,"58":27,"59":27,"60":1},"f":{"0":36},"b":{"0":[9,0],"1":[9,0],"2":[9,2],"3":[9,2],"4":[9,0],"5":[9,0],"6":[9,0],"7":[9,0],"8":[9,0],"9":[9,0,0],"10":[9,0],"11":[9,0],"12":[9,0],"13":[9,0],"14":[9,0],"15":[9,0],"16":[9,8],"17":[9,0],"18":[9,0],"19":[9,0],"20":[9,8],"21":[9,0],"22":[9,0],"23":[9,0,0,0],"24":[9,0],"25":[9,0],"26":[9,0],"27":[9,0]},"meta":{"lastBranch":28,"lastFunction":1,"lastStatement":61,"seen":{"f:8:0:8:24":0,"s:8:0:8:24":0,"s:8:24:8:Infinity":1,"s:18:5:18:10":2,"b:18:10:19:Infinity:19:56:19:Infinity":0,"s:18:10:19:Infinity":3,"b:18:10:18:Infinity:18:10:18:Infinity":1,"s:19:18:19:Infinity":4,"b:19:18:19:39:19:39:19:56":2,"s:19:56:19:Infinity":5,"s:19:18:19:22":6,"s:20:18:20:32":7,"b:20:18:20:32:20:18:20:32":3,"b:20:32:22:37:22:34:22:37":4,"s:20:32:22:37":8,"s:22:2:22:37":9,"s:22:34:22:37":10,"s:22:2:22:54":11,"b:22:55:24:Infinity:24:41:24:Infinity":5,"s:22:55:24:Infinity":12,"s:24:2:24:Infinity":13,"s:24:41:24:Infinity":14,"b:24:41:25:Infinity:25:42:25:Infinity":6,"s:24:41:25:Infinity":15,"s:25:2:25:Infinity":16,"s:25:42:25:Infinity":17,"b:25:42:26:Infinity:26:42:26:Infinity":7,"s:25:42:26:Infinity":18,"s:26:2:26:Infinity":19,"s:26:42:26:Infinity":20,"b:26:42:27:Infinity:27:2:27:Infinity":8,"s:26:42:27:Infinity":21,"b:26:42:26:Infinity:26:42:26:Infinity:26:42:26:Infinity":9,"s:23:15:27:Infinity":22,"s:27:2:27:Infinity":23,"s:23:15:23:Infinity":24,"s:29:51:29:72":25,"b:29:72:33:Infinity:33:53:33:Infinity":10,"s:29:72:33:Infinity":26,"b:29:72:29:Infinity:29:72:29:Infinity":11,"s:33:6:33:Infinity":27,"s:33:53:33:Infinity":28,"b:33:53:34:Infinity:34:61:34:Infinity":12,"s:33:53:34:Infinity":29,"s:34:6:34:Infinity":30,"s:34:61:34:Infinity":31,"b:34:61:35:Infinity:35:14:35:Infinity":13,"s:34:61:35:Infinity":32,"b:34:61:34:Infinity:34:61:34:Infinity":14,"s:32:5:34:7":33,"s:35:14:35:Infinity":34,"b:35:14:37:Infinity:37:66:37:Infinity":15,"s:35:14:37:Infinity":35,"s:37:6:37:Infinity":36,"s:37:66:37:Infinity":37,"s:39:16:39:43":38,"b:39:16:39:33:39:16:39:43":16,"b:39:43:40:Infinity:40:10:40:Infinity":17,"s:39:43:40:Infinity":39,"b:39:43:39:Infinity:39:43:39:Infinity":18,"s:38:6:39:33":40,"s:40:10:40:Infinity":41,"b:40:10:41:Infinity:41:46:41:Infinity":19,"s:40:10:41:Infinity":42,"s:41:7:41:Infinity":43,"b:41:7:41:14:41:14:41:Infinity":20,"s:41:46:41:Infinity":44,"b:41:46:48:Infinity:48:12:48:Infinity":21,"s:41:46:48:Infinity":45,"s:42:6:48:Infinity":46,"s:48:12:48:Infinity":47,"b:48:12:49:Infinity:49:11:49:Infinity":22,"s:48:12:49:Infinity":48,"b:48:12:48:Infinity:48:12:48:Infinity:48:12:48:Infinity:48:12:48:Infinity":23,"s:36:5:49:Infinity":49,"s:49:11:49:Infinity":50,"b:49:11:51:Infinity:51:17:51:Infinity":24,"s:49:11:51:Infinity":51,"b:49:11:49:Infinity:49:11:49:Infinity":25,"s:30:3:51:Infinity":52,"s:51:17:51:Infinity":53,"b:51:17:52:Infinity:52:9:52:Infinity":26,"s:51:17:52:Infinity":54,"b:51:17:51:Infinity:51:17:51:Infinity":27,"s:29:2:52:Infinity":55,"s:52:9:52:Infinity":56,"s:52:9:29:3":57,"s:43:19:43:35":58,"s:43:35:46:Infinity":59,"s:56:0:56:Infinity":60}}}
,"/Users/joepaulsen/workspace/MCGithubExplorer/src/components/shared/SearchBar.tsx": {"path":"/Users/joepaulsen/workspace/MCGithubExplorer/src/components/shared/SearchBar.tsx","statementMap":{"0":{"start":{"line":19,"column":0},"end":{"line":19,"column":19}},"1":{"start":{"line":19,"column":19},"end":{"line":19,"column":null}},"2":{"start":{"line":20,"column":1},"end":{"line":20,"column":39}},"3":{"start":{"line":21,"column":1},"end":{"line":21,"column":47}},"4":{"start":{"line":23,"column":1},"end":{"line":23,"column":66}},"5":{"start":{"line":23,"column":67},"end":{"line":33,"column":null}},"6":{"start":{"line":30,"column":19},"end":{"line":32,"column":null}},"7":{"start":{"line":31,"column":5},"end":{"line":31,"column":null}},"8":{"start":{"line":32,"column":5},"end":{"line":32,"column":null}},"9":{"start":{"line":33,"column":5},"end":{"line":33,"column":null}},"10":{"start":{"line":33,"column":5},"end":{"line":38,"column":null}},"11":{"start":{"line":38,"column":15},"end":{"line":38,"column":null}},"12":{"start":{"line":38,"column":22},"end":{"line":38,"column":46}},"13":{"start":{"line":38,"column":46},"end":{"line":38,"column":null}},"14":{"start":{"line":38,"column":46},"end":{"line":40,"column":null}},"15":{"start":{"line":35,"column":4},"end":{"line":40,"column":null}},"16":{"start":{"line":40,"column":6},"end":{"line":40,"column":null}},"17":{"start":{"line":40,"column":6},"end":{"line":71,"column":null}},"18":{"start":{"line":41,"column":5},"end":{"line":71,"column":null}},"19":{"start":{"line":71,"column":5},"end":{"line":71,"column":null}},"20":{"start":{"line":71,"column":5},"end":{"line":73,"column":null}},"21":{"start":{"line":26,"column":2},"end":{"line":73,"column":null}},"22":{"start":{"line":73,"column":9},"end":{"line":73,"column":null}},"23":{"start":{"line":73,"column":9},"end":{"line":26,"column":18}},"24":{"start":{"line":57,"column":9},"end":{"line":57,"column":null}},"25":{"start":{"line":58,"column":25},"end":{"line":58,"column":42}},"26":{"start":{"line":58,"column":43},"end":{"line":66,"column":null}},"27":{"start":{"line":19,"column":0},"end":{"line":26,"column":null}},"28":{"start":{"line":77,"column":0},"end":{"line":77,"column":null}}},"fnMap":{"0":{"name":"SearchBar","decl":{"start":{"line":19,"column":0},"end":{"line":19,"column":19}},"loc":{"start":{"line":19,"column":0},"end":{"line":26,"column":18}},"line":19},"1":{"name":"(anonymous_1)","decl":{"start":{"line":30,"column":19},"end":{"line":30,"column":null}},"loc":{"start":{"line":30,"column":19},"end":{"line":32,"column":null}},"line":30},"2":{"name":"(anonymous_2)","decl":{"start":{"line":38,"column":15},"end":{"line":38,"column":22}},"loc":{"start":{"line":38,"column":22},"end":{"line":38,"column":46}},"line":38}},"branchMap":{"0":{"loc":{"start":{"line":23,"column":67},"end":{"line":33,"column":null}},"type":"if","locations":[{"start":{"line":23,"column":67},"end":{"line":33,"column":null}},{"start":{"line":33,"column":5},"end":{"line":33,"column":null}}],"line":23},"1":{"loc":{"start":{"line":31,"column":14},"end":{"line":31,"column":26}},"type":"binary-expr","locations":[{"start":{"line":31,"column":14},"end":{"line":31,"column":26}},{"start":{"line":31,"column":14},"end":{"line":31,"column":26}}],"line":31},"2":{"loc":{"start":{"line":32,"column":13},"end":{"line":32,"column":25}},"type":"binary-expr","locations":[{"start":{"line":32,"column":13},"end":{"line":32,"column":25}},{"start":{"line":32,"column":13},"end":{"line":32,"column":25}}],"line":32},"3":{"loc":{"start":{"line":33,"column":5},"end":{"line":38,"column":null}},"type":"if","locations":[{"start":{"line":33,"column":5},"end":{"line":38,"column":null}},{"start":{"line":38,"column":46},"end":{"line":38,"column":null}}],"line":33},"4":{"loc":{"start":{"line":38,"column":46},"end":{"line":40,"column":null}},"type":"if","locations":[{"start":{"line":38,"column":46},"end":{"line":40,"column":null}},{"start":{"line":40,"column":6},"end":{"line":40,"column":null}}],"line":38},"5":{"loc":{"start":{"line":40,"column":6},"end":{"line":71,"column":null}},"type":"if","locations":[{"start":{"line":40,"column":6},"end":{"line":71,"column":null}},{"start":{"line":71,"column":5},"end":{"line":71,"column":null}}],"line":40},"6":{"loc":{"start":{"line":40,"column":6},"end":{"line":40,"column":null}},"type":"binary-expr","locations":[{"start":{"line":40,"column":6},"end":{"line":40,"column":null}},{"start":{"line":40,"column":6},"end":{"line":40,"column":null}}],"line":40},"7":{"loc":{"start":{"line":41,"column":5},"end":{"line":71,"column":null}},"type":"binary-expr","locations":[{"start":{"line":41,"column":5},"end":{"line":41,"column":null}},{"start":{"line":42,"column":5},"end":{"line":71,"column":null}}],"line":41},"8":{"loc":{"start":{"line":43,"column":7},"end":{"line":51,"column":null}},"type":"cond-expr","locations":[{"start":{"line":44,"column":7},"end":{"line":51,"column":null}},{"start":{"line":51,"column":10},"end":{"line":51,"column":null}}],"line":43},"9":{"loc":{"start":{"line":51,"column":10},"end":{"line":51,"column":null}},"type":"cond-expr","locations":[{"start":{"line":52,"column":7},"end":{"line":51,"column":null}},{"start":{"line":51,"column":10},"end":{"line":51,"column":null}}],"line":51},"10":{"loc":{"start":{"line":71,"column":5},"end":{"line":73,"column":null}},"type":"if","locations":[{"start":{"line":71,"column":5},"end":{"line":73,"column":null}},{"start":{"line":73,"column":9},"end":{"line":73,"column":null}}],"line":71},"11":{"loc":{"start":{"line":71,"column":5},"end":{"line":71,"column":null}},"type":"binary-expr","locations":[{"start":{"line":71,"column":5},"end":{"line":71,"column":null}},{"start":{"line":71,"column":5},"end":{"line":71,"column":null}},{"start":{"line":71,"column":5},"end":{"line":71,"column":null}},{"start":{"line":71,"column":5},"end":{"line":71,"column":null}},{"start":{"line":71,"column":5},"end":{"line":71,"column":null}}],"line":71}},"s":{"0":7,"1":7,"2":7,"3":7,"4":7,"5":7,"6":4,"7":0,"8":0,"9":3,"10":7,"11":4,"12":2,"13":3,"14":7,"15":6,"16":1,"17":7,"18":5,"19":2,"20":7,"21":7,"22":0,"23":7,"24":0,"25":0,"26":0,"27":0,"28":1},"f":{"0":7,"1":0,"2":2},"b":{"0":[4,3],"1":[0,0],"2":[0,0],"3":[4,3],"4":[6,1],"5":[5,2],"6":[7,2],"7":[5,1],"8":[0,1],"9":[1,0],"10":[7,0],"11":[7,3,1,1,1]},"meta":{"lastBranch":12,"lastFunction":3,"lastStatement":29,"seen":{"f:19:0:19:19":0,"s:19:0:19:19":0,"s:19:19:19:Infinity":1,"s:20:1:20:39":2,"s:21:1:21:47":3,"s:23:1:23:66":4,"b:23:67:33:Infinity:33:5:33:Infinity":0,"s:23:67:33:Infinity":5,"s:30:19:32:Infinity":6,"f:30:19:30:Infinity":1,"s:31:5:31:Infinity":7,"b:31:14:31:26:31:14:31:26":1,"s:32:5:32:Infinity":8,"b:32:13:32:25:32:13:32:25":2,"s:33:5:33:Infinity":9,"b:33:5:38:Infinity:38:46:38:Infinity":3,"s:33:5:38:Infinity":10,"s:38:15:38:Infinity":11,"f:38:15:38:22":2,"s:38:22:38:46":12,"s:38:46:38:Infinity":13,"b:38:46:40:Infinity:40:6:40:Infinity":4,"s:38:46:40:Infinity":14,"s:35:4:40:Infinity":15,"s:40:6:40:Infinity":16,"b:40:6:71:Infinity:71:5:71:Infinity":5,"s:40:6:71:Infinity":17,"b:40:6:40:Infinity:40:6:40:Infinity":6,"s:41:5:71:Infinity":18,"b:41:5:41:Infinity:42:5:71:Infinity":7,"b:44:7:51:Infinity:51:10:51:Infinity":8,"b:52:7:51:Infinity:51:10:51:Infinity":9,"s:71:5:71:Infinity":19,"b:71:5:73:Infinity:73:9:73:Infinity":10,"s:71:5:73:Infinity":20,"b:71:5:71:Infinity:71:5:71:Infinity:71:5:71:Infinity:71:5:71:Infinity:71:5:71:Infinity":11,"s:26:2:73:Infinity":21,"s:73:9:73:Infinity":22,"s:73:9:26:18":23,"s:57:9:57:Infinity":24,"s:58:25:58:42":25,"s:58:43:66:Infinity":26,"s:19:0:26:Infinity":27,"s:77:0:77:Infinity":28}}}
,"/Users/joepaulsen/workspace/MCGithubExplorer/src/components/ui/Avatar.tsx": {"path":"/Users/joepaulsen/workspace/MCGithubExplorer/src/components/ui/Avatar.tsx","statementMap":{"0":{"start":{"line":6,"column":0},"end":{"line":6,"column":16}},"1":{"start":{"line":6,"column":0},"end":{"line":12,"column":null}},"2":{"start":{"line":6,"column":16},"end":{"line":6,"column":null}},"3":{"start":{"line":12,"column":1},"end":{"line":12,"column":null}},"4":{"start":{"line":8,"column":1},"end":{"line":8,"column":17}},"5":{"start":{"line":8,"column":17},"end":{"line":20,"column":null}},"6":{"start":{"line":17,"column":14},"end":{"line":20,"column":null}},"7":{"start":{"line":20,"column":4},"end":{"line":20,"column":null}},"8":{"start":{"line":20,"column":4},"end":{"line":22,"column":null}},"9":{"start":{"line":14,"column":2},"end":{"line":22,"column":null}},"10":{"start":{"line":22,"column":4},"end":{"line":22,"column":null}},"11":{"start":{"line":22,"column":4},"end":{"line":14,"column":null}},"12":{"start":{"line":26,"column":0},"end":{"line":26,"column":21}},"13":{"start":{"line":26,"column":0},"end":{"line":26,"column":null}},"14":{"start":{"line":26,"column":21},"end":{"line":26,"column":73}},"15":{"start":{"line":26,"column":73},"end":{"line":26,"column":null}},"16":{"start":{"line":26,"column":73},"end":{"line":33,"column":null}},"17":{"start":{"line":30,"column":14},"end":{"line":33,"column":null}},"18":{"start":{"line":33,"column":4},"end":{"line":33,"column":null}},"19":{"start":{"line":33,"column":4},"end":{"line":35,"column":null}},"20":{"start":{"line":28,"column":2},"end":{"line":35,"column":null}},"21":{"start":{"line":35,"column":4},"end":{"line":35,"column":null}},"22":{"start":{"line":35,"column":4},"end":{"line":28,"column":null}},"23":{"start":{"line":39,"column":0},"end":{"line":39,"column":24}},"24":{"start":{"line":39,"column":0},"end":{"line":42,"column":null}},"25":{"start":{"line":39,"column":24},"end":{"line":39,"column":null}},"26":{"start":{"line":42,"column":33},"end":{"line":42,"column":null}},"27":{"start":{"line":42,"column":33},"end":{"line":49,"column":null}},"28":{"start":{"line":46,"column":14},"end":{"line":49,"column":null}},"29":{"start":{"line":49,"column":4},"end":{"line":49,"column":null}},"30":{"start":{"line":49,"column":4},"end":{"line":51,"column":null}},"31":{"start":{"line":44,"column":2},"end":{"line":51,"column":null}},"32":{"start":{"line":51,"column":4},"end":{"line":51,"column":null}},"33":{"start":{"line":51,"column":4},"end":{"line":44,"column":null}},"34":{"start":{"line":55,"column":0},"end":{"line":55,"column":21}},"35":{"start":{"line":55,"column":0},"end":{"line":55,"column":null}},"36":{"start":{"line":55,"column":21},"end":{"line":55,"column":74}},"37":{"start":{"line":55,"column":74},"end":{"line":55,"column":null}},"38":{"start":{"line":55,"column":74},"end":{"line":65,"column":null}},"39":{"start":{"line":59,"column":14},"end":{"line":65,"column":null}},"40":{"start":{"line":65,"column":4},"end":{"line":65,"column":null}},"41":{"start":{"line":65,"column":4},"end":{"line":67,"column":null}},"42":{"start":{"line":57,"column":2},"end":{"line":67,"column":null}},"43":{"start":{"line":67,"column":4},"end":{"line":67,"column":null}},"44":{"start":{"line":67,"column":4},"end":{"line":57,"column":null}},"45":{"start":{"line":71,"column":0},"end":{"line":71,"column":21}},"46":{"start":{"line":71,"column":0},"end":{"line":71,"column":null}},"47":{"start":{"line":71,"column":21},"end":{"line":71,"column":73}},"48":{"start":{"line":71,"column":73},"end":{"line":71,"column":null}},"49":{"start":{"line":71,"column":73},"end":{"line":78,"column":null}},"50":{"start":{"line":75,"column":14},"end":{"line":78,"column":null}},"51":{"start":{"line":78,"column":4},"end":{"line":78,"column":null}},"52":{"start":{"line":78,"column":4},"end":{"line":80,"column":null}},"53":{"start":{"line":73,"column":2},"end":{"line":80,"column":null}},"54":{"start":{"line":80,"column":4},"end":{"line":80,"column":null}},"55":{"start":{"line":80,"column":4},"end":{"line":73,"column":null}},"56":{"start":{"line":84,"column":0},"end":{"line":84,"column":26}},"57":{"start":{"line":84,"column":0},"end":{"line":87,"column":null}},"58":{"start":{"line":84,"column":26},"end":{"line":84,"column":null}},"59":{"start":{"line":87,"column":30},"end":{"line":87,"column":null}},"60":{"start":{"line":87,"column":30},"end":{"line":94,"column":null}},"61":{"start":{"line":91,"column":14},"end":{"line":94,"column":null}},"62":{"start":{"line":94,"column":4},"end":{"line":94,"column":null}},"63":{"start":{"line":94,"column":4},"end":{"line":96,"column":null}},"64":{"start":{"line":89,"column":2},"end":{"line":96,"column":null}},"65":{"start":{"line":96,"column":4},"end":{"line":96,"column":null}},"66":{"start":{"line":96,"column":4},"end":{"line":89,"column":null}}},"fnMap":{"0":{"name":"Avatar","decl":{"start":{"line":6,"column":0},"end":{"line":6,"column":16}},"loc":{"start":{"line":6,"column":0},"end":{"line":14,"column":null}},"line":6},"1":{"name":"AvatarImage","decl":{"start":{"line":26,"column":0},"end":{"line":26,"column":21}},"loc":{"start":{"line":26,"column":0},"end":{"line":28,"column":null}},"line":26},"2":{"name":"AvatarFallback","decl":{"start":{"line":39,"column":0},"end":{"line":39,"column":24}},"loc":{"start":{"line":39,"column":0},"end":{"line":44,"column":null}},"line":39},"3":{"name":"AvatarBadge","decl":{"start":{"line":55,"column":0},"end":{"line":55,"column":21}},"loc":{"start":{"line":55,"column":0},"end":{"line":57,"column":null}},"line":55},"4":{"name":"AvatarGroup","decl":{"start":{"line":71,"column":0},"end":{"line":71,"column":21}},"loc":{"start":{"line":71,"column":0},"end":{"line":73,"column":null}},"line":71},"5":{"name":"AvatarGroupCount","decl":{"start":{"line":84,"column":0},"end":{"line":84,"column":26}},"loc":{"start":{"line":84,"column":0},"end":{"line":89,"column":null}},"line":84}},"branchMap":{"0":{"loc":{"start":{"line":6,"column":0},"end":{"line":12,"column":null}},"type":"if","locations":[{"start":{"line":6,"column":0},"end":{"line":12,"column":null}},{"start":{"line":12,"column":1},"end":{"line":12,"column":null}}],"line":6},"1":{"loc":{"start":{"line":8,"column":1},"end":{"line":8,"column":17}},"type":"cond-expr","locations":[{"start":{"line":8,"column":1},"end":{"line":8,"column":17}},{"start":{"line":8,"column":1},"end":{"line":8,"column":17}}],"line":8},"2":{"loc":{"start":{"line":8,"column":17},"end":{"line":20,"column":null}},"type":"if","locations":[{"start":{"line":8,"column":17},"end":{"line":20,"column":null}},{"start":{"line":20,"column":4},"end":{"line":20,"column":null}}],"line":8},"3":{"loc":{"start":{"line":20,"column":4},"end":{"line":22,"column":null}},"type":"if","locations":[{"start":{"line":20,"column":4},"end":{"line":22,"column":null}},{"start":{"line":22,"column":4},"end":{"line":22,"column":null}}],"line":20},"4":{"loc":{"start":{"line":20,"column":4},"end":{"line":20,"column":null}},"type":"binary-expr","locations":[{"start":{"line":20,"column":4},"end":{"line":20,"column":null}},{"start":{"line":20,"column":4},"end":{"line":20,"column":null}},{"start":{"line":20,"column":4},"end":{"line":20,"column":null}}],"line":20},"5":{"loc":{"start":{"line":26,"column":0},"end":{"line":26,"column":null}},"type":"if","locations":[{"start":{"line":26,"column":0},"end":{"line":26,"column":null}},{"start":{"line":26,"column":73},"end":{"line":26,"column":null}}],"line":26},"6":{"loc":{"start":{"line":26,"column":73},"end":{"line":33,"column":null}},"type":"if","locations":[{"start":{"line":26,"column":73},"end":{"line":33,"column":null}},{"start":{"line":33,"column":4},"end":{"line":33,"column":null}}],"line":26},"7":{"loc":{"start":{"line":33,"column":4},"end":{"line":35,"column":null}},"type":"if","locations":[{"start":{"line":33,"column":4},"end":{"line":35,"column":null}},{"start":{"line":35,"column":4},"end":{"line":35,"column":null}}],"line":33},"8":{"loc":{"start":{"line":33,"column":4},"end":{"line":33,"column":null}},"type":"binary-expr","locations":[{"start":{"line":33,"column":4},"end":{"line":33,"column":null}},{"start":{"line":33,"column":4},"end":{"line":33,"column":null}}],"line":33},"9":{"loc":{"start":{"line":39,"column":0},"end":{"line":42,"column":null}},"type":"if","locations":[{"start":{"line":39,"column":0},"end":{"line":42,"column":null}},{"start":{"line":42,"column":33},"end":{"line":42,"column":null}}],"line":39},"10":{"loc":{"start":{"line":42,"column":33},"end":{"line":49,"column":null}},"type":"if","locations":[{"start":{"line":42,"column":33},"end":{"line":49,"column":null}},{"start":{"line":49,"column":4},"end":{"line":49,"column":null}}],"line":42},"11":{"loc":{"start":{"line":49,"column":4},"end":{"line":51,"column":null}},"type":"if","locations":[{"start":{"line":49,"column":4},"end":{"line":51,"column":null}},{"start":{"line":51,"column":4},"end":{"line":51,"column":null}}],"line":49},"12":{"loc":{"start":{"line":49,"column":4},"end":{"line":49,"column":null}},"type":"binary-expr","locations":[{"start":{"line":49,"column":4},"end":{"line":49,"column":null}},{"start":{"line":49,"column":4},"end":{"line":49,"column":null}}],"line":49},"13":{"loc":{"start":{"line":55,"column":0},"end":{"line":55,"column":null}},"type":"if","locations":[{"start":{"line":55,"column":0},"end":{"line":55,"column":null}},{"start":{"line":55,"column":74},"end":{"line":55,"column":null}}],"line":55},"14":{"loc":{"start":{"line":55,"column":74},"end":{"line":65,"column":null}},"type":"if","locations":[{"start":{"line":55,"column":74},"end":{"line":65,"column":null}},{"start":{"line":65,"column":4},"end":{"line":65,"column":null}}],"line":55},"15":{"loc":{"start":{"line":65,"column":4},"end":{"line":67,"column":null}},"type":"if","locations":[{"start":{"line":65,"column":4},"end":{"line":67,"column":null}},{"start":{"line":67,"column":4},"end":{"line":67,"column":null}}],"line":65},"16":{"loc":{"start":{"line":65,"column":4},"end":{"line":65,"column":null}},"type":"binary-expr","locations":[{"start":{"line":65,"column":4},"end":{"line":65,"column":null}},{"start":{"line":65,"column":4},"end":{"line":65,"column":null}}],"line":65},"17":{"loc":{"start":{"line":71,"column":0},"end":{"line":71,"column":null}},"type":"if","locations":[{"start":{"line":71,"column":0},"end":{"line":71,"column":null}},{"start":{"line":71,"column":73},"end":{"line":71,"column":null}}],"line":71},"18":{"loc":{"start":{"line":71,"column":73},"end":{"line":78,"column":null}},"type":"if","locations":[{"start":{"line":71,"column":73},"end":{"line":78,"column":null}},{"start":{"line":78,"column":4},"end":{"line":78,"column":null}}],"line":71},"19":{"loc":{"start":{"line":78,"column":4},"end":{"line":80,"column":null}},"type":"if","locations":[{"start":{"line":78,"column":4},"end":{"line":80,"column":null}},{"start":{"line":80,"column":4},"end":{"line":80,"column":null}}],"line":78},"20":{"loc":{"start":{"line":78,"column":4},"end":{"line":78,"column":null}},"type":"binary-expr","locations":[{"start":{"line":78,"column":4},"end":{"line":78,"column":null}},{"start":{"line":78,"column":4},"end":{"line":78,"column":null}}],"line":78},"21":{"loc":{"start":{"line":84,"column":0},"end":{"line":87,"column":null}},"type":"if","locations":[{"start":{"line":84,"column":0},"end":{"line":87,"column":null}},{"start":{"line":87,"column":30},"end":{"line":87,"column":null}}],"line":84},"22":{"loc":{"start":{"line":87,"column":30},"end":{"line":94,"column":null}},"type":"if","locations":[{"start":{"line":87,"column":30},"end":{"line":94,"column":null}},{"start":{"line":94,"column":4},"end":{"line":94,"column":null}}],"line":87},"23":{"loc":{"start":{"line":94,"column":4},"end":{"line":96,"column":null}},"type":"if","locations":[{"start":{"line":94,"column":4},"end":{"line":96,"column":null}},{"start":{"line":96,"column":4},"end":{"line":96,"column":null}}],"line":94},"24":{"loc":{"start":{"line":94,"column":4},"end":{"line":94,"column":null}},"type":"binary-expr","locations":[{"start":{"line":94,"column":4},"end":{"line":94,"column":null}},{"start":{"line":94,"column":4},"end":{"line":94,"column":null}}],"line":94}},"s":{"0":15,"1":15,"2":15,"3":0,"4":15,"5":15,"6":15,"7":0,"8":15,"9":15,"10":0,"11":15,"12":9,"13":9,"14":9,"15":0,"16":9,"17":9,"18":0,"19":9,"20":9,"21":0,"22":9,"23":11,"24":11,"25":11,"26":0,"27":11,"28":11,"29":0,"30":11,"31":11,"32":0,"33":11,"34":0,"35":0,"36":0,"37":0,"38":0,"39":0,"40":0,"41":0,"42":0,"43":0,"44":0,"45":0,"46":0,"47":0,"48":0,"49":0,"50":0,"51":0,"52":0,"53":0,"54":0,"55":0,"56":0,"57":0,"58":0,"59":0,"60":0,"61":0,"62":0,"63":0,"64":0,"65":0,"66":0},"f":{"0":15,"1":9,"2":11,"3":0,"4":0,"5":0},"b":{"0":[15,0],"1":[13,2],"2":[15,0],"3":[15,0],"4":[15,0,0],"5":[9,0],"6":[9,0],"7":[9,0],"8":[9,0],"9":[11,0],"10":[11,0],"11":[11,0],"12":[11,0],"13":[0,0],"14":[0,0],"15":[0,0],"16":[0,0],"17":[0,0],"18":[0,0],"19":[0,0],"20":[0,0],"21":[0,0],"22":[0,0],"23":[0,0],"24":[0,0]},"meta":{"lastBranch":25,"lastFunction":6,"lastStatement":67,"seen":{"f:6:0:6:16":0,"s:6:0:6:16":0,"b:6:0:12:Infinity:12:1:12:Infinity":0,"s:6:0:12:Infinity":1,"s:6:16:6:Infinity":2,"s:12:1:12:Infinity":3,"s:8:1:8:17":4,"b:8:1:8:17:8:1:8:17":1,"b:8:17:20:Infinity:20:4:20:Infinity":2,"s:8:17:20:Infinity":5,"s:17:14:20:Infinity":6,"s:20:4:20:Infinity":7,"b:20:4:22:Infinity:22:4:22:Infinity":3,"s:20:4:22:Infinity":8,"b:20:4:20:Infinity:20:4:20:Infinity:20:4:20:Infinity":4,"s:14:2:22:Infinity":9,"s:22:4:22:Infinity":10,"s:22:4:14:Infinity":11,"f:26:0:26:21":1,"s:26:0:26:21":12,"b:26:0:26:Infinity:26:73:26:Infinity":5,"s:26:0:26:Infinity":13,"s:26:21:26:73":14,"s:26:73:26:Infinity":15,"b:26:73:33:Infinity:33:4:33:Infinity":6,"s:26:73:33:Infinity":16,"s:30:14:33:Infinity":17,"s:33:4:33:Infinity":18,"b:33:4:35:Infinity:35:4:35:Infinity":7,"s:33:4:35:Infinity":19,"b:33:4:33:Infinity:33:4:33:Infinity":8,"s:28:2:35:Infinity":20,"s:35:4:35:Infinity":21,"s:35:4:28:Infinity":22,"f:39:0:39:24":2,"s:39:0:39:24":23,"b:39:0:42:Infinity:42:33:42:Infinity":9,"s:39:0:42:Infinity":24,"s:39:24:39:Infinity":25,"s:42:33:42:Infinity":26,"b:42:33:49:Infinity:49:4:49:Infinity":10,"s:42:33:49:Infinity":27,"s:46:14:49:Infinity":28,"s:49:4:49:Infinity":29,"b:49:4:51:Infinity:51:4:51:Infinity":11,"s:49:4:51:Infinity":30,"b:49:4:49:Infinity:49:4:49:Infinity":12,"s:44:2:51:Infinity":31,"s:51:4:51:Infinity":32,"s:51:4:44:Infinity":33,"f:55:0:55:21":3,"s:55:0:55:21":34,"b:55:0:55:Infinity:55:74:55:Infinity":13,"s:55:0:55:Infinity":35,"s:55:21:55:74":36,"s:55:74:55:Infinity":37,"b:55:74:65:Infinity:65:4:65:Infinity":14,"s:55:74:65:Infinity":38,"s:59:14:65:Infinity":39,"s:65:4:65:Infinity":40,"b:65:4:67:Infinity:67:4:67:Infinity":15,"s:65:4:67:Infinity":41,"b:65:4:65:Infinity:65:4:65:Infinity":16,"s:57:2:67:Infinity":42,"s:67:4:67:Infinity":43,"s:67:4:57:Infinity":44,"f:71:0:71:21":4,"s:71:0:71:21":45,"b:71:0:71:Infinity:71:73:71:Infinity":17,"s:71:0:71:Infinity":46,"s:71:21:71:73":47,"s:71:73:71:Infinity":48,"b:71:73:78:Infinity:78:4:78:Infinity":18,"s:71:73:78:Infinity":49,"s:75:14:78:Infinity":50,"s:78:4:78:Infinity":51,"b:78:4:80:Infinity:80:4:80:Infinity":19,"s:78:4:80:Infinity":52,"b:78:4:78:Infinity:78:4:78:Infinity":20,"s:73:2:80:Infinity":53,"s:80:4:80:Infinity":54,"s:80:4:73:Infinity":55,"f:84:0:84:26":5,"s:84:0:84:26":56,"b:84:0:87:Infinity:87:30:87:Infinity":21,"s:84:0:87:Infinity":57,"s:84:26:84:Infinity":58,"s:87:30:87:Infinity":59,"b:87:30:94:Infinity:94:4:94:Infinity":22,"s:87:30:94:Infinity":60,"s:91:14:94:Infinity":61,"s:94:4:94:Infinity":62,"b:94:4:96:Infinity:96:4:96:Infinity":23,"s:94:4:96:Infinity":63,"b:94:4:94:Infinity:94:4:94:Infinity":24,"s:89:2:96:Infinity":64,"s:96:4:96:Infinity":65,"s:96:4:89:Infinity":66}}}
,"/Users/joepaulsen/workspace/MCGithubExplorer/src/components/ui/Badge.tsx": {"path":"/Users/joepaulsen/workspace/MCGithubExplorer/src/components/ui/Badge.tsx","statementMap":{"0":{"start":{"line":7,"column":6},"end":{"line":28,"column":1}},"1":{"start":{"line":30,"column":0},"end":{"line":30,"column":15}},"2":{"start":{"line":30,"column":0},"end":{"line":43,"column":null}},"3":{"start":{"line":30,"column":15},"end":{"line":30,"column":null}},"4":{"start":{"line":32,"column":2},"end":{"line":32,"column":null}},"5":{"start":{"line":36,"column":9},"end":{"line":36,"column":19}},"6":{"start":{"line":37,"column":20},"end":{"line":37,"column":26}},"7":{"start":{"line":38,"column":11},"end":{"line":43,"column":null}},"8":{"start":{"line":43,"column":5},"end":{"line":43,"column":null}},"9":{"start":{"line":43,"column":5},"end":{"line":48,"column":null}},"10":{"start":{"line":45,"column":11},"end":{"line":48,"column":null}},"11":{"start":{"line":48,"column":5},"end":{"line":48,"column":null}},"12":{"start":{"line":48,"column":5},"end":{"line":49,"column":4}},"13":{"start":{"line":36,"column":19},"end":{"line":49,"column":4}},"14":{"start":{"line":49,"column":3},"end":{"line":49,"column":4}},"15":{"start":{"line":49,"column":3},"end":{"line":49,"column":null}}},"fnMap":{"0":{"name":"Badge","decl":{"start":{"line":30,"column":0},"end":{"line":30,"column":15}},"loc":{"start":{"line":30,"column":0},"end":{"line":49,"column":null}},"line":30}},"branchMap":{"0":{"loc":{"start":{"line":30,"column":0},"end":{"line":43,"column":null}},"type":"if","locations":[{"start":{"line":30,"column":0},"end":{"line":43,"column":null}},{"start":{"line":43,"column":5},"end":{"line":43,"column":null}}],"line":30},"1":{"loc":{"start":{"line":32,"column":2},"end":{"line":32,"column":null}},"type":"cond-expr","locations":[{"start":{"line":32,"column":2},"end":{"line":32,"column":null}},{"start":{"line":32,"column":2},"end":{"line":32,"column":null}}],"line":32},"2":{"loc":{"start":{"line":43,"column":5},"end":{"line":48,"column":null}},"type":"if","locations":[{"start":{"line":43,"column":5},"end":{"line":48,"column":null}},{"start":{"line":48,"column":5},"end":{"line":48,"column":null}}],"line":43},"3":{"loc":{"start":{"line":48,"column":5},"end":{"line":49,"column":4}},"type":"if","locations":[{"start":{"line":48,"column":5},"end":{"line":49,"column":4}},{"start":{"line":49,"column":3},"end":{"line":49,"column":4}}],"line":48},"4":{"loc":{"start":{"line":48,"column":5},"end":{"line":48,"column":null}},"type":"binary-expr","locations":[{"start":{"line":48,"column":5},"end":{"line":48,"column":null}},{"start":{"line":48,"column":5},"end":{"line":48,"column":null}},{"start":{"line":48,"column":5},"end":{"line":48,"column":null}},{"start":{"line":48,"column":5},"end":{"line":48,"column":null}}],"line":48}},"s":{"0":1,"1":10,"2":10,"3":10,"4":10,"5":10,"6":10,"7":10,"8":0,"9":10,"10":10,"11":0,"12":10,"13":10,"14":0,"15":10},"f":{"0":10},"b":{"0":[10,0],"1":[4,6],"2":[10,0],"3":[10,0],"4":[10,0,0,0]},"meta":{"lastBranch":5,"lastFunction":1,"lastStatement":16,"seen":{"s:7:6:28:1":0,"f:30:0:30:15":0,"s:30:0:30:15":1,"b:30:0:43:Infinity:43:5:43:Infinity":0,"s:30:0:43:Infinity":2,"s:30:15:30:Infinity":3,"s:32:2:32:Infinity":4,"b:32:2:32:Infinity:32:2:32:Infinity":1,"s:36:9:36:19":5,"s:37:20:37:26":6,"s:38:11:43:Infinity":7,"s:43:5:43:Infinity":8,"b:43:5:48:Infinity:48:5:48:Infinity":2,"s:43:5:48:Infinity":9,"s:45:11:48:Infinity":10,"s:48:5:48:Infinity":11,"b:48:5:49:4:49:3:49:4":3,"s:48:5:49:4":12,"b:48:5:48:Infinity:48:5:48:Infinity:48:5:48:Infinity:48:5:48:Infinity":4,"s:36:19:49:4":13,"s:49:3:49:4":14,"s:49:3:49:Infinity":15}}}
,"/Users/joepaulsen/workspace/MCGithubExplorer/src/components/ui/Button.tsx": {"path":"/Users/joepaulsen/workspace/MCGithubExplorer/src/components/ui/Button.tsx","statementMap":{"0":{"start":{"line":6,"column":6},"end":{"line":41,"column":1}},"1":{"start":{"line":43,"column":0},"end":{"line":43,"column":16}},"2":{"start":{"line":43,"column":0},"end":{"line":48,"column":null}},"3":{"start":{"line":43,"column":16},"end":{"line":43,"column":null}},"4":{"start":{"line":48,"column":62},"end":{"line":48,"column":null}},"5":{"start":{"line":45,"column":1},"end":{"line":45,"column":null}},"6":{"start":{"line":46,"column":1},"end":{"line":46,"column":17}},"7":{"start":{"line":46,"column":17},"end":{"line":52,"column":null}},"8":{"start":{"line":52,"column":14},"end":{"line":52,"column":null}},"9":{"start":{"line":52,"column":62},"end":{"line":52,"column":null}},"10":{"start":{"line":52,"column":62},"end":{"line":54,"column":null}},"11":{"start":{"line":50,"column":2},"end":{"line":54,"column":null}},"12":{"start":{"line":54,"column":4},"end":{"line":54,"column":null}},"13":{"start":{"line":54,"column":4},"end":{"line":50,"column":3}},"14":{"start":{"line":58,"column":0},"end":{"line":58,"column":null}}},"fnMap":{"0":{"name":"Button","decl":{"start":{"line":43,"column":0},"end":{"line":43,"column":16}},"loc":{"start":{"line":43,"column":0},"end":{"line":50,"column":3}},"line":43}},"branchMap":{"0":{"loc":{"start":{"line":43,"column":0},"end":{"line":48,"column":null}},"type":"if","locations":[{"start":{"line":43,"column":0},"end":{"line":48,"column":null}},{"start":{"line":48,"column":62},"end":{"line":48,"column":null}}],"line":43},"1":{"loc":{"start":{"line":45,"column":1},"end":{"line":45,"column":null}},"type":"cond-expr","locations":[{"start":{"line":45,"column":1},"end":{"line":45,"column":null}},{"start":{"line":45,"column":1},"end":{"line":45,"column":null}}],"line":45},"2":{"loc":{"start":{"line":46,"column":1},"end":{"line":46,"column":17}},"type":"cond-expr","locations":[{"start":{"line":46,"column":1},"end":{"line":46,"column":17}},{"start":{"line":46,"column":1},"end":{"line":46,"column":17}}],"line":46},"3":{"loc":{"start":{"line":46,"column":17},"end":{"line":52,"column":null}},"type":"if","locations":[{"start":{"line":46,"column":17},"end":{"line":52,"column":null}},{"start":{"line":52,"column":62},"end":{"line":52,"column":null}}],"line":46},"4":{"loc":{"start":{"line":46,"column":17},"end":{"line":46,"column":null}},"type":"binary-expr","locations":[{"start":{"line":46,"column":17},"end":{"line":46,"column":null}},{"start":{"line":46,"column":17},"end":{"line":46,"column":null}},{"start":{"line":46,"column":17},"end":{"line":46,"column":null}}],"line":46},"5":{"loc":{"start":{"line":52,"column":62},"end":{"line":54,"column":null}},"type":"if","locations":[{"start":{"line":52,"column":62},"end":{"line":54,"column":null}},{"start":{"line":54,"column":4},"end":{"line":54,"column":null}}],"line":52},"6":{"loc":{"start":{"line":52,"column":62},"end":{"line":52,"column":null}},"type":"binary-expr","locations":[{"start":{"line":52,"column":62},"end":{"line":52,"column":null}},{"start":{"line":52,"column":62},"end":{"line":52,"column":null}}],"line":52}},"s":{"0":2,"1":24,"2":24,"3":24,"4":0,"5":24,"6":24,"7":24,"8":20,"9":4,"10":24,"11":24,"12":0,"13":24,"14":2},"f":{"0":24},"b":{"0":[24,0],"1":[6,18],"2":[24,0],"3":[20,4],"4":[24,4,4],"5":[24,0],"6":[24,0]},"meta":{"lastBranch":7,"lastFunction":1,"lastStatement":15,"seen":{"s:6:6:41:1":0,"f:43:0:43:16":0,"s:43:0:43:16":1,"b:43:0:48:Infinity:48:62:48:Infinity":0,"s:43:0:48:Infinity":2,"s:43:16:43:Infinity":3,"s:48:62:48:Infinity":4,"s:45:1:45:Infinity":5,"b:45:1:45:Infinity:45:1:45:Infinity":1,"s:46:1:46:17":6,"b:46:1:46:17:46:1:46:17":2,"b:46:17:52:Infinity:52:62:52:Infinity":3,"s:46:17:52:Infinity":7,"b:46:17:46:Infinity:46:17:46:Infinity:46:17:46:Infinity":4,"s:52:14:52:Infinity":8,"s:52:62:52:Infinity":9,"b:52:62:54:Infinity:54:4:54:Infinity":5,"s:52:62:54:Infinity":10,"b:52:62:52:Infinity:52:62:52:Infinity":6,"s:50:2:54:Infinity":11,"s:54:4:54:Infinity":12,"s:54:4:50:3":13,"s:58:0:58:Infinity":14}}}
,"/Users/joepaulsen/workspace/MCGithubExplorer/src/components/ui/Card.tsx": {"path":"/Users/joepaulsen/workspace/MCGithubExplorer/src/components/ui/Card.tsx","statementMap":{"0":{"start":{"line":5,"column":0},"end":{"line":5,"column":14}},"1":{"start":{"line":5,"column":0},"end":{"line":9,"column":null}},"2":{"start":{"line":5,"column":14},"end":{"line":5,"column":null}},"3":{"start":{"line":9,"column":60},"end":{"line":9,"column":null}},"4":{"start":{"line":7,"column":2},"end":{"line":7,"column":18}},"5":{"start":{"line":7,"column":18},"end":{"line":17,"column":null}},"6":{"start":{"line":14,"column":17},"end":{"line":17,"column":null}},"7":{"start":{"line":17,"column":7},"end":{"line":17,"column":null}},"8":{"start":{"line":17,"column":7},"end":{"line":19,"column":null}},"9":{"start":{"line":11,"column":4},"end":{"line":19,"column":null}},"10":{"start":{"line":19,"column":6},"end":{"line":19,"column":null}},"11":{"start":{"line":19,"column":6},"end":{"line":11,"column":null}},"12":{"start":{"line":23,"column":0},"end":{"line":23,"column":20}},"13":{"start":{"line":23,"column":0},"end":{"line":23,"column":null}},"14":{"start":{"line":23,"column":20},"end":{"line":23,"column":72}},"15":{"start":{"line":23,"column":72},"end":{"line":23,"column":null}},"16":{"start":{"line":23,"column":72},"end":{"line":30,"column":null}},"17":{"start":{"line":27,"column":17},"end":{"line":30,"column":null}},"18":{"start":{"line":30,"column":7},"end":{"line":30,"column":null}},"19":{"start":{"line":30,"column":7},"end":{"line":32,"column":null}},"20":{"start":{"line":25,"column":4},"end":{"line":32,"column":null}},"21":{"start":{"line":32,"column":6},"end":{"line":32,"column":null}},"22":{"start":{"line":32,"column":6},"end":{"line":25,"column":null}},"23":{"start":{"line":36,"column":0},"end":{"line":36,"column":19}},"24":{"start":{"line":36,"column":0},"end":{"line":36,"column":null}},"25":{"start":{"line":36,"column":19},"end":{"line":36,"column":71}},"26":{"start":{"line":36,"column":71},"end":{"line":36,"column":null}},"27":{"start":{"line":36,"column":71},"end":{"line":43,"column":null}},"28":{"start":{"line":40,"column":17},"end":{"line":43,"column":null}},"29":{"start":{"line":43,"column":7},"end":{"line":43,"column":null}},"30":{"start":{"line":43,"column":7},"end":{"line":45,"column":null}},"31":{"start":{"line":38,"column":4},"end":{"line":45,"column":null}},"32":{"start":{"line":45,"column":6},"end":{"line":45,"column":null}},"33":{"start":{"line":45,"column":6},"end":{"line":38,"column":null}},"34":{"start":{"line":49,"column":0},"end":{"line":49,"column":25}},"35":{"start":{"line":49,"column":0},"end":{"line":49,"column":null}},"36":{"start":{"line":49,"column":25},"end":{"line":49,"column":77}},"37":{"start":{"line":49,"column":77},"end":{"line":49,"column":null}},"38":{"start":{"line":49,"column":77},"end":{"line":53,"column":null}},"39":{"start":{"line":53,"column":17},"end":{"line":53,"column":null}},"40":{"start":{"line":53,"column":63},"end":{"line":53,"column":null}},"41":{"start":{"line":53,"column":63},"end":{"line":55,"column":null}},"42":{"start":{"line":51,"column":4},"end":{"line":55,"column":null}},"43":{"start":{"line":55,"column":6},"end":{"line":55,"column":null}},"44":{"start":{"line":55,"column":6},"end":{"line":51,"column":null}},"45":{"start":{"line":59,"column":0},"end":{"line":59,"column":20}},"46":{"start":{"line":59,"column":0},"end":{"line":59,"column":null}},"47":{"start":{"line":59,"column":20},"end":{"line":59,"column":72}},"48":{"start":{"line":59,"column":72},"end":{"line":59,"column":null}},"49":{"start":{"line":59,"column":72},"end":{"line":66,"column":null}},"50":{"start":{"line":63,"column":17},"end":{"line":66,"column":null}},"51":{"start":{"line":66,"column":7},"end":{"line":66,"column":null}},"52":{"start":{"line":66,"column":7},"end":{"line":68,"column":null}},"53":{"start":{"line":61,"column":4},"end":{"line":68,"column":null}},"54":{"start":{"line":68,"column":6},"end":{"line":68,"column":null}},"55":{"start":{"line":68,"column":6},"end":{"line":61,"column":null}},"56":{"start":{"line":72,"column":0},"end":{"line":72,"column":21}},"57":{"start":{"line":72,"column":0},"end":{"line":72,"column":null}},"58":{"start":{"line":72,"column":21},"end":{"line":72,"column":73}},"59":{"start":{"line":72,"column":73},"end":{"line":72,"column":null}},"60":{"start":{"line":72,"column":73},"end":{"line":76,"column":null}},"61":{"start":{"line":76,"column":17},"end":{"line":76,"column":null}},"62":{"start":{"line":76,"column":69},"end":{"line":76,"column":null}},"63":{"start":{"line":76,"column":69},"end":{"line":78,"column":null}},"64":{"start":{"line":74,"column":4},"end":{"line":78,"column":null}},"65":{"start":{"line":78,"column":6},"end":{"line":78,"column":null}},"66":{"start":{"line":78,"column":6},"end":{"line":74,"column":null}},"67":{"start":{"line":82,"column":0},"end":{"line":82,"column":20}},"68":{"start":{"line":82,"column":0},"end":{"line":82,"column":null}},"69":{"start":{"line":82,"column":20},"end":{"line":82,"column":72}},"70":{"start":{"line":82,"column":72},"end":{"line":82,"column":null}},"71":{"start":{"line":82,"column":72},"end":{"line":89,"column":null}},"72":{"start":{"line":86,"column":17},"end":{"line":89,"column":null}},"73":{"start":{"line":89,"column":7},"end":{"line":89,"column":null}},"74":{"start":{"line":89,"column":7},"end":{"line":91,"column":null}},"75":{"start":{"line":84,"column":4},"end":{"line":91,"column":null}},"76":{"start":{"line":91,"column":6},"end":{"line":91,"column":null}},"77":{"start":{"line":91,"column":6},"end":{"line":84,"column":null}}},"fnMap":{"0":{"name":"Card","decl":{"start":{"line":5,"column":0},"end":{"line":5,"column":14}},"loc":{"start":{"line":5,"column":0},"end":{"line":11,"column":null}},"line":5},"1":{"name":"CardHeader","decl":{"start":{"line":23,"column":0},"end":{"line":23,"column":20}},"loc":{"start":{"line":23,"column":0},"end":{"line":25,"column":null}},"line":23},"2":{"name":"CardTitle","decl":{"start":{"line":36,"column":0},"end":{"line":36,"column":19}},"loc":{"start":{"line":36,"column":0},"end":{"line":38,"column":null}},"line":36},"3":{"name":"CardDescription","decl":{"start":{"line":49,"column":0},"end":{"line":49,"column":25}},"loc":{"start":{"line":49,"column":0},"end":{"line":51,"column":null}},"line":49},"4":{"name":"CardAction","decl":{"start":{"line":59,"column":0},"end":{"line":59,"column":20}},"loc":{"start":{"line":59,"column":0},"end":{"line":61,"column":null}},"line":59},"5":{"name":"CardContent","decl":{"start":{"line":72,"column":0},"end":{"line":72,"column":21}},"loc":{"start":{"line":72,"column":0},"end":{"line":74,"column":null}},"line":72},"6":{"name":"CardFooter","decl":{"start":{"line":82,"column":0},"end":{"line":82,"column":20}},"loc":{"start":{"line":82,"column":0},"end":{"line":84,"column":null}},"line":82}},"branchMap":{"0":{"loc":{"start":{"line":5,"column":0},"end":{"line":9,"column":null}},"type":"if","locations":[{"start":{"line":5,"column":0},"end":{"line":9,"column":null}},{"start":{"line":9,"column":60},"end":{"line":9,"column":null}}],"line":5},"1":{"loc":{"start":{"line":7,"column":2},"end":{"line":7,"column":18}},"type":"cond-expr","locations":[{"start":{"line":7,"column":2},"end":{"line":7,"column":18}},{"start":{"line":7,"column":2},"end":{"line":7,"column":18}}],"line":7},"2":{"loc":{"start":{"line":7,"column":18},"end":{"line":17,"column":null}},"type":"if","locations":[{"start":{"line":7,"column":18},"end":{"line":17,"column":null}},{"start":{"line":17,"column":7},"end":{"line":17,"column":null}}],"line":7},"3":{"loc":{"start":{"line":17,"column":7},"end":{"line":19,"column":null}},"type":"if","locations":[{"start":{"line":17,"column":7},"end":{"line":19,"column":null}},{"start":{"line":19,"column":6},"end":{"line":19,"column":null}}],"line":17},"4":{"loc":{"start":{"line":17,"column":7},"end":{"line":17,"column":null}},"type":"binary-expr","locations":[{"start":{"line":17,"column":7},"end":{"line":17,"column":null}},{"start":{"line":17,"column":7},"end":{"line":17,"column":null}},{"start":{"line":17,"column":7},"end":{"line":17,"column":null}}],"line":17},"5":{"loc":{"start":{"line":23,"column":0},"end":{"line":23,"column":null}},"type":"if","locations":[{"start":{"line":23,"column":0},"end":{"line":23,"column":null}},{"start":{"line":23,"column":72},"end":{"line":23,"column":null}}],"line":23},"6":{"loc":{"start":{"line":23,"column":72},"end":{"line":30,"column":null}},"type":"if","locations":[{"start":{"line":23,"column":72},"end":{"line":30,"column":null}},{"start":{"line":30,"column":7},"end":{"line":30,"column":null}}],"line":23},"7":{"loc":{"start":{"line":30,"column":7},"end":{"line":32,"column":null}},"type":"if","locations":[{"start":{"line":30,"column":7},"end":{"line":32,"column":null}},{"start":{"line":32,"column":6},"end":{"line":32,"column":null}}],"line":30},"8":{"loc":{"start":{"line":30,"column":7},"end":{"line":30,"column":null}},"type":"binary-expr","locations":[{"start":{"line":30,"column":7},"end":{"line":30,"column":null}},{"start":{"line":30,"column":7},"end":{"line":30,"column":null}}],"line":30},"9":{"loc":{"start":{"line":36,"column":0},"end":{"line":36,"column":null}},"type":"if","locations":[{"start":{"line":36,"column":0},"end":{"line":36,"column":null}},{"start":{"line":36,"column":71},"end":{"line":36,"column":null}}],"line":36},"10":{"loc":{"start":{"line":36,"column":71},"end":{"line":43,"column":null}},"type":"if","locations":[{"start":{"line":36,"column":71},"end":{"line":43,"column":null}},{"start":{"line":43,"column":7},"end":{"line":43,"column":null}}],"line":36},"11":{"loc":{"start":{"line":43,"column":7},"end":{"line":45,"column":null}},"type":"if","locations":[{"start":{"line":43,"column":7},"end":{"line":45,"column":null}},{"start":{"line":45,"column":6},"end":{"line":45,"column":null}}],"line":43},"12":{"loc":{"start":{"line":43,"column":7},"end":{"line":43,"column":null}},"type":"binary-expr","locations":[{"start":{"line":43,"column":7},"end":{"line":43,"column":null}},{"start":{"line":43,"column":7},"end":{"line":43,"column":null}}],"line":43},"13":{"loc":{"start":{"line":49,"column":0},"end":{"line":49,"column":null}},"type":"if","locations":[{"start":{"line":49,"column":0},"end":{"line":49,"column":null}},{"start":{"line":49,"column":77},"end":{"line":49,"column":null}}],"line":49},"14":{"loc":{"start":{"line":49,"column":77},"end":{"line":53,"column":null}},"type":"if","locations":[{"start":{"line":49,"column":77},"end":{"line":53,"column":null}},{"start":{"line":53,"column":63},"end":{"line":53,"column":null}}],"line":49},"15":{"loc":{"start":{"line":53,"column":63},"end":{"line":55,"column":null}},"type":"if","locations":[{"start":{"line":53,"column":63},"end":{"line":55,"column":null}},{"start":{"line":55,"column":6},"end":{"line":55,"column":null}}],"line":53},"16":{"loc":{"start":{"line":53,"column":63},"end":{"line":53,"column":null}},"type":"binary-expr","locations":[{"start":{"line":53,"column":63},"end":{"line":53,"column":null}},{"start":{"line":53,"column":63},"end":{"line":53,"column":null}}],"line":53},"17":{"loc":{"start":{"line":59,"column":0},"end":{"line":59,"column":null}},"type":"if","locations":[{"start":{"line":59,"column":0},"end":{"line":59,"column":null}},{"start":{"line":59,"column":72},"end":{"line":59,"column":null}}],"line":59},"18":{"loc":{"start":{"line":59,"column":72},"end":{"line":66,"column":null}},"type":"if","locations":[{"start":{"line":59,"column":72},"end":{"line":66,"column":null}},{"start":{"line":66,"column":7},"end":{"line":66,"column":null}}],"line":59},"19":{"loc":{"start":{"line":66,"column":7},"end":{"line":68,"column":null}},"type":"if","locations":[{"start":{"line":66,"column":7},"end":{"line":68,"column":null}},{"start":{"line":68,"column":6},"end":{"line":68,"column":null}}],"line":66},"20":{"loc":{"start":{"line":66,"column":7},"end":{"line":66,"column":null}},"type":"binary-expr","locations":[{"start":{"line":66,"column":7},"end":{"line":66,"column":null}},{"start":{"line":66,"column":7},"end":{"line":66,"column":null}}],"line":66},"21":{"loc":{"start":{"line":72,"column":0},"end":{"line":72,"column":null}},"type":"if","locations":[{"start":{"line":72,"column":0},"end":{"line":72,"column":null}},{"start":{"line":72,"column":73},"end":{"line":72,"column":null}}],"line":72},"22":{"loc":{"start":{"line":72,"column":73},"end":{"line":76,"column":null}},"type":"if","locations":[{"start":{"line":72,"column":73},"end":{"line":76,"column":null}},{"start":{"line":76,"column":69},"end":{"line":76,"column":null}}],"line":72},"23":{"loc":{"start":{"line":76,"column":69},"end":{"line":78,"column":null}},"type":"if","locations":[{"start":{"line":76,"column":69},"end":{"line":78,"column":null}},{"start":{"line":78,"column":6},"end":{"line":78,"column":null}}],"line":76},"24":{"loc":{"start":{"line":76,"column":69},"end":{"line":76,"column":null}},"type":"binary-expr","locations":[{"start":{"line":76,"column":69},"end":{"line":76,"column":null}},{"start":{"line":76,"column":69},"end":{"line":76,"column":null}}],"line":76},"25":{"loc":{"start":{"line":82,"column":0},"end":{"line":82,"column":null}},"type":"if","locations":[{"start":{"line":82,"column":0},"end":{"line":82,"column":null}},{"start":{"line":82,"column":72},"end":{"line":82,"column":null}}],"line":82},"26":{"loc":{"start":{"line":82,"column":72},"end":{"line":89,"column":null}},"type":"if","locations":[{"start":{"line":82,"column":72},"end":{"line":89,"column":null}},{"start":{"line":89,"column":7},"end":{"line":89,"column":null}}],"line":82},"27":{"loc":{"start":{"line":89,"column":7},"end":{"line":91,"column":null}},"type":"if","locations":[{"start":{"line":89,"column":7},"end":{"line":91,"column":null}},{"start":{"line":91,"column":6},"end":{"line":91,"column":null}}],"line":89},"28":{"loc":{"start":{"line":89,"column":7},"end":{"line":89,"column":null}},"type":"binary-expr","locations":[{"start":{"line":89,"column":7},"end":{"line":89,"column":null}},{"start":{"line":89,"column":7},"end":{"line":89,"column":null}}],"line":89}},"s":{"0":31,"1":31,"2":31,"3":0,"4":31,"5":31,"6":31,"7":0,"8":31,"9":31,"10":0,"11":31,"12":1,"13":1,"14":1,"15":0,"16":1,"17":1,"18":0,"19":1,"20":1,"21":0,"22":1,"23":1,"24":1,"25":1,"26":0,"27":1,"28":1,"29":0,"30":1,"31":1,"32":0,"33":1,"34":1,"35":1,"36":1,"37":0,"38":1,"39":1,"40":0,"41":1,"42":1,"43":0,"44":1,"45":0,"46":0,"47":0,"48":0,"49":0,"50":0,"51":0,"52":0,"53":0,"54":0,"55":0,"56":23,"57":23,"58":23,"59":0,"60":23,"61":23,"62":0,"63":23,"64":23,"65":0,"66":23,"67":1,"68":1,"69":1,"70":0,"71":1,"72":1,"73":0,"74":1,"75":1,"76":0,"77":1},"f":{"0":31,"1":1,"2":1,"3":1,"4":0,"5":23,"6":1},"b":{"0":[31,0],"1":[30,1],"2":[31,0],"3":[31,0],"4":[31,0,0],"5":[1,0],"6":[1,0],"7":[1,0],"8":[1,0],"9":[1,0],"10":[1,0],"11":[1,0],"12":[1,0],"13":[1,0],"14":[1,0],"15":[1,0],"16":[1,0],"17":[0,0],"18":[0,0],"19":[0,0],"20":[0,0],"21":[23,0],"22":[23,0],"23":[23,0],"24":[23,0],"25":[1,0],"26":[1,0],"27":[1,0],"28":[1,0]},"meta":{"lastBranch":29,"lastFunction":7,"lastStatement":78,"seen":{"f:5:0:5:14":0,"s:5:0:5:14":0,"b:5:0:9:Infinity:9:60:9:Infinity":0,"s:5:0:9:Infinity":1,"s:5:14:5:Infinity":2,"s:9:60:9:Infinity":3,"s:7:2:7:18":4,"b:7:2:7:18:7:2:7:18":1,"b:7:18:17:Infinity:17:7:17:Infinity":2,"s:7:18:17:Infinity":5,"s:14:17:17:Infinity":6,"s:17:7:17:Infinity":7,"b:17:7:19:Infinity:19:6:19:Infinity":3,"s:17:7:19:Infinity":8,"b:17:7:17:Infinity:17:7:17:Infinity:17:7:17:Infinity":4,"s:11:4:19:Infinity":9,"s:19:6:19:Infinity":10,"s:19:6:11:Infinity":11,"f:23:0:23:20":1,"s:23:0:23:20":12,"b:23:0:23:Infinity:23:72:23:Infinity":5,"s:23:0:23:Infinity":13,"s:23:20:23:72":14,"s:23:72:23:Infinity":15,"b:23:72:30:Infinity:30:7:30:Infinity":6,"s:23:72:30:Infinity":16,"s:27:17:30:Infinity":17,"s:30:7:30:Infinity":18,"b:30:7:32:Infinity:32:6:32:Infinity":7,"s:30:7:32:Infinity":19,"b:30:7:30:Infinity:30:7:30:Infinity":8,"s:25:4:32:Infinity":20,"s:32:6:32:Infinity":21,"s:32:6:25:Infinity":22,"f:36:0:36:19":2,"s:36:0:36:19":23,"b:36:0:36:Infinity:36:71:36:Infinity":9,"s:36:0:36:Infinity":24,"s:36:19:36:71":25,"s:36:71:36:Infinity":26,"b:36:71:43:Infinity:43:7:43:Infinity":10,"s:36:71:43:Infinity":27,"s:40:17:43:Infinity":28,"s:43:7:43:Infinity":29,"b:43:7:45:Infinity:45:6:45:Infinity":11,"s:43:7:45:Infinity":30,"b:43:7:43:Infinity:43:7:43:Infinity":12,"s:38:4:45:Infinity":31,"s:45:6:45:Infinity":32,"s:45:6:38:Infinity":33,"f:49:0:49:25":3,"s:49:0:49:25":34,"b:49:0:49:Infinity:49:77:49:Infinity":13,"s:49:0:49:Infinity":35,"s:49:25:49:77":36,"s:49:77:49:Infinity":37,"b:49:77:53:Infinity:53:63:53:Infinity":14,"s:49:77:53:Infinity":38,"s:53:17:53:Infinity":39,"s:53:63:53:Infinity":40,"b:53:63:55:Infinity:55:6:55:Infinity":15,"s:53:63:55:Infinity":41,"b:53:63:53:Infinity:53:63:53:Infinity":16,"s:51:4:55:Infinity":42,"s:55:6:55:Infinity":43,"s:55:6:51:Infinity":44,"f:59:0:59:20":4,"s:59:0:59:20":45,"b:59:0:59:Infinity:59:72:59:Infinity":17,"s:59:0:59:Infinity":46,"s:59:20:59:72":47,"s:59:72:59:Infinity":48,"b:59:72:66:Infinity:66:7:66:Infinity":18,"s:59:72:66:Infinity":49,"s:63:17:66:Infinity":50,"s:66:7:66:Infinity":51,"b:66:7:68:Infinity:68:6:68:Infinity":19,"s:66:7:68:Infinity":52,"b:66:7:66:Infinity:66:7:66:Infinity":20,"s:61:4:68:Infinity":53,"s:68:6:68:Infinity":54,"s:68:6:61:Infinity":55,"f:72:0:72:21":5,"s:72:0:72:21":56,"b:72:0:72:Infinity:72:73:72:Infinity":21,"s:72:0:72:Infinity":57,"s:72:21:72:73":58,"s:72:73:72:Infinity":59,"b:72:73:76:Infinity:76:69:76:Infinity":22,"s:72:73:76:Infinity":60,"s:76:17:76:Infinity":61,"s:76:69:76:Infinity":62,"b:76:69:78:Infinity:78:6:78:Infinity":23,"s:76:69:78:Infinity":63,"b:76:69:76:Infinity:76:69:76:Infinity":24,"s:74:4:78:Infinity":64,"s:78:6:78:Infinity":65,"s:78:6:74:Infinity":66,"f:82:0:82:20":6,"s:82:0:82:20":67,"b:82:0:82:Infinity:82:72:82:Infinity":25,"s:82:0:82:Infinity":68,"s:82:20:82:72":69,"s:82:72:82:Infinity":70,"b:82:72:89:Infinity:89:7:89:Infinity":26,"s:82:72:89:Infinity":71,"s:86:17:89:Infinity":72,"s:89:7:89:Infinity":73,"b:89:7:91:Infinity:91:6:91:Infinity":27,"s:89:7:91:Infinity":74,"b:89:7:89:Infinity:89:7:89:Infinity":28,"s:84:4:91:Infinity":75,"s:91:6:91:Infinity":76,"s:91:6:84:Infinity":77}}}
[...]
,"/Users/joepaulsen/workspace/MCGithubExplorer/src/components/ui/badge.tsx": {"path":"/Users/joepaulsen/workspace/MCGithubExplorer/src/components/ui/badge.tsx","statementMap":{"0":{"start":{"line":7,"column":6},"end":{"line":28,"column":1}},"1":{"start":{"line":30,"column":0},"end":{"line":30,"column":15}},"2":{"start":{"line":30,"column":0},"end":{"line":43,"column":null}},"3":{"start":{"line":30,"column":15},"end":{"line":30,"column":null}},"4":{"start":{"line":32,"column":2},"end":{"line":32,"column":null}},"5":{"start":{"line":36,"column":9},"end":{"line":36,"column":19}},"6":{"start":{"line":37,"column":20},"end":{"line":37,"column":26}},"7":{"start":{"line":38,"column":11},"end":{"line":43,"column":null}},"8":{"start":{"line":43,"column":5},"end":{"line":43,"column":null}},"9":{"start":{"line":43,"column":5},"end":{"line":48,"column":null}},"10":{"start":{"line":45,"column":11},"end":{"line":48,"column":null}},"11":{"start":{"line":48,"column":5},"end":{"line":48,"column":null}},"12":{"start":{"line":48,"column":5},"end":{"line":49,"column":4}},"13":{"start":{"line":36,"column":19},"end":{"line":49,"column":4}},"14":{"start":{"line":49,"column":3},"end":{"line":49,"column":4}},"15":{"start":{"line":49,"column":3},"end":{"line":49,"column":null}}},"fnMap":{"0":{"name":"Badge","decl":{"start":{"line":30,"column":0},"end":{"line":30,"column":15}},"loc":{"start":{"line":30,"column":0},"end":{"line":49,"column":null}},"line":30}},"branchMap":{"0":{"loc":{"start":{"line":30,"column":0},"end":{"line":43,"column":null}},"type":"if","locations":[{"start":{"line":30,"column":0},"end":{"line":43,"column":null}},{"start":{"line":43,"column":5},"end":{"line":43,"column":null}}],"line":30},"1":{"loc":{"start":{"line":32,"column":2},"end":{"line":32,"column":null}},"type":"cond-expr","locations":[{"start":{"line":32,"column":2},"end":{"line":32,"column":null}},{"start":{"line":32,"column":2},"end":{"line":32,"column":null}}],"line":32},"2":{"loc":{"start":{"line":43,"column":5},"end":{"line":48,"column":null}},"type":"if","locations":[{"start":{"line":43,"column":5},"end":{"line":48,"column":null}},{"start":{"line":48,"column":5},"end":{"line":48,"column":null}}],"line":43},"3":{"loc":{"start":{"line":48,"column":5},"end":{"line":49,"column":4}},"type":"if","locations":[{"start":{"line":48,"column":5},"end":{"line":49,"column":4}},{"start":{"line":49,"column":3},"end":{"line":49,"column":4}}],"line":48},"4":{"loc":{"start":{"line":48,"column":5},"end":{"line":48,"column":null}},"type":"binary-expr","locations":[{"start":{"line":48,"column":5},"end":{"line":48,"column":null}},{"start":{"line":48,"column":5},"end":{"line":48,"column":null}},{"start":{"line":48,"column":5},"end":{"line":48,"column":null}},{"start":{"line":48,"column":5},"end":{"line":48,"column":null}}],"line":48}},"s":{"0":1,"1":13,"2":13,"3":13,"4":13,"5":13,"6":13,"7":13,"8":0,"9":13,"10":13,"11":0,"12":13,"13":13,"14":0,"15":13},"f":{"0":13},"b":{"0":[13,0],"1":[13,0],"2":[13,0],"3":[13,0],"4":[13,0,0,0]},"meta":{"lastBranch":5,"lastFunction":1,"lastStatement":16,"seen":{"s:7:6:28:1":0,"f:30:0:30:15":0,"s:30:0:30:15":1,"b:30:0:43:Infinity:43:5:43:Infinity":0,"s:30:0:43:Infinity":2,"s:30:15:30:Infinity":3,"s:32:2:32:Infinity":4,"b:32:2:32:Infinity:32:2:32:Infinity":1,"s:36:9:36:19":5,"s:37:20:37:26":6,"s:38:11:43:Infinity":7,"s:43:5:43:Infinity":8,"b:43:5:48:Infinity:48:5:48:Infinity":2,"s:43:5:48:Infinity":9,"s:45:11:48:Infinity":10,"s:48:5:48:Infinity":11,"b:48:5:49:4:49:3:49:4":3,"s:48:5:49:4":12,"b:48:5:48:Infinity:48:5:48:Infinity:48:5:48:Infinity:48:5:48:Infinity":4,"s:36:19:49:4":13,"s:49:3:49:4":14,"s:49:3:49:Infinity":15}}}
,"/Users/joepaulsen/workspace/MCGithubExplorer/src/components/ui/spinner.tsx": {"path":"/Users/joepaulsen/workspace/MCGithubExplorer/src/components/ui/spinner.tsx","statementMap":{"0":{"start":{"line":4,"column":0},"end":{"line":4,"column":17}},"1":{"start":{"line":4,"column":0},"end":{"line":4,"column":null}},"2":{"start":{"line":4,"column":17},"end":{"line":4,"column":69}},"3":{"start":{"line":4,"column":69},"end":{"line":4,"column":null}},"4":{"start":{"line":4,"column":69},"end":{"line":9,"column":null}},"5":{"start":{"line":9,"column":14},"end":{"line":9,"column":null}},"6":{"start":{"line":9,"column":50},"end":{"line":9,"column":null}},"7":{"start":{"line":9,"column":50},"end":{"line":11,"column":null}},"8":{"start":{"line":6,"column":2},"end":{"line":11,"column":null}},"9":{"start":{"line":11,"column":4},"end":{"line":11,"column":null}},"10":{"start":{"line":11,"column":4},"end":{"line":6,"column":3}},"11":{"start":{"line":15,"column":0},"end":{"line":15,"column":null}}},"fnMap":{"0":{"name":"Spinner","decl":{"start":{"line":4,"column":0},"end":{"line":4,"column":17}},"loc":{"start":{"line":4,"column":0},"end":{"line":6,"column":3}},"line":4}},"branchMap":{"0":{"loc":{"start":{"line":4,"column":0},"end":{"line":4,"column":null}},"type":"if","locations":[{"start":{"line":4,"column":0},"end":{"line":4,"column":null}},{"start":{"line":4,"column":69},"end":{"line":4,"column":null}}],"line":4},"1":{"loc":{"start":{"line":4,"column":69},"end":{"line":9,"column":null}},"type":"if","locations":[{"start":{"line":4,"column":69},"end":{"line":9,"column":null}},{"start":{"line":9,"column":50},"end":{"line":9,"column":null}}],"line":4},"2":{"loc":{"start":{"line":9,"column":50},"end":{"line":11,"column":null}},"type":"if","locations":[{"start":{"line":9,"column":50},"end":{"line":11,"column":null}},{"start":{"line":11,"column":4},"end":{"line":11,"column":null}}],"line":9},"3":{"loc":{"start":{"line":9,"column":50},"end":{"line":9,"column":null}},"type":"binary-expr","locations":[{"start":{"line":9,"column":50},"end":{"line":9,"column":null}},{"start":{"line":9,"column":50},"end":{"line":9,"column":null}}],"line":9}},"s":{"0":1,"1":1,"2":1,"3":0,"4":1,"5":1,"6":0,"7":1,"8":1,"9":0,"10":1,"11":1},"f":{"0":1},"b":{"0":[1,0],"1":[1,0],"2":[1,0],"3":[1,0]},"meta":{"lastBranch":4,"lastFunction":1,"lastStatement":12,"seen":{"f:4:0:4:17":0,"s:4:0:4:17":0,"b:4:0:4:Infinity:4:69:4:Infinity":0,"s:4:0:4:Infinity":1,"s:4:17:4:69":2,"s:4:69:4:Infinity":3,"b:4:69:9:Infinity:9:50:9:Infinity":1,"s:4:69:9:Infinity":4,"s:9:14:9:Infinity":5,"s:9:50:9:Infinity":6,"b:9:50:11:Infinity:11:4:11:Infinity":2,"s:9:50:11:Infinity":7,"b:9:50:9:Infinity:9:50:9:Infinity":3,"s:6:2:11:Infinity":8,"s:11:4:11:Infinity":9,"s:11:4:6:3":10,"s:15:0:15:Infinity":11}}}
,"/Users/joepaulsen/workspace/MCGithubExplorer/src/hooks/useDebounce.ts": {"path":"/Users/joepaulsen/workspace/MCGithubExplorer/src/hooks/useDebounce.ts","statementMap":{"0":{"start":{"line":3,"column":15},"end":{"line":3,"column":49}},"1":{"start":{"line":3,"column":49},"end":{"line":3,"column":null}},"2":{"start":{"line":4,"column":1},"end":{"line":4,"column":50}},"3":{"start":{"line":4,"column":51},"end":{"line":9,"column":19}},"4":{"start":{"line":6,"column":11},"end":{"line":8,"column":null}},"5":{"start":{"line":7,"column":18},"end":{"line":7,"column":62}},"6":{"start":{"line":7,"column":35},"end":{"line":7,"column":54}},"7":{"start":{"line":7,"column":63},"end":{"line":8,"column":null}},"8":{"start":{"line":8,"column":15},"end":{"line":8,"column":36}},"9":{"start":{"line":9,"column":4},"end":{"line":9,"column":19}},"10":{"start":{"line":9,"column":18},"end":{"line":9,"column":19}},"11":{"start":{"line":6,"column":1},"end":{"line":9,"column":null}},"12":{"start":{"line":9,"column":19},"end":{"line":11,"column":null}}},"fnMap":{"0":{"name":"useDebounce","decl":{"start":{"line":3,"column":15},"end":{"line":3,"column":49}},"loc":{"start":{"line":3,"column":15},"end":{"line":11,"column":null}},"line":3},"1":{"name":"(anonymous_1)","decl":{"start":{"line":6,"column":11},"end":{"line":6,"column":null}},"loc":{"start":{"line":6,"column":11},"end":{"line":8,"column":null}},"line":6},"2":{"name":"(anonymous_2)","decl":{"start":{"line":7,"column":18},"end":{"line":7,"column":35}},"loc":{"start":{"line":7,"column":35},"end":{"line":7,"column":54}},"line":7},"3":{"name":"(anonymous_3)","decl":{"start":{"line":7,"column":63},"end":{"line":7,"column":null}},"loc":{"start":{"line":8,"column":15},"end":{"line":8,"column":36}},"line":8}},"branchMap":{"0":{"loc":{"start":{"line":3,"column":49},"end":{"line":3,"column":null}},"type":"cond-expr","locations":[{"start":{"line":3,"column":49},"end":{"line":3,"column":null}},{"start":{"line":3,"column":49},"end":{"line":3,"column":null}}],"line":3},"1":{"loc":{"start":{"line":4,"column":51},"end":{"line":9,"column":19}},"type":"if","locations":[{"start":{"line":4,"column":51},"end":{"line":9,"column":19}},{"start":{"line":9,"column":18},"end":{"line":9,"column":19}}],"line":4},"2":{"loc":{"start":{"line":4,"column":51},"end":{"line":4,"column":null}},"type":"binary-expr","locations":[{"start":{"line":4,"column":51},"end":{"line":4,"column":null}},{"start":{"line":4,"column":51},"end":{"line":4,"column":null}}],"line":4}},"s":{"0":17,"1":17,"2":17,"3":17,"4":14,"5":14,"6":3,"7":14,"8":14,"9":14,"10":3,"11":17,"12":17},"f":{"0":17,"1":14,"2":3,"3":14},"b":{"0":[0,17],"1":[14,3],"2":[17,9]},"meta":{"lastBranch":3,"lastFunction":4,"lastStatement":13,"seen":{"f:3:15:3:49":0,"s:3:15:3:49":0,"s:3:49:3:Infinity":1,"b:3:49:3:Infinity:3:49:3:Infinity":0,"s:4:1:4:50":2,"b:4:51:9:19:9:18:9:19":1,"s:4:51:9:19":3,"b:4:51:4:Infinity:4:51:4:Infinity":2,"s:6:11:8:Infinity":4,"f:6:11:6:Infinity":1,"s:7:18:7:62":5,"f:7:18:7:35":2,"s:7:35:7:54":6,"s:7:63:8:Infinity":7,"f:7:63:7:Infinity":3,"s:8:15:8:36":8,"s:9:4:9:19":9,"s:9:18:9:19":10,"s:6:1:9:Infinity":11,"s:9:19:11:Infinity":12}}}
,"/Users/joepaulsen/workspace/MCGithubExplorer/src/hooks/useGetUser.ts": {"path":"/Users/joepaulsen/workspace/MCGithubExplorer/src/hooks/useGetUser.ts","statementMap":{"0":{"start":{"line":4,"column":7},"end":{"line":4,"column":null}},"1":{"start":{"line":4,"column":7},"end":{"line":7,"column":null}},"2":{"start":{"line":6,"column":12},"end":{"line":6,"column":null}},"3":{"start":{"line":7,"column":11},"end":{"line":7,"column":null}},"4":{"start":{"line":7,"column":11},"end":{"line":7,"column":40}},"5":{"start":{"line":7,"column":40},"end":{"line":7,"column":null}},"6":{"start":{"line":8,"column":11},"end":{"line":8,"column":21}},"7":{"start":{"line":8,"column":21},"end":{"line":9,"column":3}},"8":{"start":{"line":5,"column":17},"end":{"line":9,"column":3}},"9":{"start":{"line":9,"column":2},"end":{"line":9,"column":3}},"10":{"start":{"line":9,"column":2},"end":{"line":9,"column":null}}},"fnMap":{"0":{"name":"useGetUser","decl":{"start":{"line":4,"column":7},"end":{"line":4,"column":null}},"loc":{"start":{"line":4,"column":7},"end":{"line":9,"column":null}},"line":4},"1":{"name":"(anonymous_1)","decl":{"start":{"line":7,"column":11},"end":{"line":7,"column":17}},"loc":{"start":{"line":7,"column":11},"end":{"line":7,"column":40}},"line":7}},"branchMap":{"0":{"loc":{"start":{"line":4,"column":7},"end":{"line":7,"column":null}},"type":"if","locations":[{"start":{"line":4,"column":7},"end":{"line":7,"column":null}},{"start":{"line":7,"column":40},"end":{"line":7,"column":null}}],"line":4},"1":{"loc":{"start":{"line":8,"column":21},"end":{"line":9,"column":3}},"type":"if","locations":[{"start":{"line":8,"column":21},"end":{"line":9,"column":3}},{"start":{"line":9,"column":2},"end":{"line":9,"column":3}}],"line":8},"2":{"loc":{"start":{"line":8,"column":21},"end":{"line":8,"column":null}},"type":"binary-expr","locations":[{"start":{"line":8,"column":21},"end":{"line":8,"column":null}},{"start":{"line":8,"column":21},"end":{"line":8,"column":null}},{"start":{"line":8,"column":21},"end":{"line":8,"column":null}}],"line":8}},"s":{"0":3,"1":3,"2":2,"3":2,"4":1,"5":1,"6":3,"7":3,"8":2,"9":1,"10":3},"f":{"0":3,"1":1},"b":{"0":[2,1],"1":[2,1],"2":[3,1,1]},"meta":{"lastBranch":3,"lastFunction":2,"lastStatement":11,"seen":{"f:4:7:4:Infinity":0,"s:4:7:4:Infinity":0,"b:4:7:7:Infinity:7:40:7:Infinity":0,"s:4:7:7:Infinity":1,"s:6:12:6:Infinity":2,"s:7:11:7:Infinity":3,"f:7:11:7:17":1,"s:7:11:7:40":4,"s:7:40:7:Infinity":5,"s:8:11:8:21":6,"b:8:21:9:3:9:2:9:3":1,"s:8:21:9:3":7,"b:8:21:8:Infinity:8:21:8:Infinity:8:21:8:Infinity":2,"s:5:17:9:3":8,"s:9:2:9:3":9,"s:9:2:9:Infinity":10}}}
,"/Users/joepaulsen/workspace/MCGithubExplorer/src/hooks/useSearchSuggestions.ts": {"path":"/Users/joepaulsen/workspace/MCGithubExplorer/src/hooks/useSearchSuggestions.ts","statementMap":{"0":{"start":{"line":4,"column":13},"end":{"line":10,"column":null}},"1":{"start":{"line":4,"column":36},"end":{"line":4,"column":null}},"2":{"start":{"line":4,"column":36},"end":{"line":7,"column":null}},"3":{"start":{"line":6,"column":12},"end":{"line":6,"column":null}},"4":{"start":{"line":7,"column":11},"end":{"line":7,"column":null}},"5":{"start":{"line":7,"column":11},"end":{"line":7,"column":41}},"6":{"start":{"line":7,"column":41},"end":{"line":7,"column":null}},"7":{"start":{"line":8,"column":11},"end":{"line":8,"column":28}},"8":{"start":{"line":8,"column":28},"end":{"line":10,"column":3}},"9":{"start":{"line":5,"column":17},"end":{"line":10,"column":3}},"10":{"start":{"line":10,"column":2},"end":{"line":10,"column":3}},"11":{"start":{"line":10,"column":2},"end":{"line":10,"column":null}}},"fnMap":{"0":{"name":"(anonymous_0)","decl":{"start":{"line":4,"column":13},"end":{"line":4,"column":36}},"loc":{"start":{"line":4,"column":36},"end":{"line":10,"column":null}},"line":4},"1":{"name":"(anonymous_1)","decl":{"start":{"line":7,"column":11},"end":{"line":7,"column":17}},"loc":{"start":{"line":7,"column":11},"end":{"line":7,"column":41}},"line":7}},"branchMap":{"0":{"loc":{"start":{"line":4,"column":36},"end":{"line":7,"column":null}},"type":"if","locations":[{"start":{"line":4,"column":36},"end":{"line":7,"column":null}},{"start":{"line":7,"column":41},"end":{"line":7,"column":null}}],"line":4},"1":{"loc":{"start":{"line":8,"column":28},"end":{"line":10,"column":3}},"type":"if","locations":[{"start":{"line":8,"column":28},"end":{"line":10,"column":3}},{"start":{"line":10,"column":2},"end":{"line":10,"column":3}}],"line":8},"2":{"loc":{"start":{"line":8,"column":28},"end":{"line":8,"column":null}},"type":"binary-expr","locations":[{"start":{"line":8,"column":28},"end":{"line":8,"column":null}},{"start":{"line":8,"column":28},"end":{"line":8,"column":null}},{"start":{"line":8,"column":28},"end":{"line":8,"column":null}}],"line":8}},"s":{"0":2,"1":4,"2":4,"3":3,"4":3,"5":1,"6":1,"7":4,"8":4,"9":3,"10":1,"11":4},"f":{"0":4,"1":1},"b":{"0":[3,1],"1":[3,1],"2":[4,1,1]},"meta":{"lastBranch":3,"lastFunction":2,"lastStatement":12,"seen":{"s:4:13:10:Infinity":0,"f:4:13:4:36":0,"s:4:36:4:Infinity":1,"b:4:36:7:Infinity:7:41:7:Infinity":0,"s:4:36:7:Infinity":2,"s:6:12:6:Infinity":3,"s:7:11:7:Infinity":4,"f:7:11:7:17":1,"s:7:11:7:41":5,"s:7:41:7:Infinity":6,"s:8:11:8:28":7,"b:8:28:10:3:10:2:10:3":1,"s:8:28:10:3":8,"b:8:28:8:Infinity:8:28:8:Infinity:8:28:8:Infinity":2,"s:5:17:10:3":9,"s:10:2:10:3":10,"s:10:2:10:Infinity":11}}}
,"/Users/joepaulsen/workspace/MCGithubExplorer/src/lib/utils.ts": {"path":"/Users/joepaulsen/workspace/MCGithubExplorer/src/lib/utils.ts","statementMap":{"0":{"start":{"line":5,"column":1},"end":{"line":5,"column":null}},"1":{"start":{"line":8,"column":48},"end":{"line":16,"column":null}},"2":{"start":{"line":19,"column":1},"end":{"line":19,"column":null}}},"fnMap":{"0":{"name":"cn","decl":{"start":{"line":4,"column":16},"end":{"line":4,"column":19}},"loc":{"start":{"line":4,"column":44},"end":{"line":5,"column":null}},"line":4},"1":{"name":"getLanguageColor","decl":{"start":{"line":18,"column":16},"end":{"line":18,"column":33}},"loc":{"start":{"line":18,"column":66},"end":{"line":19,"column":null}},"line":18}},"branchMap":{"0":{"loc":{"start":{"line":19,"column":8},"end":{"line":19,"column":null}},"type":"cond-expr","locations":[{"start":{"line":19,"column":20},"end":{"line":19,"column":59}},{"start":{"line":19,"column":59},"end":{"line":19,"column":null}}],"line":19},"1":{"loc":{"start":{"line":19,"column":20},"end":{"line":19,"column":59}},"type":"binary-expr","locations":[{"start":{"line":19,"column":20},"end":{"line":19,"column":49}},{"start":{"line":19,"column":49},"end":{"line":19,"column":59}}],"line":19}},"s":{"0":189,"1":11,"2":15},"f":{"0":189,"1":15},"b":{"0":[14,1],"1":[14,1]},"meta":{"lastBranch":2,"lastFunction":2,"lastStatement":3,"seen":{"f:4:16:4:19":0,"s:5:1:5:Infinity":0,"s:8:48:16:Infinity":1,"f:18:16:18:33":1,"s:19:1:19:Infinity":2,"b:19:20:19:59:19:59:19:Infinity":0,"b:19:20:19:49:19:49:19:59":1}}}
,"/Users/joepaulsen/workspace/MCGithubExplorer/src/services/getGithubUser.ts": {"path":"/Users/joepaulsen/workspace/MCGithubExplorer/src/services/getGithubUser.ts","statementMap":{"0":{"start":{"line":4,"column":29},"end":{"line":12,"column":null}},"1":{"start":{"line":5,"column":23},"end":{"line":8,"column":3}},"2":{"start":{"line":9,"column":1},"end":{"line":12,"column":null}}},"fnMap":{"0":{"name":"(anonymous_0)","decl":{"start":{"line":4,"column":29},"end":{"line":4,"column":36}},"loc":{"start":{"line":4,"column":57},"end":{"line":12,"column":null}},"line":4}},"branchMap":{},"s":{"0":3,"1":2,"2":2},"f":{"0":2},"b":{},"meta":{"lastBranch":0,"lastFunction":1,"lastStatement":3,"seen":{"s:4:29:12:Infinity":0,"f:4:29:4:36":0,"s:5:23:8:3":1,"s:9:1:12:Infinity":2}}}
,"/Users/joepaulsen/workspace/MCGithubExplorer/src/services/searchGithubUsers.ts": {"path":"/Users/joepaulsen/workspace/MCGithubExplorer/src/services/searchGithubUsers.ts","statementMap":{"0":{"start":{"line":4,"column":33},"end":{"line":8,"column":null}},"1":{"start":{"line":5,"column":18},"end":{"line":7,"column":3}},"2":{"start":{"line":8,"column":1},"end":{"line":8,"column":null}}},"fnMap":{"0":{"name":"(anonymous_0)","decl":{"start":{"line":4,"column":33},"end":{"line":4,"column":40}},"loc":{"start":{"line":4,"column":58},"end":{"line":8,"column":null}},"line":4}},"branchMap":{},"s":{"0":3,"1":2,"2":2},"f":{"0":2},"b":{},"meta":{"lastBranch":0,"lastFunction":1,"lastStatement":3,"seen":{"s:4:33:8:Infinity":0,"f:4:33:4:40":0,"s:5:18:7:3":1,"s:8:1:8:Infinity":2}}}
}
