{"/Users/joepaulsen/workspace/MCGithubExplorer/src/App.tsx": {"path":"/Users/joepaulsen/workspace/MCGithubExplorer/src/App.tsx","statementMap":{"0":{"start":{"line":9,"column":0},"end":{"line":9,"column":null}},"1":{"start":{"line":10,"column":33},"end":{"line":10,"column":45}},"2":{"start":{"line":12,"column":30},"end":{"line":12,"column":50}},"3":{"start":{"line":14,"column":1},"end":{"line":14,"column":null}},"4":{"start":{"line":15,"column":1},"end":{"line":15,"column":null}},"5":{"start":{"line":16,"column":1},"end":{"line":16,"column":null}},"6":{"start":{"line":16,"column":38},"end":{"line":25,"column":null}},"7":{"start":{"line":21,"column":4},"end":{"line":24,"column":null}},"8":{"start":{"line":25,"column":4},"end":{"line":25,"column":null}},"9":{"start":{"line":25,"column":39},"end":{"line":25,"column":null}},"10":{"start":{"line":25,"column":39},"end":{"line":40,"column":null}},"11":{"start":{"line":19,"column":2},"end":{"line":40,"column":null}},"12":{"start":{"line":40,"column":8},"end":{"line":40,"column":null}},"13":{"start":{"line":40,"column":8},"end":{"line":19,"column":17}},"14":{"start":{"line":9,"column":0},"end":{"line":30,"column":null}}},"fnMap":{"0":{"name":"App","decl":{"start":{"line":9,"column":0},"end":{"line":9,"column":null}},"loc":{"start":{"line":9,"column":0},"end":{"line":19,"column":17}}}},"branchMap":{"0":{"loc":{"start":{"line":16,"column":38},"end":{"line":25,"column":null}},"type":"if","locations":[{"start":{"line":16,"column":38},"end":{"line":25,"column":null}},{"start":{"line":25,"column":39},"end":{"line":25,"column":null}}]},"1":{"loc":{"start":{"line":25,"column":39},"end":{"line":40,"column":null}},"type":"if","locations":[{"start":{"line":25,"column":39},"end":{"line":40,"column":null}},{"start":{"line":40,"column":8},"end":{"line":40,"column":null}}]},"2":{"loc":{"start":{"line":25,"column":39},"end":{"line":25,"column":null}},"type":"binary-expr","locations":[{"start":{"line":25,"column":39},"end":{"line":25,"column":null}},{"start":{"line":25,"column":39},"end":{"line":25,"column":null}}]},"3":{"loc":{"start":{"line":26,"column":5},"end":{"line":38,"column":5}},"type":"cond-expr","locations":[{"start":{"line":26,"column":5},"end":{"line":38,"column":null}},{"start":{"line":34,"column":5},"end":{"line":38,"column":5}}]},"4":{"loc":{"start":{"line":28,"column":7},"end":{"line":29,"column":11}},"type":"binary-expr","locations":[{"start":{"line":28,"column":7},"end":{"line":28,"column":21}},{"start":{"line":28,"column":21},"end":{"line":29,"column":11}}]}},"s":{"0":5,"1":5,"2":5,"3":5,"4":5,"5":5,"6":5,"7":5,"8":5,"9":10,"10":5,"11":5,"12":15,"13":5,"14":2},"f":{"0":7},"b":{"0":[5,0],"1":[5,0],"2":[5,0],"3":[4,1],"4":[4,2]}}
,"/Users/joepaulsen/workspace/MCGithubExplorer/src/api/client.ts": {"path":"/Users/joepaulsen/workspace/MCGithubExplorer/src/api/client.ts","statementMap":{"0":{"start":{"line":3,"column":19},"end":{"line":8,"column":2}}},"fnMap":{},"branchMap":{},"s":{"0":4},"f":{},"b":{}}
,"/Users/joepaulsen/workspace/MCGithubExplorer/src/components/shared/GithubRepoCard.tsx": {"path":"/Users/joepaulsen/workspace/MCGithubExplorer/src/components/shared/GithubRepoCard.tsx","statementMap":{"0":{"start":{"line":16,"column":0},"end":{"line":16,"column":null}},"1":{"start":{"line":16,"column":0},"end":{"line":17,"column":null}},"2":{"start":{"line":17,"column":8},"end":{"line":17,"column":null}},"3":{"start":{"line":17,"column":45},"end":{"line":17,"column":null}},"4":{"start":{"line":17,"column":45},"end":{"line":17,"column":9}},"5":{"start":{"line":20,"column":0},"end":{"line":20,"column":null}}},"fnMap":{"0":{"name":"GithubRepoCard","decl":{"start":{"line":16,"column":0},"end":{"line":16,"column":null}},"loc":{"start":{"line":16,"column":0},"end":{"line":17,"column":9}}}},"branchMap":{"0":{"loc":{"start":{"line":16,"column":0},"end":{"line":17,"column":null}},"type":"if","locations":[{"start":{"line":16,"column":0},"end":{"line":17,"column":null}},{"start":{"line":17,"column":45},"end":{"line":17,"column":null}}]}},"s":{"0":1,"1":1,"2":1,"3":1,"4":1,"5":1},"f":{"0":1},"b":{"0":[1,0]}}
,"/Users/joepaulsen/workspace/MCGithubExplorer/src/components/shared/GithubUserCard.tsx": {"path":"/Users/joepaulsen/workspace/MCGithubExplorer/src/components/shared/GithubUserCard.tsx","statementMap":{"0":{"start":{"line":8,"column":0},"end":{"line":8,"column":24}},"1":{"start":{"line":8,"column":24},"end":{"line":8,"column":null}},"2":{"start":{"line":18,"column":5},"end":{"line":18,"column":10}},"3":{"start":{"line":18,"column":10},"end":{"line":19,"column":null}},"4":{"start":{"line":19,"column":18},"end":{"line":19,"column":null}},"5":{"start":{"line":19,"column":56},"end":{"line":19,"column":null}},"6":{"start":{"line":19,"column":18},"end":{"line":19,"column":22}},"7":{"start":{"line":20,"column":18},"end":{"line":20,"column":32}},"8":{"start":{"line":20,"column":32},"end":{"line":22,"column":37}},"9":{"start":{"line":22,"column":2},"end":{"line":22,"column":37}},"10":{"start":{"line":22,"column":34},"end":{"line":22,"column":37}},"11":{"start":{"line":22,"column":2},"end":{"line":22,"column":54}},"12":{"start":{"line":22,"column":55},"end":{"line":24,"column":null}},"13":{"start":{"line":24,"column":2},"end":{"line":24,"column":null}},"14":{"start":{"line":24,"column":41},"end":{"line":24,"column":null}},"15":{"start":{"line":24,"column":41},"end":{"line":25,"column":null}},"16":{"start":{"line":25,"column":2},"end":{"line":25,"column":null}},"17":{"start":{"line":25,"column":42},"end":{"line":25,"column":null}},"18":{"start":{"line":25,"column":42},"end":{"line":26,"column":null}},"19":{"start":{"line":26,"column":2},"end":{"line":26,"column":null}},"20":{"start":{"line":26,"column":42},"end":{"line":26,"column":null}},"21":{"start":{"line":26,"column":42},"end":{"line":27,"column":null}},"22":{"start":{"line":23,"column":15},"end":{"line":27,"column":null}},"23":{"start":{"line":27,"column":2},"end":{"line":27,"column":null}},"24":{"start":{"line":23,"column":15},"end":{"line":23,"column":null}},"25":{"start":{"line":29,"column":51},"end":{"line":29,"column":72}},"26":{"start":{"line":29,"column":72},"end":{"line":33,"column":null}},"27":{"start":{"line":33,"column":6},"end":{"line":33,"column":null}},"28":{"start":{"line":33,"column":53},"end":{"line":33,"column":null}},"29":{"start":{"line":33,"column":53},"end":{"line":34,"column":null}},"30":{"start":{"line":34,"column":6},"end":{"line":34,"column":null}},"31":{"start":{"line":34,"column":61},"end":{"line":34,"column":null}},"32":{"start":{"line":34,"column":61},"end":{"line":35,"column":null}},"33":{"start":{"line":32,"column":5},"end":{"line":35,"column":null}},"34":{"start":{"line":35,"column":14},"end":{"line":35,"column":null}},"35":{"start":{"line":35,"column":14},"end":{"line":37,"column":null}},"36":{"start":{"line":37,"column":6},"end":{"line":37,"column":null}},"37":{"start":{"line":37,"column":66},"end":{"line":37,"column":null}},"38":{"start":{"line":39,"column":16},"end":{"line":39,"column":43}},"39":{"start":{"line":39,"column":43},"end":{"line":40,"column":null}},"40":{"start":{"line":38,"column":6},"end":{"line":40,"column":null}},"41":{"start":{"line":40,"column":10},"end":{"line":40,"column":null}},"42":{"start":{"line":40,"column":10},"end":{"line":41,"column":null}},"43":{"start":{"line":41,"column":7},"end":{"line":41,"column":null}},"44":{"start":{"line":41,"column":46},"end":{"line":41,"column":null}},"45":{"start":{"line":41,"column":46},"end":{"line":48,"column":null}},"46":{"start":{"line":42,"column":6},"end":{"line":48,"column":null}},"47":{"start":{"line":48,"column":12},"end":{"line":48,"column":null}},"48":{"start":{"line":48,"column":12},"end":{"line":49,"column":null}},"49":{"start":{"line":36,"column":5},"end":{"line":49,"column":null}},"50":{"start":{"line":49,"column":11},"end":{"line":49,"column":null}},"51":{"start":{"line":49,"column":11},"end":{"line":51,"column":null}},"52":{"start":{"line":30,"column":3},"end":{"line":51,"column":null}},"53":{"start":{"line":51,"column":17},"end":{"line":51,"column":null}},"54":{"start":{"line":51,"column":17},"end":{"line":52,"column":null}},"55":{"start":{"line":29,"column":2},"end":{"line":52,"column":null}},"56":{"start":{"line":52,"column":9},"end":{"line":52,"column":null}},"57":{"start":{"line":52,"column":9},"end":{"line":29,"column":3}},"58":{"start":{"line":43,"column":19},"end":{"line":43,"column":35}},"59":{"start":{"line":43,"column":35},"end":{"line":46,"column":null}},"60":{"start":{"line":56,"column":0},"end":{"line":56,"column":null}}},"fnMap":{"0":{"name":"GithubUserCard","decl":{"start":{"line":8,"column":0},"end":{"line":8,"column":24}},"loc":{"start":{"line":8,"column":0},"end":{"line":29,"column":3}}}},"branchMap":{"0":{"loc":{"start":{"line":18,"column":10},"end":{"line":19,"column":null}},"type":"if","locations":[{"start":{"line":18,"column":10},"end":{"line":19,"column":null}},{"start":{"line":19,"column":56},"end":{"line":19,"column":null}}]},"1":{"loc":{"start":{"line":18,"column":10},"end":{"line":18,"column":null}},"type":"binary-expr","locations":[{"start":{"line":18,"column":10},"end":{"line":18,"column":null}},{"start":{"line":18,"column":10},"end":{"line":18,"column":null}}]},"2":{"loc":{"start":{"line":19,"column":18},"end":{"line":19,"column":56}},"type":"binary-expr","locations":[{"start":{"line":19,"column":18},"end":{"line":19,"column":39}},{"start":{"line":19,"column":39},"end":{"line":19,"column":56}}]},"3":{"loc":{"start":{"line":20,"column":18},"end":{"line":20,"column":32}},"type":"binary-expr","locations":[{"start":{"line":20,"column":18},"end":{"line":20,"column":32}},{"start":{"line":20,"column":18},"end":{"line":20,"column":32}}]},"4":{"loc":{"start":{"line":20,"column":32},"end":{"line":22,"column":37}},"type":"if","locations":[{"start":{"line":20,"column":32},"end":{"line":22,"column":37}},{"start":{"line":22,"column":34},"end":{"line":22,"column":37}}]},"5":{"loc":{"start":{"line":22,"column":55},"end":{"line":24,"column":null}},"type":"if","locations":[{"start":{"line":22,"column":55},"end":{"line":24,"column":null}},{"start":{"line":24,"column":41},"end":{"line":24,"column":null}}]},"6":{"loc":{"start":{"line":24,"column":41},"end":{"line":25,"column":null}},"type":"if","locations":[{"start":{"line":24,"column":41},"end":{"line":25,"column":null}},{"start":{"line":25,"column":42},"end":{"line":25,"column":null}}]},"7":{"loc":{"start":{"line":25,"column":42},"end":{"line":26,"column":null}},"type":"if","locations":[{"start":{"line":25,"column":42},"end":{"line":26,"column":null}},{"start":{"line":26,"column":42},"end":{"line":26,"column":null}}]},"8":{"loc":{"start":{"line":26,"column":42},"end":{"line":27,"column":null}},"type":"if","locations":[{"start":{"line":26,"column":42},"end":{"line":27,"column":null}},{"start":{"line":27,"column":2},"end":{"line":27,"column":null}}]},"9":{"loc":{"start":{"line":26,"column":42},"end":{"line":26,"column":null}},"type":"binary-expr","locations":[{"start":{"line":26,"column":42},"end":{"line":26,"column":null}},{"start":{"line":26,"column":42},"end":{"line":26,"column":null}},{"start":{"line":26,"column":42},"end":{"line":26,"column":null}}]},"10":{"loc":{"start":{"line":29,"column":72},"end":{"line":33,"column":null}},"type":"if","locations":[{"start":{"line":29,"column":72},"end":{"line":33,"column":null}},{"start":{"line":33,"column":53},"end":{"line":33,"column":null}}]},"11":{"loc":{"start":{"line":29,"column":72},"end":{"line":29,"column":null}},"type":"binary-expr","locations":[{"start":{"line":29,"column":72},"end":{"line":29,"column":null}},{"start":{"line":29,"column":72},"end":{"line":29,"column":null}}]},"12":{"loc":{"start":{"line":33,"column":53},"end":{"line":34,"column":null}},"type":"if","locations":[{"start":{"line":33,"column":53},"end":{"line":34,"column":null}},{"start":{"line":34,"column":61},"end":{"line":34,"column":null}}]},"13":{"loc":{"start":{"line":34,"column":61},"end":{"line":35,"column":null}},"type":"if","locations":[{"start":{"line":34,"column":61},"end":{"line":35,"column":null}},{"start":{"line":35,"column":14},"end":{"line":35,"column":null}}]},"14":{"loc":{"start":{"line":34,"column":61},"end":{"line":34,"column":null}},"type":"binary-expr","locations":[{"start":{"line":34,"column":61},"end":{"line":34,"column":null}},{"start":{"line":34,"column":61},"end":{"line":34,"column":null}}]},"15":{"loc":{"start":{"line":35,"column":14},"end":{"line":37,"column":null}},"type":"if","locations":[{"start":{"line":35,"column":14},"end":{"line":37,"column":null}},{"start":{"line":37,"column":66},"end":{"line":37,"column":null}}]},"16":{"loc":{"start":{"line":39,"column":16},"end":{"line":39,"column":43}},"type":"binary-expr","locations":[{"start":{"line":39,"column":16},"end":{"line":39,"column":33}},{"start":{"line":39,"column":16},"end":{"line":39,"column":43}}]},"17":{"loc":{"start":{"line":39,"column":43},"end":{"line":40,"column":null}},"type":"if","locations":[{"start":{"line":39,"column":43},"end":{"line":40,"column":null}},{"start":{"line":40,"column":10},"end":{"line":40,"column":null}}]},"18":{"loc":{"start":{"line":39,"column":43},"end":{"line":39,"column":null}},"type":"binary-expr","locations":[{"start":{"line":39,"column":43},"end":{"line":39,"column":null}},{"start":{"line":39,"column":43},"end":{"line":39,"column":null}}]},"19":{"loc":{"start":{"line":40,"column":10},"end":{"line":41,"column":null}},"type":"if","locations":[{"start":{"line":40,"column":10},"end":{"line":41,"column":null}},{"start":{"line":41,"column":46},"end":{"line":41,"column":null}}]},"20":{"loc":{"start":{"line":41,"column":7},"end":{"line":41,"column":null}},"type":"binary-expr","locations":[{"start":{"line":41,"column":7},"end":{"line":41,"column":14}},{"start":{"line":41,"column":14},"end":{"line":41,"column":null}}]},"21":{"loc":{"start":{"line":41,"column":46},"end":{"line":48,"column":null}},"type":"if","locations":[{"start":{"line":41,"column":46},"end":{"line":48,"column":null}},{"start":{"line":48,"column":12},"end":{"line":48,"column":null}}]},"22":{"loc":{"start":{"line":48,"column":12},"end":{"line":49,"column":null}},"type":"if","locations":[{"start":{"line":48,"column":12},"end":{"line":49,"column":null}},{"start":{"line":49,"column":11},"end":{"line":49,"column":null}}]},"23":{"loc":{"start":{"line":48,"column":12},"end":{"line":48,"column":null}},"type":"binary-expr","locations":[{"start":{"line":48,"column":12},"end":{"line":48,"column":null}},{"start":{"line":48,"column":12},"end":{"line":48,"column":null}},{"start":{"line":48,"column":12},"end":{"line":48,"column":null}},{"start":{"line":48,"column":12},"end":{"line":48,"column":null}}]},"24":{"loc":{"start":{"line":49,"column":11},"end":{"line":51,"column":null}},"type":"if","locations":[{"start":{"line":49,"column":11},"end":{"line":51,"column":null}},{"start":{"line":51,"column":17},"end":{"line":51,"column":null}}]},"25":{"loc":{"start":{"line":49,"column":11},"end":{"line":49,"column":null}},"type":"binary-expr","locations":[{"start":{"line":49,"column":11},"end":{"line":49,"column":null}},{"start":{"line":49,"column":11},"end":{"line":49,"column":null}}]},"26":{"loc":{"start":{"line":51,"column":17},"end":{"line":52,"column":null}},"type":"if","locations":[{"start":{"line":51,"column":17},"end":{"line":52,"column":null}},{"start":{"line":52,"column":9},"end":{"line":52,"column":null}}]},"27":{"loc":{"start":{"line":51,"column":17},"end":{"line":51,"column":null}},"type":"binary-expr","locations":[{"start":{"line":51,"column":17},"end":{"line":51,"column":null}},{"start":{"line":51,"column":17},"end":{"line":51,"column":null}}]}},"s":{"0":9,"1":9,"2":9,"3":9,"4":9,"5":27,"6":9,"7":9,"8":9,"9":9,"10":18,"11":9,"12":9,"13":9,"14":18,"15":9,"16":9,"17":18,"18":9,"19":9,"20":18,"21":9,"22":9,"23":36,"24":9,"25":9,"26":9,"27":9,"28":27,"29":9,"30":9,"31":18,"32":9,"33":9,"34":27,"35":9,"36":9,"37":18,"38":9,"39":9,"40":9,"41":27,"42":9,"43":9,"44":18,"45":9,"46":9,"47":18,"48":9,"49":9,"50":45,"51":9,"52":9,"53":27,"54":9,"55":9,"56":27,"57":9,"58":27,"59":27,"60":1},"f":{"0":36},"b":{"0":[9,0],"1":[9,0],"2":[9,2],"3":[9,2],"4":[9,0],"5":[9,0],"6":[9,0],"7":[9,0],"8":[9,0],"9":[9,0,0],"10":[9,0],"11":[9,0],"12":[9,0],"13":[9,0],"14":[9,0],"15":[9,0],"16":[9,8],"17":[9,0],"18":[9,0],"19":[9,0],"20":[9,8],"21":[9,0],"22":[9,0],"23":[9,0,0,0],"24":[9,0],"25":[9,0],"26":[9,0],"27":[9,0]}}
,"/Users/joepaulsen/workspace/MCGithubExplorer/src/components/shared/SearchBar.tsx": {"path":"/Users/joepaulsen/workspace/MCGithubExplorer/src/components/shared/SearchBar.tsx","statementMap":{"0":{"start":{"line":19,"column":0},"end":{"line":19,"column":19}},"1":{"start":{"line":19,"column":19},"end":{"line":19,"column":null}},"2":{"start":{"line":20,"column":27},"end":{"line":20,"column":39}},"3":{"start":{"line":21,"column":24},"end":{"line":21,"column":47}},"4":{"start":{"line":23,"column":30},"end":{"line":23,"column":66}},"5":{"start":{"line":23,"column":67},"end":{"line":33,"column":null}},"6":{"start":{"line":30,"column":19},"end":{"line":32,"column":null}},"7":{"start":{"line":31,"column":5},"end":{"line":31,"column":null}},"8":{"start":{"line":32,"column":5},"end":{"line":32,"column":null}},"9":{"start":{"line":33,"column":5},"end":{"line":33,"column":null}},"10":{"start":{"line":33,"column":5},"end":{"line":38,"column":null}},"11":{"start":{"line":38,"column":15},"end":{"line":38,"column":null}},"12":{"start":{"line":38,"column":22},"end":{"line":38,"column":46}},"13":{"start":{"line":38,"column":46},"end":{"line":38,"column":null}},"14":{"start":{"line":38,"column":46},"end":{"line":40,"column":null}},"15":{"start":{"line":35,"column":4},"end":{"line":40,"column":null}},"16":{"start":{"line":40,"column":6},"end":{"line":40,"column":null}},"17":{"start":{"line":40,"column":6},"end":{"line":71,"column":null}},"18":{"start":{"line":41,"column":5},"end":{"line":71,"column":null}},"19":{"start":{"line":71,"column":5},"end":{"line":71,"column":null}},"20":{"start":{"line":71,"column":5},"end":{"line":73,"column":null}},"21":{"start":{"line":26,"column":2},"end":{"line":73,"column":null}},"22":{"start":{"line":73,"column":9},"end":{"line":73,"column":null}},"23":{"start":{"line":73,"column":9},"end":{"line":26,"column":18}},"24":{"start":{"line":57,"column":9},"end":{"line":57,"column":null}},"25":{"start":{"line":58,"column":25},"end":{"line":58,"column":63}},"26":{"start":{"line":58,"column":64},"end":{"line":66,"column":null}},"27":{"start":{"line":19,"column":0},"end":{"line":26,"column":null}},"28":{"start":{"line":77,"column":0},"end":{"line":77,"column":null}}},"fnMap":{"0":{"name":"SearchBar","decl":{"start":{"line":19,"column":0},"end":{"line":19,"column":19}},"loc":{"start":{"line":19,"column":0},"end":{"line":26,"column":18}}},"1":{"name":"(anonymous_1)","decl":{"start":{"line":30,"column":19},"end":{"line":30,"column":null}},"loc":{"start":{"line":30,"column":19},"end":{"line":32,"column":null}}},"2":{"name":"(anonymous_2)","decl":{"start":{"line":38,"column":15},"end":{"line":38,"column":22}},"loc":{"start":{"line":38,"column":22},"end":{"line":38,"column":46}}}},"branchMap":{"0":{"loc":{"start":{"line":23,"column":67},"end":{"line":33,"column":null}},"type":"if","locations":[{"start":{"line":23,"column":67},"end":{"line":33,"column":null}},{"start":{"line":33,"column":5},"end":{"line":33,"column":null}}]},"1":{"loc":{"start":{"line":31,"column":14},"end":{"line":31,"column":26}},"type":"binary-expr","locations":[{"start":{"line":31,"column":14},"end":{"line":31,"column":26}},{"start":{"line":31,"column":14},"end":{"line":31,"column":26}}]},"2":{"loc":{"start":{"line":32,"column":13},"end":{"line":32,"column":25}},"type":"binary-expr","locations":[{"start":{"line":32,"column":13},"end":{"line":32,"column":25}},{"start":{"line":32,"column":13},"end":{"line":32,"column":25}}]},"3":{"loc":{"start":{"line":33,"column":5},"end":{"line":38,"column":null}},"type":"if","locations":[{"start":{"line":33,"column":5},"end":{"line":38,"column":null}},{"start":{"line":38,"column":46},"end":{"line":38,"column":null}}]},"4":{"loc":{"start":{"line":38,"column":46},"end":{"line":40,"column":null}},"type":"if","locations":[{"start":{"line":38,"column":46},"end":{"line":40,"column":null}},{"start":{"line":40,"column":6},"end":{"line":40,"column":null}}]},"5":{"loc":{"start":{"line":40,"column":6},"end":{"line":71,"column":null}},"type":"if","locations":[{"start":{"line":40,"column":6},"end":{"line":71,"column":null}},{"start":{"line":71,"column":5},"end":{"line":71,"column":null}}]},"6":{"loc":{"start":{"line":40,"column":6},"end":{"line":40,"column":null}},"type":"binary-expr","locations":[{"start":{"line":40,"column":6},"end":{"line":40,"column":null}},{"start":{"line":40,"column":6},"end":{"line":40,"column":null}}]},"7":{"loc":{"start":{"line":41,"column":5},"end":{"line":71,"column":null}},"type":"binary-expr","locations":[{"start":{"line":41,"column":5},"end":{"line":41,"column":null}},{"start":{"line":42,"column":5},"end":{"line":71,"column":null}}]},"8":{"loc":{"start":{"line":43,"column":7},"end":{"line":51,"column":null}},"type":"cond-expr","locations":[{"start":{"line":44,"column":7},"end":{"line":51,"column":null}},{"start":{"line":51,"column":10},"end":{"line":51,"column":null}}]},"9":{"loc":{"start":{"line":51,"column":10},"end":{"line":51,"column":null}},"type":"cond-expr","locations":[{"start":{"line":52,"column":7},"end":{"line":51,"column":null}},{"start":{"line":51,"column":10},"end":{"line":51,"column":null}}]},"10":{"loc":{"start":{"line":71,"column":5},"end":{"line":73,"column":null}},"type":"if","locations":[{"start":{"line":71,"column":5},"end":{"line":73,"column":null}},{"start":{"line":73,"column":9},"end":{"line":73,"column":null}}]},"11":{"loc":{"start":{"line":71,"column":5},"end":{"line":71,"column":null}},"type":"binary-expr","locations":[{"start":{"line":71,"column":5},"end":{"line":71,"column":null}},{"start":{"line":71,"column":5},"end":{"line":71,"column":null}},{"start":{"line":71,"column":5},"end":{"line":71,"column":null}},{"start":{"line":71,"column":5},"end":{"line":71,"column":null}},{"start":{"line":71,"column":5},"end":{"line":71,"column":null}}]},"12":{"loc":{"start":{"line":58,"column":25},"end":{"line":58,"column":63}},"type":"binary-expr","locations":[{"start":{"line":58,"column":25},"end":{"line":58,"column":46}},{"start":{"line":58,"column":46},"end":{"line":58,"column":63}}]}},"s":{"0":7,"1":7,"2":7,"3":7,"4":7,"5":7,"6":4,"7":0,"8":0,"9":11,"10":7,"11":4,"12":2,"13":7,"14":7,"15":6,"16":13,"17":7,"18":5,"19":17,"20":7,"21":7,"22":42,"23":7,"24":0,"25":0,"26":0,"27":0,"28":1},"f":{"0":7,"1":0,"2":2},"b":{"0":[4,3],"1":[0,0],"2":[0,0],"3":[4,3],"4":[6,1],"5":[5,2],"6":[7,2],"7":[5,1],"8":[0,1],"9":[1,0],"10":[7,0],"11":[7,3,1,1,1],"12":[0,0]}}
,"/Users/joepaulsen/workspace/MCGithubExplorer/src/components/ui/Avatar.tsx": {"path":"/Users/joepaulsen/workspace/MCGithubExplorer/src/components/ui/Avatar.tsx","statementMap":{"0":{"start":{"line":6,"column":0},"end":{"line":6,"column":16}},"1":{"start":{"line":6,"column":0},"end":{"line":12,"column":null}},"2":{"start":{"line":6,"column":16},"end":{"line":6,"column":null}},"3":{"start":{"line":12,"column":1},"end":{"line":12,"column":null}},"4":{"start":{"line":8,"column":1},"end":{"line":8,"column":17}},"5":{"start":{"line":8,"column":17},"end":{"line":20,"column":null}},"6":{"start":{"line":17,"column":14},"end":{"line":20,"column":null}},"7":{"start":{"line":20,"column":4},"end":{"line":20,"column":null}},"8":{"start":{"line":20,"column":4},"end":{"line":22,"column":null}},"9":{"start":{"line":14,"column":2},"end":{"line":22,"column":null}},"10":{"start":{"line":22,"column":4},"end":{"line":22,"column":null}},"11":{"start":{"line":22,"column":4},"end":{"line":14,"column":null}},"12":{"start":{"line":26,"column":0},"end":{"line":26,"column":21}},"13":{"start":{"line":26,"column":0},"end":{"line":26,"column":null}},"14":{"start":{"line":26,"column":21},"end":{"line":26,"column":73}},"15":{"start":{"line":26,"column":73},"end":{"line":26,"column":null}},"16":{"start":{"line":26,"column":73},"end":{"line":33,"column":null}},"17":{"start":{"line":30,"column":14},"end":{"line":33,"column":null}},"18":{"start":{"line":33,"column":4},"end":{"line":33,"column":null}},"19":{"start":{"line":33,"column":4},"end":{"line":35,"column":null}},"20":{"start":{"line":28,"column":2},"end":{"line":35,"column":null}},"21":{"start":{"line":35,"column":4},"end":{"line":35,"column":null}},"22":{"start":{"line":35,"column":4},"end":{"line":28,"column":null}},"23":{"start":{"line":39,"column":0},"end":{"line":39,"column":24}},"24":{"start":{"line":39,"column":0},"end":{"line":42,"column":null}},"25":{"start":{"line":39,"column":24},"end":{"line":39,"column":null}},"26":{"start":{"line":42,"column":33},"end":{"line":42,"column":null}},"27":{"start":{"line":42,"column":33},"end":{"line":49,"column":null}},"28":{"start":{"line":46,"column":14},"end":{"line":49,"column":null}},"29":{"start":{"line":49,"column":4},"end":{"line":49,"column":null}},"30":{"start":{"line":49,"column":4},"end":{"line":51,"column":null}},"31":{"start":{"line":44,"column":2},"end":{"line":51,"column":null}},"32":{"start":{"line":51,"column":4},"end":{"line":51,"column":null}},"33":{"start":{"line":51,"column":4},"end":{"line":44,"column":null}},"34":{"start":{"line":55,"column":0},"end":{"line":55,"column":21}},"35":{"start":{"line":55,"column":0},"end":{"line":55,"column":null}},"36":{"start":{"line":55,"column":21},"end":{"line":55,"column":74}},"37":{"start":{"line":55,"column":74},"end":{"line":55,"column":null}},"38":{"start":{"line":55,"column":74},"end":{"line":65,"column":null}},"39":{"start":{"line":59,"column":14},"end":{"line":65,"column":null}},"40":{"start":{"line":65,"column":4},"end":{"line":65,"column":null}},"41":{"start":{"line":65,"column":4},"end":{"line":67,"column":null}},"42":{"start":{"line":57,"column":2},"end":{"line":67,"column":null}},"43":{"start":{"line":67,"column":4},"end":{"line":67,"column":null}},"44":{"start":{"line":67,"column":4},"end":{"line":57,"column":null}},"45":{"start":{"line":71,"column":0},"end":{"line":71,"column":21}},"46":{"start":{"line":71,"column":0},"end":{"line":71,"column":null}},"47":{"start":{"line":71,"column":21},"end":{"line":71,"column":73}},"48":{"start":{"line":71,"column":73},"end":{"line":71,"column":null}},"49":{"start":{"line":71,"column":73},"end":{"line":78,"column":null}},"50":{"start":{"line":75,"column":14},"end":{"line":78,"column":null}},"51":{"start":{"line":78,"column":4},"end":{"line":78,"column":null}},"52":{"start":{"line":78,"column":4},"end":{"line":80,"column":null}},"53":{"start":{"line":73,"column":2},"end":{"line":80,"column":null}},"54":{"start":{"line":80,"column":4},"end":{"line":80,"column":null}},"55":{"start":{"line":80,"column":4},"end":{"line":73,"column":null}},"56":{"start":{"line":84,"column":0},"end":{"line":84,"column":26}},"57":{"start":{"line":84,"column":0},"end":{"line":87,"column":null}},"58":{"start":{"line":84,"column":26},"end":{"line":84,"column":null}},"59":{"start":{"line":87,"column":30},"end":{"line":87,"column":null}},"60":{"start":{"line":87,"column":30},"end":{"line":94,"column":null}},"61":{"start":{"line":91,"column":14},"end":{"line":94,"column":null}},"62":{"start":{"line":94,"column":4},"end":{"line":94,"column":null}},"63":{"start":{"line":94,"column":4},"end":{"line":96,"column":null}},"64":{"start":{"line":89,"column":2},"end":{"line":96,"column":null}},"65":{"start":{"line":96,"column":4},"end":{"line":96,"column":null}},"66":{"start":{"line":96,"column":4},"end":{"line":89,"column":null}}},"fnMap":{"0":{"name":"Avatar","decl":{"start":{"line":6,"column":0},"end":{"line":6,"column":16}},"loc":{"start":{"line":6,"column":0},"end":{"line":14,"column":null}}},"1":{"name":"AvatarImage","decl":{"start":{"line":26,"column":0},"end":{"line":26,"column":21}},"loc":{"start":{"line":26,"column":0},"end":{"line":28,"column":null}}},"2":{"name":"AvatarFallback","decl":{"start":{"line":39,"column":0},"end":{"line":39,"column":24}},"loc":{"start":{"line":39,"column":0},"end":{"line":44,"column":null}}},"3":{"name":"AvatarBadge","decl":{"start":{"line":55,"column":0},"end":{"line":55,"column":21}},"loc":{"start":{"line":55,"column":0},"end":{"line":57,"column":null}}},"4":{"name":"AvatarGroup","decl":{"start":{"line":71,"column":0},"end":{"line":71,"column":21}},"loc":{"start":{"line":71,"column":0},"end":{"line":73,"column":null}}},"5":{"name":"AvatarGroupCount","decl":{"start":{"line":84,"column":0},"end":{"line":84,"column":26}},"loc":{"start":{"line":84,"column":0},"end":{"line":89,"column":null}}}},"branchMap":{"0":{"loc":{"start":{"line":6,"column":0},"end":{"line":12,"column":null}},"type":"if","locations":[{"start":{"line":6,"column":0},"end":{"line":12,"column":null}},{"start":{"line":12,"column":1},"end":{"line":12,"column":null}}]},"1":{"loc":{"start":{"line":8,"column":1},"end":{"line":8,"column":17}},"type":"cond-expr","locations":[{"start":{"line":8,"column":1},"end":{"line":8,"column":17}},{"start":{"line":8,"column":1},"end":{"line":8,"column":17}}]},"2":{"loc":{"start":{"line":8,"column":17},"end":{"line":20,"column":null}},"type":"if","locations":[{"start":{"line":8,"column":17},"end":{"line":20,"column":null}},{"start":{"line":20,"column":4},"end":{"line":20,"column":null}}]},"3":{"loc":{"start":{"line":20,"column":4},"end":{"line":22,"column":null}},"type":"if","locations":[{"start":{"line":20,"column":4},"end":{"line":22,"column":null}},{"start":{"line":22,"column":4},"end":{"line":22,"column":null}}]},"4":{"loc":{"start":{"line":20,"column":4},"end":{"line":20,"column":null}},"type":"binary-expr","locations":[{"start":{"line":20,"column":4},"end":{"line":20,"column":null}},{"start":{"line":20,"column":4},"end":{"line":20,"column":null}},{"start":{"line":20,"column":4},"end":{"line":20,"column":null}}]},"5":{"loc":{"start":{"line":26,"column":0},"end":{"line":26,"column":null}},"type":"if","locations":[{"start":{"line":26,"column":0},"end":{"line":26,"column":null}},{"start":{"line":26,"column":73},"end":{"line":26,"column":null}}]},"6":{"loc":{"start":{"line":26,"column":73},"end":{"line":33,"column":null}},"type":"if","locations":[{"start":{"line":26,"column":73},"end":{"line":33,"column":null}},{"start":{"line":33,"column":4},"end":{"line":33,"column":null}}]},"7":{"loc":{"start":{"line":33,"column":4},"end":{"line":35,"column":null}},"type":"if","locations":[{"start":{"line":33,"column":4},"end":{"line":35,"column":null}},{"start":{"line":35,"column":4},"end":{"line":35,"column":null}}]},"8":{"loc":{"start":{"line":33,"column":4},"end":{"line":33,"column":null}},"type":"binary-expr","locations":[{"start":{"line":33,"column":4},"end":{"line":33,"column":null}},{"start":{"line":33,"column":4},"end":{"line":33,"column":null}}]},"9":{"loc":{"start":{"line":39,"column":0},"end":{"line":42,"column":null}},"type":"if","locations":[{"start":{"line":39,"column":0},"end":{"line":42,"column":null}},{"start":{"line":42,"column":33},"end":{"line":42,"column":null}}]},"10":{"loc":{"start":{"line":42,"column":33},"end":{"line":49,"column":null}},"type":"if","locations":[{"start":{"line":42,"column":33},"end":{"line":49,"column":null}},{"start":{"line":49,"column":4},"end":{"line":49,"column":null}}]},"11":{"loc":{"start":{"line":49,"column":4},"end":{"line":51,"column":null}},"type":"if","locations":[{"start":{"line":49,"column":4},"end":{"line":51,"column":null}},{"start":{"line":51,"column":4},"end":{"line":51,"column":null}}]},"12":{"loc":{"start":{"line":49,"column":4},"end":{"line":49,"column":null}},"type":"binary-expr","locations":[{"start":{"line":49,"column":4},"end":{"line":49,"column":null}},{"start":{"line":49,"column":4},"end":{"line":49,"column":null}}]},"13":{"loc":{"start":{"line":55,"column":0},"end":{"line":55,"column":null}},"type":"if","locations":[{"start":{"line":55,"column":0},"end":{"line":55,"column":null}},{"start":{"line":55,"column":74},"end":{"line":55,"column":null}}]},"14":{"loc":{"start":{"line":55,"column":74},"end":{"line":65,"column":null}},"type":"if","locations":[{"start":{"line":55,"column":74},"end":{"line":65,"column":null}},{"start":{"line":65,"column":4},"end":{"line":65,"column":null}}]},"15":{"loc":{"start":{"line":65,"column":4},"end":{"line":67,"column":null}},"type":"if","locations":[{"start":{"line":65,"column":4},"end":{"line":67,"column":null}},{"start":{"line":67,"column":4},"end":{"line":67,"column":null}}]},"16":{"loc":{"start":{"line":65,"column":4},"end":{"line":65,"column":null}},"type":"binary-expr","locations":[{"start":{"line":65,"column":4},"end":{"line":65,"column":null}},{"start":{"line":65,"column":4},"end":{"line":65,"column":null}}]},"17":{"loc":{"start":{"line":71,"column":0},"end":{"line":71,"column":null}},"type":"if","locations":[{"start":{"line":71,"column":0},"end":{"line":71,"column":null}},{"start":{"line":71,"column":73},"end":{"line":71,"column":null}}]},"18":{"loc":{"start":{"line":71,"column":73},"end":{"line":78,"column":null}},"type":"if","locations":[{"start":{"line":71,"column":73},"end":{"line":78,"column":null}},{"start":{"line":78,"column":4},"end":{"line":78,"column":null}}]},"19":{"loc":{"start":{"line":78,"column":4},"end":{"line":80,"column":null}},"type":"if","locations":[{"start":{"line":78,"column":4},"end":{"line":80,"column":null}},{"start":{"line":80,"column":4},"end":{"line":80,"column":null}}]},"20":{"loc":{"start":{"line":78,"column":4},"end":{"line":78,"column":null}},"type":"binary-expr","locations":[{"start":{"line":78,"column":4},"end":{"line":78,"column":null}},{"start":{"line":78,"column":4},"end":{"line":78,"column":null}}]},"21":{"loc":{"start":{"line":84,"column":0},"end":{"line":87,"column":null}},"type":"if","locations":[{"start":{"line":84,"column":0},"end":{"line":87,"column":null}},{"start":{"line":87,"column":30},"end":{"line":87,"column":null}}]},"22":{"loc":{"start":{"line":87,"column":30},"end":{"line":94,"column":null}},"type":"if","locations":[{"start":{"line":87,"column":30},"end":{"line":94,"column":null}},{"start":{"line":94,"column":4},"end":{"line":94,"column":null}}]},"23":{"loc":{"start":{"line":94,"column":4},"end":{"line":96,"column":null}},"type":"if","locations":[{"start":{"line":94,"column":4},"end":{"line":96,"column":null}},{"start":{"line":96,"column":4},"end":{"line":96,"column":null}}]},"24":{"loc":{"start":{"line":94,"column":4},"end":{"line":94,"column":null}},"type":"binary-expr","locations":[{"start":{"line":94,"column":4},"end":{"line":94,"column":null}},{"start":{"line":94,"column":4},"end":{"line":94,"column":null}}]}},"s":{"0":9,"1":9,"2":9,"3":36,"4":9,"5":9,"6":9,"7":18,"8":9,"9":9,"10":36,"11":9,"12":9,"13":9,"14":9,"15":27,"16":9,"17":9,"18":18,"19":9,"20":9,"21":27,"22":9,"23":9,"24":9,"25":9,"26":27,"27":9,"28":9,"29":18,"30":9,"31":9,"32":27,"33":9,"34":0,"35":0,"36":0,"37":0,"38":0,"39":0,"40":0,"41":0,"42":0,"43":0,"44":0,"45":0,"46":0,"47":0,"48":0,"49":0,"50":0,"51":0,"52":0,"53":0,"54":0,"55":0,"56":0,"57":0,"58":0,"59":0,"60":0,"61":0,"62":0,"63":0,"64":0,"65":0,"66":0},"f":{"0":9,"1":9,"2":9,"3":0,"4":0,"5":0},"b":{"0":[9,0],"1":[9,0],"2":[9,0],"3":[9,0],"4":[9,0,0],"5":[9,0],"6":[9,0],"7":[9,0],"8":[9,0],"9":[9,0],"10":[9,0],"11":[9,0],"12":[9,0],"13":[0,0],"14":[0,0],"15":[0,0],"16":[0,0],"17":[0,0],"18":[0,0],"19":[0,0],"20":[0,0],"21":[0,0],"22":[0,0],"23":[0,0],"24":[0,0]}}
,"/Users/joepaulsen/workspace/MCGithubExplorer/src/components/ui/Button.tsx": {"path":"/Users/joepaulsen/workspace/MCGithubExplorer/src/components/ui/Button.tsx","statementMap":{"0":{"start":{"line":6,"column":23},"end":{"line":41,"column":1}},"1":{"start":{"line":43,"column":0},"end":{"line":43,"column":16}},"2":{"start":{"line":43,"column":0},"end":{"line":48,"column":null}},"3":{"start":{"line":43,"column":16},"end":{"line":43,"column":null}},"4":{"start":{"line":48,"column":62},"end":{"line":48,"column":null}},"5":{"start":{"line":45,"column":1},"end":{"line":45,"column":null}},"6":{"start":{"line":46,"column":1},"end":{"line":46,"column":17}},"7":{"start":{"line":46,"column":17},"end":{"line":52,"column":null}},"8":{"start":{"line":52,"column":14},"end":{"line":52,"column":null}},"9":{"start":{"line":52,"column":62},"end":{"line":52,"column":null}},"10":{"start":{"line":52,"column":62},"end":{"line":54,"column":null}},"11":{"start":{"line":50,"column":2},"end":{"line":54,"column":null}},"12":{"start":{"line":54,"column":4},"end":{"line":54,"column":null}},"13":{"start":{"line":54,"column":4},"end":{"line":50,"column":3}},"14":{"start":{"line":58,"column":0},"end":{"line":58,"column":null}}},"fnMap":{"0":{"name":"Button","decl":{"start":{"line":43,"column":0},"end":{"line":43,"column":16}},"loc":{"start":{"line":43,"column":0},"end":{"line":50,"column":3}}}},"branchMap":{"0":{"loc":{"start":{"line":43,"column":0},"end":{"line":48,"column":null}},"type":"if","locations":[{"start":{"line":43,"column":0},"end":{"line":48,"column":null}},{"start":{"line":48,"column":62},"end":{"line":48,"column":null}}]},"1":{"loc":{"start":{"line":45,"column":1},"end":{"line":45,"column":null}},"type":"cond-expr","locations":[{"start":{"line":45,"column":1},"end":{"line":45,"column":null}},{"start":{"line":45,"column":1},"end":{"line":45,"column":null}}]},"2":{"loc":{"start":{"line":46,"column":1},"end":{"line":46,"column":17}},"type":"cond-expr","locations":[{"start":{"line":46,"column":1},"end":{"line":46,"column":17}},{"start":{"line":46,"column":1},"end":{"line":46,"column":17}}]},"3":{"loc":{"start":{"line":46,"column":17},"end":{"line":52,"column":null}},"type":"if","locations":[{"start":{"line":46,"column":17},"end":{"line":52,"column":null}},{"start":{"line":52,"column":62},"end":{"line":52,"column":null}}]},"4":{"loc":{"start":{"line":46,"column":17},"end":{"line":46,"column":null}},"type":"binary-expr","locations":[{"start":{"line":46,"column":17},"end":{"line":46,"column":null}},{"start":{"line":46,"column":17},"end":{"line":46,"column":null}},{"start":{"line":46,"column":17},"end":{"line":46,"column":null}}]},"5":{"loc":{"start":{"line":52,"column":62},"end":{"line":54,"column":null}},"type":"if","locations":[{"start":{"line":52,"column":62},"end":{"line":54,"column":null}},{"start":{"line":54,"column":4},"end":{"line":54,"column":null}}]},"6":{"loc":{"start":{"line":52,"column":62},"end":{"line":52,"column":null}},"type":"binary-expr","locations":[{"start":{"line":52,"column":62},"end":{"line":52,"column":null}},{"start":{"line":52,"column":62},"end":{"line":52,"column":null}}]}},"s":{"0":1,"1":12,"2":12,"3":12,"4":60,"5":12,"6":12,"7":12,"8":8,"9":36,"10":12,"11":12,"12":36,"13":12,"14":1},"f":{"0":12},"b":{"0":[12,0],"1":[0,12],"2":[12,0],"3":[8,4],"4":[12,4,4],"5":[12,0],"6":[12,0]}}
,"/Users/joepaulsen/workspace/MCGithubExplorer/src/components/ui/Card.tsx": {"path":"/Users/joepaulsen/workspace/MCGithubExplorer/src/components/ui/Card.tsx","statementMap":{"0":{"start":{"line":5,"column":0},"end":{"line":5,"column":14}},"1":{"start":{"line":5,"column":0},"end":{"line":9,"column":null}},"2":{"start":{"line":5,"column":14},"end":{"line":5,"column":null}},"3":{"start":{"line":9,"column":60},"end":{"line":9,"column":null}},"4":{"start":{"line":7,"column":2},"end":{"line":7,"column":18}},"5":{"start":{"line":7,"column":18},"end":{"line":17,"column":null}},"6":{"start":{"line":14,"column":17},"end":{"line":17,"column":null}},"7":{"start":{"line":17,"column":7},"end":{"line":17,"column":null}},"8":{"start":{"line":17,"column":7},"end":{"line":19,"column":null}},"9":{"start":{"line":11,"column":4},"end":{"line":19,"column":null}},"10":{"start":{"line":19,"column":6},"end":{"line":19,"column":null}},"11":{"start":{"line":19,"column":6},"end":{"line":11,"column":null}},"12":{"start":{"line":23,"column":0},"end":{"line":23,"column":20}},"13":{"start":{"line":23,"column":0},"end":{"line":23,"column":null}},"14":{"start":{"line":23,"column":20},"end":{"line":23,"column":72}},"15":{"start":{"line":23,"column":72},"end":{"line":23,"column":null}},"16":{"start":{"line":23,"column":72},"end":{"line":30,"column":null}},"17":{"start":{"line":27,"column":17},"end":{"line":30,"column":null}},"18":{"start":{"line":30,"column":7},"end":{"line":30,"column":null}},"19":{"start":{"line":30,"column":7},"end":{"line":32,"column":null}},"20":{"start":{"line":25,"column":4},"end":{"line":32,"column":null}},"21":{"start":{"line":32,"column":6},"end":{"line":32,"column":null}},"22":{"start":{"line":32,"column":6},"end":{"line":25,"column":null}},"23":{"start":{"line":36,"column":0},"end":{"line":36,"column":19}},"24":{"start":{"line":36,"column":0},"end":{"line":36,"column":null}},"25":{"start":{"line":36,"column":19},"end":{"line":36,"column":71}},"26":{"start":{"line":36,"column":71},"end":{"line":36,"column":null}},"27":{"start":{"line":36,"column":71},"end":{"line":43,"column":null}},"28":{"start":{"line":40,"column":17},"end":{"line":43,"column":null}},"29":{"start":{"line":43,"column":7},"end":{"line":43,"column":null}},"30":{"start":{"line":43,"column":7},"end":{"line":45,"column":null}},"31":{"start":{"line":38,"column":4},"end":{"line":45,"column":null}},"32":{"start":{"line":45,"column":6},"end":{"line":45,"column":null}},"33":{"start":{"line":45,"column":6},"end":{"line":38,"column":null}},"34":{"start":{"line":49,"column":0},"end":{"line":49,"column":25}},"35":{"start":{"line":49,"column":0},"end":{"line":49,"column":null}},"36":{"start":{"line":49,"column":25},"end":{"line":49,"column":77}},"37":{"start":{"line":49,"column":77},"end":{"line":49,"column":null}},"38":{"start":{"line":49,"column":77},"end":{"line":53,"column":null}},"39":{"start":{"line":53,"column":17},"end":{"line":53,"column":null}},"40":{"start":{"line":53,"column":63},"end":{"line":53,"column":null}},"41":{"start":{"line":53,"column":63},"end":{"line":55,"column":null}},"42":{"start":{"line":51,"column":4},"end":{"line":55,"column":null}},"43":{"start":{"line":55,"column":6},"end":{"line":55,"column":null}},"44":{"start":{"line":55,"column":6},"end":{"line":51,"column":null}},"45":{"start":{"line":59,"column":0},"end":{"line":59,"column":20}},"46":{"start":{"line":59,"column":0},"end":{"line":59,"column":null}},"47":{"start":{"line":59,"column":20},"end":{"line":59,"column":72}},"48":{"start":{"line":59,"column":72},"end":{"line":59,"column":null}},"49":{"start":{"line":59,"column":72},"end":{"line":66,"column":null}},"50":{"start":{"line":63,"column":17},"end":{"line":66,"column":null}},"51":{"start":{"line":66,"column":7},"end":{"line":66,"column":null}},"52":{"start":{"line":66,"column":7},"end":{"line":68,"column":null}},"53":{"start":{"line":61,"column":4},"end":{"line":68,"column":null}},"54":{"start":{"line":68,"column":6},"end":{"line":68,"column":null}},"55":{"start":{"line":68,"column":6},"end":{"line":61,"column":null}},"56":{"start":{"line":72,"column":0},"end":{"line":72,"column":21}},"57":{"start":{"line":72,"column":0},"end":{"line":72,"column":null}},"58":{"start":{"line":72,"column":21},"end":{"line":72,"column":73}},"59":{"start":{"line":72,"column":73},"end":{"line":72,"column":null}},"60":{"start":{"line":72,"column":73},"end":{"line":76,"column":null}},"61":{"start":{"line":76,"column":17},"end":{"line":76,"column":null}},"62":{"start":{"line":76,"column":69},"end":{"line":76,"column":null}},"63":{"start":{"line":76,"column":69},"end":{"line":78,"column":null}},"64":{"start":{"line":74,"column":4},"end":{"line":78,"column":null}},"65":{"start":{"line":78,"column":6},"end":{"line":78,"column":null}},"66":{"start":{"line":78,"column":6},"end":{"line":74,"column":null}},"67":{"start":{"line":82,"column":0},"end":{"line":82,"column":20}},"68":{"start":{"line":82,"column":0},"end":{"line":82,"column":null}},"69":{"start":{"line":82,"column":20},"end":{"line":82,"column":72}},"70":{"start":{"line":82,"column":72},"end":{"line":82,"column":null}},"71":{"start":{"line":82,"column":72},"end":{"line":89,"column":null}},"72":{"start":{"line":86,"column":17},"end":{"line":89,"column":null}},"73":{"start":{"line":89,"column":7},"end":{"line":89,"column":null}},"74":{"start":{"line":89,"column":7},"end":{"line":91,"column":null}},"75":{"start":{"line":84,"column":4},"end":{"line":91,"column":null}},"76":{"start":{"line":91,"column":6},"end":{"line":91,"column":null}},"77":{"start":{"line":91,"column":6},"end":{"line":84,"column":null}}},"fnMap":{"0":{"name":"Card","decl":{"start":{"line":5,"column":0},"end":{"line":5,"column":14}},"loc":{"start":{"line":5,"column":0},"end":{"line":11,"column":null}}},"1":{"name":"CardHeader","decl":{"start":{"line":23,"column":0},"end":{"line":23,"column":20}},"loc":{"start":{"line":23,"column":0},"end":{"line":25,"column":null}}},"2":{"name":"CardTitle","decl":{"start":{"line":36,"column":0},"end":{"line":36,"column":19}},"loc":{"start":{"line":36,"column":0},"end":{"line":38,"column":null}}},"3":{"name":"CardDescription","decl":{"start":{"line":49,"column":0},"end":{"line":49,"column":25}},"loc":{"start":{"line":49,"column":0},"end":{"line":51,"column":null}}},"4":{"name":"CardAction","decl":{"start":{"line":59,"column":0},"end":{"line":59,"column":20}},"loc":{"start":{"line":59,"column":0},"end":{"line":61,"column":null}}},"5":{"name":"CardContent","decl":{"start":{"line":72,"column":0},"end":{"line":72,"column":21}},"loc":{"start":{"line":72,"column":0},"end":{"line":74,"column":null}}},"6":{"name":"CardFooter","decl":{"start":{"line":82,"column":0},"end":{"line":82,"column":20}},"loc":{"start":{"line":82,"column":0},"end":{"line":84,"column":null}}}},"branchMap":{"0":{"loc":{"start":{"line":5,"column":0},"end":{"line":9,"column":null}},"type":"if","locations":[{"start":{"line":5,"column":0},"end":{"line":9,"column":null}},{"start":{"line":9,"column":60},"end":{"line":9,"column":null}}]},"1":{"loc":{"start":{"line":7,"column":2},"end":{"line":7,"column":18}},"type":"cond-expr","locations":[{"start":{"line":7,"column":2},"end":{"line":7,"column":18}},{"start":{"line":7,"column":2},"end":{"line":7,"column":18}}]},"2":{"loc":{"start":{"line":7,"column":18},"end":{"line":17,"column":null}},"type":"if","locations":[{"start":{"line":7,"column":18},"end":{"line":17,"column":null}},{"start":{"line":17,"column":7},"end":{"line":17,"column":null}}]},"3":{"loc":{"start":{"line":17,"column":7},"end":{"line":19,"column":null}},"type":"if","locations":[{"start":{"line":17,"column":7},"end":{"line":19,"column":null}},{"start":{"line":19,"column":6},"end":{"line":19,"column":null}}]},"4":{"loc":{"start":{"line":17,"column":7},"end":{"line":17,"column":null}},"type":"binary-expr","locations":[{"start":{"line":17,"column":7},"end":{"line":17,"column":null}},{"start":{"line":17,"column":7},"end":{"line":17,"column":null}},{"start":{"line":17,"column":7},"end":{"line":17,"column":null}}]},"5":{"loc":{"start":{"line":23,"column":0},"end":{"line":23,"column":null}},"type":"if","locations":[{"start":{"line":23,"column":0},"end":{"line":23,"column":null}},{"start":{"line":23,"column":72},"end":{"line":23,"column":null}}]},"6":{"loc":{"start":{"line":23,"column":72},"end":{"line":30,"column":null}},"type":"if","locations":[{"start":{"line":23,"column":72},"end":{"line":30,"column":null}},{"start":{"line":30,"column":7},"end":{"line":30,"column":null}}]},"7":{"loc":{"start":{"line":30,"column":7},"end":{"line":32,"column":null}},"type":"if","locations":[{"start":{"line":30,"column":7},"end":{"line":32,"column":null}},{"start":{"line":32,"column":6},"end":{"line":32,"column":null}}]},"8":{"loc":{"start":{"line":30,"column":7},"end":{"line":30,"column":null}},"type":"binary-expr","locations":[{"start":{"line":30,"column":7},"end":{"line":30,"column":null}},{"start":{"line":30,"column":7},"end":{"line":30,"column":null}}]},"9":{"loc":{"start":{"line":36,"column":0},"end":{"line":36,"column":null}},"type":"if","locations":[{"start":{"line":36,"column":0},"end":{"line":36,"column":null}},{"start":{"line":36,"column":71},"end":{"line":36,"column":null}}]},"10":{"loc":{"start":{"line":36,"column":71},"end":{"line":43,"column":null}},"type":"if","locations":[{"start":{"line":36,"column":71},"end":{"line":43,"column":null}},{"start":{"line":43,"column":7},"end":{"line":43,"column":null}}]},"11":{"loc":{"start":{"line":43,"column":7},"end":{"line":45,"column":null}},"type":"if","locations":[{"start":{"line":43,"column":7},"end":{"line":45,"column":null}},{"start":{"line":45,"column":6},"end":{"line":45,"column":null}}]},"12":{"loc":{"start":{"line":43,"column":7},"end":{"line":43,"column":null}},"type":"binary-expr","locations":[{"start":{"line":43,"column":7},"end":{"line":43,"column":null}},{"start":{"line":43,"column":7},"end":{"line":43,"column":null}}]},"13":{"loc":{"start":{"line":49,"column":0},"end":{"line":49,"column":null}},"type":"if","locations":[{"start":{"line":49,"column":0},"end":{"line":49,"column":null}},{"start":{"line":49,"column":77},"end":{"line":49,"column":null}}]},"14":{"loc":{"start":{"line":49,"column":77},"end":{"line":53,"column":null}},"type":"if","locations":[{"start":{"line":49,"column":77},"end":{"line":53,"column":null}},{"start":{"line":53,"column":63},"end":{"line":53,"column":null}}]},"15":{"loc":{"start":{"line":53,"column":63},"end":{"line":55,"column":null}},"type":"if","locations":[{"start":{"line":53,"column":63},"end":{"line":55,"column":null}},{"start":{"line":55,"column":6},"end":{"line":55,"column":null}}]},"16":{"loc":{"start":{"line":53,"column":63},"end":{"line":53,"column":null}},"type":"binary-expr","locations":[{"start":{"line":53,"column":63},"end":{"line":53,"column":null}},{"start":{"line":53,"column":63},"end":{"line":53,"column":null}}]},"17":{"loc":{"start":{"line":59,"column":0},"end":{"line":59,"column":null}},"type":"if","locations":[{"start":{"line":59,"column":0},"end":{"line":59,"column":null}},{"start":{"line":59,"column":72},"end":{"line":59,"column":null}}]},"18":{"loc":{"start":{"line":59,"column":72},"end":{"line":66,"column":null}},"type":"if","locations":[{"start":{"line":59,"column":72},"end":{"line":66,"column":null}},{"start":{"line":66,"column":7},"end":{"line":66,"column":null}}]},"19":{"loc":{"start":{"line":66,"column":7},"end":{"line":68,"column":null}},"type":"if","locations":[{"start":{"line":66,"column":7},"end":{"line":68,"column":null}},{"start":{"line":68,"column":6},"end":{"line":68,"column":null}}]},"20":{"loc":{"start":{"line":66,"column":7},"end":{"line":66,"column":null}},"type":"binary-expr","locations":[{"start":{"line":66,"column":7},"end":{"line":66,"column":null}},{"start":{"line":66,"column":7},"end":{"line":66,"column":null}}]},"21":{"loc":{"start":{"line":72,"column":0},"end":{"line":72,"column":null}},"type":"if","locations":[{"start":{"line":72,"column":0},"end":{"line":72,"column":null}},{"start":{"line":72,"column":73},"end":{"line":72,"column":null}}]},"22":{"loc":{"start":{"line":72,"column":73},"end":{"line":76,"column":null}},"type":"if","locations":[{"start":{"line":72,"column":73},"end":{"line":76,"column":null}},{"start":{"line":76,"column":69},"end":{"line":76,"column":null}}]},"23":{"loc":{"start":{"line":76,"column":69},"end":{"line":78,"column":null}},"type":"if","locations":[{"start":{"line":76,"column":69},"end":{"line":78,"column":null}},{"start":{"line":78,"column":6},"end":{"line":78,"column":null}}]},"24":{"loc":{"start":{"line":76,"column":69},"end":{"line":76,"column":null}},"type":"binary-expr","locations":[{"start":{"line":76,"column":69},"end":{"line":76,"column":null}},{"start":{"line":76,"column":69},"end":{"line":76,"column":null}}]},"25":{"loc":{"start":{"line":82,"column":0},"end":{"line":82,"column":null}},"type":"if","locations":[{"start":{"line":82,"column":0},"end":{"line":82,"column":null}},{"start":{"line":82,"column":72},"end":{"line":82,"column":null}}]},"26":{"loc":{"start":{"line":82,"column":72},"end":{"line":89,"column":null}},"type":"if","locations":[{"start":{"line":82,"column":72},"end":{"line":89,"column":null}},{"start":{"line":89,"column":7},"end":{"line":89,"column":null}}]},"27":{"loc":{"start":{"line":89,"column":7},"end":{"line":91,"column":null}},"type":"if","locations":[{"start":{"line":89,"column":7},"end":{"line":91,"column":null}},{"start":{"line":91,"column":6},"end":{"line":91,"column":null}}]},"28":{"loc":{"start":{"line":89,"column":7},"end":{"line":89,"column":null}},"type":"binary-expr","locations":[{"start":{"line":89,"column":7},"end":{"line":89,"column":null}},{"start":{"line":89,"column":7},"end":{"line":89,"column":null}}]}},"s":{"0":10,"1":10,"2":10,"3":40,"4":10,"5":10,"6":10,"7":20,"8":10,"9":10,"10":40,"11":10,"12":0,"13":0,"14":0,"15":0,"16":0,"17":0,"18":0,"19":0,"20":0,"21":0,"22":0,"23":0,"24":0,"25":0,"26":0,"27":0,"28":0,"29":0,"30":0,"31":0,"32":0,"33":0,"34":0,"35":0,"36":0,"37":0,"38":0,"39":0,"40":0,"41":0,"42":0,"43":0,"44":0,"45":0,"46":0,"47":0,"48":0,"49":0,"50":0,"51":0,"52":0,"53":0,"54":0,"55":0,"56":9,"57":9,"58":9,"59":27,"60":9,"61":9,"62":18,"63":9,"64":9,"65":27,"66":9,"67":0,"68":0,"69":0,"70":0,"71":0,"72":0,"73":0,"74":0,"75":0,"76":0,"77":0},"f":{"0":10,"1":0,"2":0,"3":0,"4":0,"5":9,"6":0},"b":{"0":[10,0],"1":[10,0],"2":[10,0],"3":[10,0],"4":[10,0,0],"5":[0,0],"6":[0,0],"7":[0,0],"8":[0,0],"9":[0,0],"10":[0,0],"11":[0,0],"12":[0,0],"13":[0,0],"14":[0,0],"15":[0,0],"16":[0,0],"17":[0,0],"18":[0,0],"19":[0,0],"20":[0,0],"21":[9,0],"22":[9,0],"23":[9,0],"24":[9,0],"25":[0,0],"26":[0,0],"27":[0,0],"28":[0,0]}}
,"/Users/joepaulsen/workspace/MCGithubExplorer/src/components/ui/Combobox.tsx": {"path":"/Users/joepaulsen/workspace/MCGithubExplorer/src/components/ui/Combobox.tsx","statementMap":{"0":{"start":{"line":15,"column":17},"end":{"line":15,"column":null}},"1":{"start":{"line":17,"column":0},"end":{"line":17,"column":23}},"2":{"start":{"line":17,"column":0},"end":{"line":17,"column":null}},"3":{"start":{"line":17,"column":23},"end":{"line":17,"column":66}},"4":{"start":{"line":17,"column":66},"end":{"line":17,"column":null}},"5":{"start":{"line":17,"column":66},"end":{"line":18,"column":null}},"6":{"start":{"line":18,"column":8},"end":{"line":18,"column":null}},"7":{"start":{"line":18,"column":73},"end":{"line":18,"column":null}},"8":{"start":{"line":18,"column":73},"end":{"line":18,"column":43}},"9":{"start":{"line":21,"column":0},"end":{"line":21,"column":25}},"10":{"start":{"line":21,"column":0},"end":{"line":25,"column":null}},"11":{"start":{"line":21,"column":25},"end":{"line":21,"column":null}},"12":{"start":{"line":25,"column":34},"end":{"line":25,"column":null}},"13":{"start":{"line":25,"column":34},"end":{"line":29,"column":null}},"14":{"start":{"line":29,"column":14},"end":{"line":29,"column":null}},"15":{"start":{"line":29,"column":67},"end":{"line":29,"column":null}},"16":{"start":{"line":29,"column":67},"end":{"line":33,"column":null}},"17":{"start":{"line":33,"column":3},"end":{"line":33,"column":null}},"18":{"start":{"line":33,"column":83},"end":{"line":33,"column":null}},"19":{"start":{"line":33,"column":83},"end":{"line":34,"column":null}},"20":{"start":{"line":27,"column":2},"end":{"line":34,"column":null}},"21":{"start":{"line":34,"column":30},"end":{"line":34,"column":null}},"22":{"start":{"line":34,"column":30},"end":{"line":27,"column":null}},"23":{"start":{"line":38,"column":0},"end":{"line":38,"column":23}},"24":{"start":{"line":38,"column":0},"end":{"line":38,"column":null}},"25":{"start":{"line":38,"column":23},"end":{"line":38,"column":77}},"26":{"start":{"line":38,"column":77},"end":{"line":38,"column":null}},"27":{"start":{"line":38,"column":77},"end":{"line":42,"column":null}},"28":{"start":{"line":42,"column":11},"end":{"line":42,"column":null}},"29":{"start":{"line":42,"column":62},"end":{"line":42,"column":null}},"30":{"start":{"line":42,"column":62},"end":{"line":43,"column":null}},"31":{"start":{"line":43,"column":14},"end":{"line":43,"column":null}},"32":{"start":{"line":43,"column":27},"end":{"line":43,"column":null}},"33":{"start":{"line":43,"column":27},"end":{"line":46,"column":null}},"34":{"start":{"line":46,"column":3},"end":{"line":46,"column":null}},"35":{"start":{"line":46,"column":44},"end":{"line":46,"column":null}},"36":{"start":{"line":46,"column":44},"end":{"line":47,"column":null}},"37":{"start":{"line":40,"column":2},"end":{"line":47,"column":null}},"38":{"start":{"line":47,"column":28},"end":{"line":47,"column":null}},"39":{"start":{"line":47,"column":28},"end":{"line":40,"column":null}},"40":{"start":{"line":51,"column":0},"end":{"line":51,"column":23}},"41":{"start":{"line":51,"column":0},"end":{"line":61,"column":null}},"42":{"start":{"line":51,"column":23},"end":{"line":51,"column":null}},"43":{"start":{"line":61,"column":1},"end":{"line":61,"column":null}},"44":{"start":{"line":54,"column":1},"end":{"line":54,"column":null}},"45":{"start":{"line":55,"column":1},"end":{"line":55,"column":null}},"46":{"start":{"line":56,"column":1},"end":{"line":56,"column":18}},"47":{"start":{"line":56,"column":18},"end":{"line":63,"column":null}},"48":{"start":{"line":63,"column":25},"end":{"line":63,"column":null}},"49":{"start":{"line":63,"column":48},"end":{"line":63,"column":null}},"50":{"start":{"line":63,"column":48},"end":{"line":65,"column":null}},"51":{"start":{"line":65,"column":12},"end":{"line":65,"column":null}},"52":{"start":{"line":65,"column":51},"end":{"line":65,"column":null}},"53":{"start":{"line":65,"column":51},"end":{"line":67,"column":null}},"54":{"start":{"line":64,"column":3},"end":{"line":67,"column":null}},"55":{"start":{"line":67,"column":5},"end":{"line":67,"column":null}},"56":{"start":{"line":67,"column":5},"end":{"line":78,"column":null}},"57":{"start":{"line":69,"column":5},"end":{"line":78,"column":null}},"58":{"start":{"line":78,"column":5},"end":{"line":78,"column":null}},"59":{"start":{"line":78,"column":5},"end":{"line":79,"column":null}},"60":{"start":{"line":79,"column":5},"end":{"line":79,"column":null}},"61":{"start":{"line":79,"column":55},"end":{"line":79,"column":null}},"62":{"start":{"line":79,"column":55},"end":{"line":80,"column":null}},"63":{"start":{"line":68,"column":3},"end":{"line":80,"column":null}},"64":{"start":{"line":80,"column":21},"end":{"line":80,"column":null}},"65":{"start":{"line":80,"column":21},"end":{"line":82,"column":null}},"66":{"start":{"line":63,"column":2},"end":{"line":82,"column":null}},"67":{"start":{"line":82,"column":15},"end":{"line":82,"column":null}},"68":{"start":{"line":82,"column":15},"end":{"line":63,"column":3}},"69":{"start":{"line":86,"column":0},"end":{"line":86,"column":25}},"70":{"start":{"line":86,"column":0},"end":{"line":98,"column":null}},"71":{"start":{"line":86,"column":25},"end":{"line":86,"column":null}},"72":{"start":{"line":98,"column":2},"end":{"line":98,"column":null}},"73":{"start":{"line":88,"column":1},"end":{"line":88,"column":null}},"74":{"start":{"line":89,"column":1},"end":{"line":89,"column":null}},"75":{"start":{"line":90,"column":1},"end":{"line":90,"column":null}},"76":{"start":{"line":91,"column":1},"end":{"line":91,"column":null}},"77":{"start":{"line":111,"column":17},"end":{"line":111,"column":25}},"78":{"start":{"line":111,"column":25},"end":{"line":115,"column":null}},"79":{"start":{"line":112,"column":16},"end":{"line":115,"column":null}},"80":{"start":{"line":115,"column":6},"end":{"line":115,"column":null}},"81":{"start":{"line":115,"column":6},"end":{"line":117,"column":null}},"82":{"start":{"line":109,"column":4},"end":{"line":117,"column":null}},"83":{"start":{"line":117,"column":6},"end":{"line":117,"column":null}},"84":{"start":{"line":117,"column":6},"end":{"line":119,"column":null}},"85":{"start":{"line":100,"column":2},"end":{"line":119,"column":null}},"86":{"start":{"line":119,"column":29},"end":{"line":119,"column":null}},"87":{"start":{"line":119,"column":29},"end":{"line":100,"column":null}},"88":{"start":{"line":123,"column":0},"end":{"line":123,"column":22}},"89":{"start":{"line":123,"column":0},"end":{"line":123,"column":null}},"90":{"start":{"line":123,"column":22},"end":{"line":123,"column":75}},"91":{"start":{"line":123,"column":75},"end":{"line":123,"column":null}},"92":{"start":{"line":123,"column":75},"end":{"line":130,"column":null}},"93":{"start":{"line":127,"column":14},"end":{"line":130,"column":null}},"94":{"start":{"line":130,"column":4},"end":{"line":130,"column":null}},"95":{"start":{"line":130,"column":4},"end":{"line":132,"column":null}},"96":{"start":{"line":125,"column":2},"end":{"line":132,"column":null}},"97":{"start":{"line":132,"column":4},"end":{"line":132,"column":null}},"98":{"start":{"line":132,"column":4},"end":{"line":125,"column":null}},"99":{"start":{"line":136,"column":0},"end":{"line":136,"column":22}},"100":{"start":{"line":136,"column":0},"end":{"line":140,"column":null}},"101":{"start":{"line":136,"column":22},"end":{"line":136,"column":null}},"102":{"start":{"line":140,"column":31},"end":{"line":140,"column":null}},"103":{"start":{"line":140,"column":31},"end":{"line":147,"column":null}},"104":{"start":{"line":144,"column":14},"end":{"line":147,"column":null}},"105":{"start":{"line":147,"column":4},"end":{"line":147,"column":null}},"106":{"start":{"line":147,"column":4},"end":{"line":157,"column":null}},"107":{"start":{"line":151,"column":3},"end":{"line":157,"column":null}},"108":{"start":{"line":157,"column":37},"end":{"line":157,"column":null}},"109":{"start":{"line":157,"column":37},"end":{"line":158,"column":null}},"110":{"start":{"line":142,"column":2},"end":{"line":158,"column":null}},"111":{"start":{"line":158,"column":27},"end":{"line":158,"column":null}},"112":{"start":{"line":158,"column":27},"end":{"line":142,"column":null}},"113":{"start":{"line":162,"column":0},"end":{"line":162,"column":23}},"114":{"start":{"line":162,"column":0},"end":{"line":162,"column":null}},"115":{"start":{"line":162,"column":23},"end":{"line":162,"column":77}},"116":{"start":{"line":162,"column":77},"end":{"line":162,"column":null}},"117":{"start":{"line":162,"column":77},"end":{"line":166,"column":null}},"118":{"start":{"line":166,"column":14},"end":{"line":166,"column":null}},"119":{"start":{"line":166,"column":27},"end":{"line":166,"column":null}},"120":{"start":{"line":166,"column":27},"end":{"line":168,"column":null}},"121":{"start":{"line":164,"column":2},"end":{"line":168,"column":null}},"122":{"start":{"line":168,"column":4},"end":{"line":168,"column":null}},"123":{"start":{"line":168,"column":4},"end":{"line":164,"column":null}},"124":{"start":{"line":172,"column":0},"end":{"line":172,"column":23}},"125":{"start":{"line":172,"column":0},"end":{"line":175,"column":null}},"126":{"start":{"line":172,"column":23},"end":{"line":172,"column":null}},"127":{"start":{"line":175,"column":37},"end":{"line":175,"column":null}},"128":{"start":{"line":175,"column":37},"end":{"line":179,"column":null}},"129":{"start":{"line":179,"column":14},"end":{"line":179,"column":null}},"130":{"start":{"line":179,"column":72},"end":{"line":179,"column":null}},"131":{"start":{"line":179,"column":72},"end":{"line":181,"column":null}},"132":{"start":{"line":177,"column":2},"end":{"line":181,"column":null}},"133":{"start":{"line":181,"column":4},"end":{"line":181,"column":null}},"134":{"start":{"line":181,"column":4},"end":{"line":177,"column":null}},"135":{"start":{"line":185,"column":0},"end":{"line":185,"column":28}},"136":{"start":{"line":185,"column":0},"end":{"line":185,"column":null}},"137":{"start":{"line":185,"column":28},"end":{"line":185,"column":76}},"138":{"start":{"line":185,"column":76},"end":{"line":185,"column":null}},"139":{"start":{"line":185,"column":76},"end":{"line":187,"column":null}},"140":{"start":{"line":187,"column":2},"end":{"line":187,"column":null}},"141":{"start":{"line":187,"column":77},"end":{"line":187,"column":null}},"142":{"start":{"line":187,"column":77},"end":{"line":187,"column":42}},"143":{"start":{"line":191,"column":0},"end":{"line":191,"column":23}},"144":{"start":{"line":191,"column":0},"end":{"line":191,"column":null}},"145":{"start":{"line":191,"column":23},"end":{"line":191,"column":77}},"146":{"start":{"line":191,"column":77},"end":{"line":191,"column":null}},"147":{"start":{"line":191,"column":77},"end":{"line":198,"column":null}},"148":{"start":{"line":195,"column":14},"end":{"line":198,"column":null}},"149":{"start":{"line":198,"column":4},"end":{"line":198,"column":null}},"150":{"start":{"line":198,"column":4},"end":{"line":200,"column":null}},"151":{"start":{"line":193,"column":2},"end":{"line":200,"column":null}},"152":{"start":{"line":200,"column":4},"end":{"line":200,"column":null}},"153":{"start":{"line":200,"column":4},"end":{"line":193,"column":null}},"154":{"start":{"line":204,"column":0},"end":{"line":204,"column":27}},"155":{"start":{"line":204,"column":0},"end":{"line":207,"column":null}},"156":{"start":{"line":204,"column":27},"end":{"line":204,"column":null}},"157":{"start":{"line":207,"column":36},"end":{"line":207,"column":null}},"158":{"start":{"line":207,"column":36},"end":{"line":211,"column":null}},"159":{"start":{"line":211,"column":14},"end":{"line":211,"column":null}},"160":{"start":{"line":211,"column":56},"end":{"line":211,"column":null}},"161":{"start":{"line":211,"column":56},"end":{"line":213,"column":null}},"162":{"start":{"line":209,"column":2},"end":{"line":213,"column":null}},"163":{"start":{"line":213,"column":4},"end":{"line":213,"column":null}},"164":{"start":{"line":213,"column":4},"end":{"line":209,"column":null}},"165":{"start":{"line":217,"column":0},"end":{"line":217,"column":23}},"166":{"start":{"line":217,"column":0},"end":{"line":221,"column":null}},"167":{"start":{"line":217,"column":23},"end":{"line":217,"column":null}},"168":{"start":{"line":221,"column":30},"end":{"line":221,"column":null}},"169":{"start":{"line":221,"column":30},"end":{"line":228,"column":null}},"170":{"start":{"line":225,"column":14},"end":{"line":228,"column":null}},"171":{"start":{"line":228,"column":4},"end":{"line":228,"column":null}},"172":{"start":{"line":228,"column":4},"end":{"line":230,"column":null}},"173":{"start":{"line":223,"column":2},"end":{"line":230,"column":null}},"174":{"start":{"line":230,"column":4},"end":{"line":230,"column":null}},"175":{"start":{"line":230,"column":4},"end":{"line":223,"column":null}},"176":{"start":{"line":234,"column":0},"end":{"line":234,"column":22}},"177":{"start":{"line":234,"column":0},"end":{"line":241,"column":null}},"178":{"start":{"line":234,"column":22},"end":{"line":234,"column":null}},"179":{"start":{"line":241,"column":1},"end":{"line":241,"column":null}},"180":{"start":{"line":237,"column":1},"end":{"line":237,"column":18}},"181":{"start":{"line":237,"column":18},"end":{"line":248,"column":null}},"182":{"start":{"line":245,"column":14},"end":{"line":248,"column":null}},"183":{"start":{"line":248,"column":4},"end":{"line":248,"column":null}},"184":{"start":{"line":248,"column":4},"end":{"line":260,"column":null}},"185":{"start":{"line":252,"column":4},"end":{"line":260,"column":null}},"186":{"start":{"line":260,"column":4},"end":{"line":260,"column":null}},"187":{"start":{"line":260,"column":4},"end":{"line":261,"column":null}},"188":{"start":{"line":243,"column":2},"end":{"line":261,"column":null}},"189":{"start":{"line":261,"column":27},"end":{"line":261,"column":null}},"190":{"start":{"line":261,"column":27},"end":{"line":243,"column":null}},"191":{"start":{"line":265,"column":0},"end":{"line":265,"column":28}},"192":{"start":{"line":265,"column":0},"end":{"line":268,"column":null}},"193":{"start":{"line":265,"column":28},"end":{"line":265,"column":null}},"194":{"start":{"line":268,"column":32},"end":{"line":268,"column":null}},"195":{"start":{"line":268,"column":32},"end":{"line":272,"column":null}},"196":{"start":{"line":272,"column":14},"end":{"line":272,"column":null}},"197":{"start":{"line":272,"column":59},"end":{"line":272,"column":null}},"198":{"start":{"line":272,"column":59},"end":{"line":274,"column":null}},"199":{"start":{"line":270,"column":2},"end":{"line":274,"column":null}},"200":{"start":{"line":274,"column":4},"end":{"line":274,"column":null}},"201":{"start":{"line":274,"column":4},"end":{"line":270,"column":null}},"202":{"start":{"line":278,"column":0},"end":{"line":279,"column":null}}},"fnMap":{"0":{"name":"ComboboxValue","decl":{"start":{"line":17,"column":0},"end":{"line":17,"column":23}},"loc":{"start":{"line":17,"column":0},"end":{"line":18,"column":43}}},"1":{"name":"ComboboxTrigger","decl":{"start":{"line":21,"column":0},"end":{"line":21,"column":25}},"loc":{"start":{"line":21,"column":0},"end":{"line":27,"column":null}}},"2":{"name":"ComboboxClear","decl":{"start":{"line":38,"column":0},"end":{"line":38,"column":23}},"loc":{"start":{"line":38,"column":0},"end":{"line":40,"column":null}}},"3":{"name":"ComboboxInput","decl":{"start":{"line":51,"column":0},"end":{"line":51,"column":23}},"loc":{"start":{"line":51,"column":0},"end":{"line":63,"column":3}}},"4":{"name":"ComboboxContent","decl":{"start":{"line":86,"column":0},"end":{"line":86,"column":25}},"loc":{"start":{"line":86,"column":0},"end":{"line":100,"column":null}}},"5":{"name":"ComboboxList","decl":{"start":{"line":123,"column":0},"end":{"line":123,"column":22}},"loc":{"start":{"line":123,"column":0},"end":{"line":125,"column":null}}},"6":{"name":"ComboboxItem","decl":{"start":{"line":136,"column":0},"end":{"line":136,"column":22}},"loc":{"start":{"line":136,"column":0},"end":{"line":142,"column":null}}},"7":{"name":"ComboboxGroup","decl":{"start":{"line":162,"column":0},"end":{"line":162,"column":23}},"loc":{"start":{"line":162,"column":0},"end":{"line":164,"column":null}}},"8":{"name":"ComboboxLabel","decl":{"start":{"line":172,"column":0},"end":{"line":172,"column":23}},"loc":{"start":{"line":172,"column":0},"end":{"line":177,"column":null}}},"9":{"name":"ComboboxCollection","decl":{"start":{"line":185,"column":0},"end":{"line":185,"column":28}},"loc":{"start":{"line":185,"column":0},"end":{"line":187,"column":42}}},"10":{"name":"ComboboxEmpty","decl":{"start":{"line":191,"column":0},"end":{"line":191,"column":23}},"loc":{"start":{"line":191,"column":0},"end":{"line":193,"column":null}}},"11":{"name":"ComboboxSeparator","decl":{"start":{"line":204,"column":0},"end":{"line":204,"column":27}},"loc":{"start":{"line":204,"column":0},"end":{"line":209,"column":null}}},"12":{"name":"ComboboxChips","decl":{"start":{"line":217,"column":0},"end":{"line":217,"column":23}},"loc":{"start":{"line":217,"column":0},"end":{"line":223,"column":null}}},"13":{"name":"ComboboxChip","decl":{"start":{"line":234,"column":0},"end":{"line":234,"column":22}},"loc":{"start":{"line":234,"column":0},"end":{"line":243,"column":null}}},"14":{"name":"ComboboxChipsInput","decl":{"start":{"line":265,"column":0},"end":{"line":265,"column":28}},"loc":{"start":{"line":265,"column":0},"end":{"line":270,"column":null}}},"15":{"name":"useComboboxAnchor","decl":{"start":{"line":278,"column":0},"end":{"line":278,"column":null}},"loc":{"start":{"line":278,"column":0},"end":{"line":279,"column":null}}}},"branchMap":{"0":{"loc":{"start":{"line":17,"column":0},"end":{"line":17,"column":null}},"type":"if","locations":[{"start":{"line":17,"column":0},"end":{"line":17,"column":null}},{"start":{"line":17,"column":66},"end":{"line":17,"column":null}}]},"1":{"loc":{"start":{"line":17,"column":66},"end":{"line":18,"column":null}},"type":"if","locations":[{"start":{"line":17,"column":66},"end":{"line":18,"column":null}},{"start":{"line":18,"column":73},"end":{"line":18,"column":null}}]},"2":{"loc":{"start":{"line":21,"column":0},"end":{"line":25,"column":null}},"type":"if","locations":[{"start":{"line":21,"column":0},"end":{"line":25,"column":null}},{"start":{"line":25,"column":34},"end":{"line":25,"column":null}}]},"3":{"loc":{"start":{"line":25,"column":34},"end":{"line":29,"column":null}},"type":"if","locations":[{"start":{"line":25,"column":34},"end":{"line":29,"column":null}},{"start":{"line":29,"column":67},"end":{"line":29,"column":null}}]},"4":{"loc":{"start":{"line":29,"column":67},"end":{"line":33,"column":null}},"type":"if","locations":[{"start":{"line":29,"column":67},"end":{"line":33,"column":null}},{"start":{"line":33,"column":83},"end":{"line":33,"column":null}}]},"5":{"loc":{"start":{"line":33,"column":83},"end":{"line":34,"column":null}},"type":"if","locations":[{"start":{"line":33,"column":83},"end":{"line":34,"column":null}},{"start":{"line":34,"column":30},"end":{"line":34,"column":null}}]},"6":{"loc":{"start":{"line":33,"column":83},"end":{"line":33,"column":null}},"type":"binary-expr","locations":[{"start":{"line":33,"column":83},"end":{"line":33,"column":null}},{"start":{"line":33,"column":83},"end":{"line":33,"column":null}},{"start":{"line":33,"column":83},"end":{"line":33,"column":null}}]},"7":{"loc":{"start":{"line":38,"column":0},"end":{"line":38,"column":null}},"type":"if","locations":[{"start":{"line":38,"column":0},"end":{"line":38,"column":null}},{"start":{"line":38,"column":77},"end":{"line":38,"column":null}}]},"8":{"loc":{"start":{"line":38,"column":77},"end":{"line":42,"column":null}},"type":"if","locations":[{"start":{"line":38,"column":77},"end":{"line":42,"column":null}},{"start":{"line":42,"column":62},"end":{"line":42,"column":null}}]},"9":{"loc":{"start":{"line":42,"column":62},"end":{"line":43,"column":null}},"type":"if","locations":[{"start":{"line":42,"column":62},"end":{"line":43,"column":null}},{"start":{"line":43,"column":27},"end":{"line":43,"column":null}}]},"10":{"loc":{"start":{"line":43,"column":27},"end":{"line":46,"column":null}},"type":"if","locations":[{"start":{"line":43,"column":27},"end":{"line":46,"column":null}},{"start":{"line":46,"column":44},"end":{"line":46,"column":null}}]},"11":{"loc":{"start":{"line":46,"column":44},"end":{"line":47,"column":null}},"type":"if","locations":[{"start":{"line":46,"column":44},"end":{"line":47,"column":null}},{"start":{"line":47,"column":28},"end":{"line":47,"column":null}}]},"12":{"loc":{"start":{"line":46,"column":44},"end":{"line":46,"column":null}},"type":"binary-expr","locations":[{"start":{"line":46,"column":44},"end":{"line":46,"column":null}},{"start":{"line":46,"column":44},"end":{"line":46,"column":null}}]},"13":{"loc":{"start":{"line":51,"column":0},"end":{"line":61,"column":null}},"type":"if","locations":[{"start":{"line":51,"column":0},"end":{"line":61,"column":null}},{"start":{"line":61,"column":1},"end":{"line":61,"column":null}}]},"14":{"loc":{"start":{"line":54,"column":1},"end":{"line":54,"column":null}},"type":"cond-expr","locations":[{"start":{"line":54,"column":1},"end":{"line":54,"column":null}},{"start":{"line":54,"column":1},"end":{"line":54,"column":null}}]},"15":{"loc":{"start":{"line":55,"column":1},"end":{"line":55,"column":null}},"type":"cond-expr","locations":[{"start":{"line":55,"column":1},"end":{"line":55,"column":null}},{"start":{"line":55,"column":1},"end":{"line":55,"column":null}}]},"16":{"loc":{"start":{"line":56,"column":1},"end":{"line":56,"column":18}},"type":"cond-expr","locations":[{"start":{"line":56,"column":1},"end":{"line":56,"column":18}},{"start":{"line":56,"column":1},"end":{"line":56,"column":18}}]},"17":{"loc":{"start":{"line":56,"column":18},"end":{"line":63,"column":null}},"type":"if","locations":[{"start":{"line":56,"column":18},"end":{"line":63,"column":null}},{"start":{"line":63,"column":48},"end":{"line":63,"column":null}}]},"18":{"loc":{"start":{"line":63,"column":48},"end":{"line":65,"column":null}},"type":"if","locations":[{"start":{"line":63,"column":48},"end":{"line":65,"column":null}},{"start":{"line":65,"column":51},"end":{"line":65,"column":null}}]},"19":{"loc":{"start":{"line":65,"column":51},"end":{"line":67,"column":null}},"type":"if","locations":[{"start":{"line":65,"column":51},"end":{"line":67,"column":null}},{"start":{"line":67,"column":5},"end":{"line":67,"column":null}}]},"20":{"loc":{"start":{"line":65,"column":51},"end":{"line":65,"column":null}},"type":"binary-expr","locations":[{"start":{"line":65,"column":51},"end":{"line":65,"column":null}},{"start":{"line":65,"column":51},"end":{"line":65,"column":null}}]},"21":{"loc":{"start":{"line":67,"column":5},"end":{"line":78,"column":null}},"type":"if","locations":[{"start":{"line":67,"column":5},"end":{"line":78,"column":null}},{"start":{"line":78,"column":5},"end":{"line":78,"column":null}}]},"22":{"loc":{"start":{"line":67,"column":5},"end":{"line":67,"column":null}},"type":"binary-expr","locations":[{"start":{"line":67,"column":5},"end":{"line":67,"column":null}},{"start":{"line":67,"column":5},"end":{"line":67,"column":null}}]},"23":{"loc":{"start":{"line":69,"column":5},"end":{"line":78,"column":null}},"type":"binary-expr","locations":[{"start":{"line":69,"column":5},"end":{"line":69,"column":null}},{"start":{"line":70,"column":5},"end":{"line":78,"column":null}}]},"24":{"loc":{"start":{"line":78,"column":5},"end":{"line":79,"column":null}},"type":"if","locations":[{"start":{"line":78,"column":5},"end":{"line":79,"column":null}},{"start":{"line":79,"column":55},"end":{"line":79,"column":null}}]},"25":{"loc":{"start":{"line":78,"column":5},"end":{"line":78,"column":null}},"type":"binary-expr","locations":[{"start":{"line":78,"column":5},"end":{"line":78,"column":null}},{"start":{"line":78,"column":5},"end":{"line":78,"column":null}}]},"26":{"loc":{"start":{"line":79,"column":5},"end":{"line":79,"column":null}},"type":"binary-expr","locations":[{"start":{"line":79,"column":5},"end":{"line":79,"column":18}},{"start":{"line":79,"column":18},"end":{"line":79,"column":null}}]},"27":{"loc":{"start":{"line":79,"column":55},"end":{"line":80,"column":null}},"type":"if","locations":[{"start":{"line":79,"column":55},"end":{"line":80,"column":null}},{"start":{"line":80,"column":21},"end":{"line":80,"column":null}}]},"28":{"loc":{"start":{"line":79,"column":55},"end":{"line":79,"column":null}},"type":"binary-expr","locations":[{"start":{"line":79,"column":55},"end":{"line":79,"column":null}},{"start":{"line":79,"column":55},"end":{"line":79,"column":null}}]},"29":{"loc":{"start":{"line":80,"column":21},"end":{"line":82,"column":null}},"type":"if","locations":[{"start":{"line":80,"column":21},"end":{"line":82,"column":null}},{"start":{"line":82,"column":15},"end":{"line":82,"column":null}}]},"30":{"loc":{"start":{"line":80,"column":21},"end":{"line":80,"column":null}},"type":"binary-expr","locations":[{"start":{"line":80,"column":21},"end":{"line":80,"column":null}},{"start":{"line":80,"column":21},"end":{"line":80,"column":null}},{"start":{"line":80,"column":21},"end":{"line":80,"column":null}},{"start":{"line":80,"column":21},"end":{"line":80,"column":null}}]},"31":{"loc":{"start":{"line":86,"column":0},"end":{"line":98,"column":null}},"type":"if","locations":[{"start":{"line":86,"column":0},"end":{"line":98,"column":null}},{"start":{"line":98,"column":2},"end":{"line":98,"column":null}}]},"32":{"loc":{"start":{"line":88,"column":1},"end":{"line":88,"column":null}},"type":"cond-expr","locations":[{"start":{"line":88,"column":1},"end":{"line":88,"column":null}},{"start":{"line":88,"column":1},"end":{"line":88,"column":null}}]},"33":{"loc":{"start":{"line":89,"column":1},"end":{"line":89,"column":null}},"type":"cond-expr","locations":[{"start":{"line":89,"column":1},"end":{"line":89,"column":null}},{"start":{"line":89,"column":1},"end":{"line":89,"column":null}}]},"34":{"loc":{"start":{"line":90,"column":1},"end":{"line":90,"column":null}},"type":"cond-expr","locations":[{"start":{"line":90,"column":1},"end":{"line":90,"column":null}},{"start":{"line":90,"column":1},"end":{"line":90,"column":null}}]},"35":{"loc":{"start":{"line":91,"column":1},"end":{"line":91,"column":null}},"type":"cond-expr","locations":[{"start":{"line":91,"column":1},"end":{"line":91,"column":null}},{"start":{"line":91,"column":1},"end":{"line":91,"column":null}}]},"36":{"loc":{"start":{"line":111,"column":25},"end":{"line":115,"column":null}},"type":"if","locations":[{"start":{
[...]
},{"start":{"line":46,"column":23},"end":{"line":46,"column":null}}]},"8":{"loc":{"start":{"line":56,"column":63},"end":{"line":64,"column":null}},"type":"if","locations":[{"start":{"line":56,"column":63},"end":{"line":64,"column":null}},{"start":{"line":64,"column":4},"end":{"line":64,"column":null}}]},"9":{"loc":{"start":{"line":56,"column":63},"end":{"line":56,"column":null}},"type":"binary-expr","locations":[{"start":{"line":56,"column":63},"end":{"line":56,"column":null}},{"start":{"line":56,"column":63},"end":{"line":56,"column":null}},{"start":{"line":56,"column":63},"end":{"line":56,"column":null}}]},"10":{"loc":{"start":{"line":58,"column":4},"end":{"line":58,"column":null}},"type":"if","locations":[{"start":{"line":58,"column":4},"end":{"line":58,"column":null}},{"start":{},"end":{}}]},"11":{"loc":{"start":{"line":86,"column":0},"end":{"line":95,"column":null}},"type":"if","locations":[{"start":{"line":86,"column":0},"end":{"line":95,"column":null}},{"start":{"line":95,"column":2},"end":{"line":95,"column":null}}]},"12":{"loc":{"start":{"line":88,"column":1},"end":{"line":88,"column":null}},"type":"cond-expr","locations":[{"start":{"line":88,"column":1},"end":{"line":88,"column":null}},{"start":{"line":88,"column":1},"end":{"line":88,"column":null}}]},"13":{"loc":{"start":{"line":89,"column":1},"end":{"line":89,"column":null}},"type":"cond-expr","locations":[{"start":{"line":89,"column":1},"end":{"line":89,"column":null}},{"start":{"line":89,"column":1},"end":{"line":89,"column":null}}]},"14":{"loc":{"start":{"line":90,"column":1},"end":{"line":90,"column":12}},"type":"cond-expr","locations":[{"start":{"line":90,"column":1},"end":{"line":90,"column":12}},{"start":{"line":90,"column":1},"end":{"line":90,"column":12}}]},"15":{"loc":{"start":{"line":90,"column":12},"end":{"line":101,"column":null}},"type":"if","locations":[{"start":{"line":90,"column":12},"end":{"line":101,"column":null}},{"start":{"line":101,"column":63},"end":{"line":101,"column":null}}]},"16":{"loc":{"start":{"line":90,"column":12},"end":{"line":90,"column":null}},"type":"binary-expr","locations":[{"start":{"line":90,"column":12},"end":{"line":90,"column":null}},{"start":{"line":90,"column":12},"end":{"line":90,"column":null}}]},"17":{"loc":{"start":{"line":101,"column":63},"end":{"line":103,"column":null}},"type":"if","locations":[{"start":{"line":101,"column":63},"end":{"line":103,"column":null}},{"start":{"line":103,"column":4},"end":{"line":103,"column":null}}]},"18":{"loc":{"start":{"line":101,"column":63},"end":{"line":101,"column":null}},"type":"binary-expr","locations":[{"start":{"line":101,"column":63},"end":{"line":101,"column":null}},{"start":{"line":101,"column":63},"end":{"line":101,"column":null}},{"start":{"line":101,"column":63},"end":{"line":101,"column":null}},{"start":{"line":101,"column":63},"end":{"line":101,"column":null}},{"start":{"line":101,"column":63},"end":{"line":101,"column":null}}]},"19":{"loc":{"start":{"line":107,"column":0},"end":{"line":107,"column":null}},"type":"if","locations":[{"start":{"line":107,"column":0},"end":{"line":107,"column":null}},{"start":{"line":107,"column":77},"end":{"line":107,"column":null}}]},"20":{"loc":{"start":{"line":107,"column":77},"end":{"line":113,"column":null}},"type":"if","locations":[{"start":{"line":107,"column":77},"end":{"line":113,"column":null}},{"start":{"line":113,"column":4},"end":{"line":113,"column":null}}]},"21":{"loc":{"start":{"line":113,"column":4},"end":{"line":115,"column":null}},"type":"if","locations":[{"start":{"line":113,"column":4},"end":{"line":115,"column":null}},{"start":{"line":115,"column":4},"end":{"line":115,"column":null}}]},"22":{"loc":{"start":{"line":113,"column":4},"end":{"line":113,"column":null}},"type":"binary-expr","locations":[{"start":{"line":113,"column":4},"end":{"line":113,"column":null}},{"start":{"line":113,"column":4},"end":{"line":113,"column":null}}]},"23":{"loc":{"start":{"line":119,"column":0},"end":{"line":122,"column":null}},"type":"if","locations":[{"start":{"line":119,"column":0},"end":{"line":122,"column":null}},{"start":{"line":122,"column":32},"end":{"line":122,"column":null}}]},"24":{"loc":{"start":{"line":122,"column":32},"end":{"line":129,"column":null}},"type":"if","locations":[{"start":{"line":122,"column":32},"end":{"line":129,"column":null}},{"start":{"line":129,"column":4},"end":{"line":129,"column":null}}]},"25":{"loc":{"start":{"line":129,"column":4},"end":{"line":131,"column":null}},"type":"if","locations":[{"start":{"line":129,"column":4},"end":{"line":131,"column":null}},{"start":{"line":131,"column":4},"end":{"line":131,"column":null}}]},"26":{"loc":{"start":{"line":129,"column":4},"end":{"line":129,"column":null}},"type":"binary-expr","locations":[{"start":{"line":129,"column":4},"end":{"line":129,"column":null}},{"start":{"line":129,"column":4},"end":{"line":129,"column":null}}]},"27":{"loc":{"start":{"line":135,"column":0},"end":{"line":138,"column":null}},"type":"if","locations":[{"start":{"line":135,"column":0},"end":{"line":138,"column":null}},{"start":{"line":138,"column":35},"end":{"line":138,"column":null}}]},"28":{"loc":{"start":{"line":138,"column":35},"end":{"line":145,"column":null}},"type":"if","locations":[{"start":{"line":138,"column":35},"end":{"line":145,"column":null}},{"start":{"line":145,"column":4},"end":{"line":145,"column":null}}]},"29":{"loc":{"start":{"line":145,"column":4},"end":{"line":147,"column":null}},"type":"if","locations":[{"start":{"line":145,"column":4},"end":{"line":147,"column":null}},{"start":{"line":147,"column":4},"end":{"line":147,"column":null}}]},"30":{"loc":{"start":{"line":145,"column":4},"end":{"line":145,"column":null}},"type":"binary-expr","locations":[{"start":{"line":145,"column":4},"end":{"line":145,"column":null}},{"start":{"line":145,"column":4},"end":{"line":145,"column":null}}]}},"s":{"0":6,"1":6,"2":6,"3":18,"4":6,"5":4,"6":10,"7":6,"8":6,"9":18,"10":6,"11":1,"12":4,"13":4,"14":4,"15":16,"16":4,"17":4,"18":4,"19":12,"20":4,"21":4,"22":16,"23":4,"24":0,"25":0,"26":0,"27":1,"28":12,"29":12,"30":12,"31":72,"32":12,"33":12,"34":12,"35":12,"36":8,"37":28,"38":12,"39":12,"40":72,"41":12,"42":0,"43":0,"44":0,"45":0,"46":0,"47":0,"48":0,"49":0,"50":0,"51":0,"52":0,"53":20,"54":20,"55":20,"56":60,"57":20,"58":4,"59":24,"60":20,"61":20,"62":60,"63":20,"64":0,"65":0,"66":0,"67":0,"68":0,"69":0,"70":0,"71":0,"72":0,"73":0,"74":0},"f":{"0":6,"1":4,"2":12,"3":0,"4":20,"5":0},"b":{"0":[6,0],"1":[4,2],"2":[6,0],"3":[6,0],"4":[4,0],"5":[0,4],"6":[4,0],"7":[4,0],"8":[4,0],"9":[4,0,0],"10":[0,0],"11":[12,0],"12":[4,8],"13":[0,12],"14":[0,12],"15":[8,4],"16":[12,4],"17":[12,0],"18":[12,0,0,0,0],"19":[0,0],"20":[0,0],"21":[0,0],"22":[0,0],"23":[20,0],"24":[4,16],"25":[20,0],"26":[20,0],"27":[0,0],"28":[0,0],"29":[0,0],"30":[0,0]}}
,"/Users/joepaulsen/workspace/MCGithubExplorer/src/components/ui/Textarea.tsx": {"path":"/Users/joepaulsen/workspace/MCGithubExplorer/src/components/ui/Textarea.tsx","statementMap":{"0":{"start":{"line":5,"column":0},"end":{"line":5,"column":18}},"1":{"start":{"line":5,"column":0},"end":{"line":5,"column":null}},"2":{"start":{"line":5,"column":18},"end":{"line":5,"column":75}},"3":{"start":{"line":5,"column":75},"end":{"line":5,"column":null}},"4":{"start":{"line":5,"column":75},"end":{"line":12,"column":null}},"5":{"start":{"line":9,"column":14},"end":{"line":12,"column":null}},"6":{"start":{"line":12,"column":4},"end":{"line":12,"column":null}},"7":{"start":{"line":12,"column":4},"end":{"line":14,"column":null}},"8":{"start":{"line":7,"column":2},"end":{"line":14,"column":null}},"9":{"start":{"line":14,"column":4},"end":{"line":14,"column":null}},"10":{"start":{"line":14,"column":4},"end":{"line":7,"column":null}},"11":{"start":{"line":18,"column":0},"end":{"line":18,"column":null}}},"fnMap":{"0":{"name":"Textarea","decl":{"start":{"line":5,"column":0},"end":{"line":5,"column":18}},"loc":{"start":{"line":5,"column":0},"end":{"line":7,"column":null}}}},"branchMap":{"0":{"loc":{"start":{"line":5,"column":0},"end":{"line":5,"column":null}},"type":"if","locations":[{"start":{"line":5,"column":0},"end":{"line":5,"column":null}},{"start":{"line":5,"column":75},"end":{"line":5,"column":null}}]},"1":{"loc":{"start":{"line":5,"column":75},"end":{"line":12,"column":null}},"type":"if","locations":[{"start":{"line":5,"column":75},"end":{"line":12,"column":null}},{"start":{"line":12,"column":4},"end":{"line":12,"column":null}}]},"2":{"loc":{"start":{"line":12,"column":4},"end":{"line":14,"column":null}},"type":"if","locations":[{"start":{"line":12,"column":4},"end":{"line":14,"column":null}},{"start":{"line":14,"column":4},"end":{"line":14,"column":null}}]},"3":{"loc":{"start":{"line":12,"column":4},"end":{"line":12,"column":null}},"type":"binary-expr","locations":[{"start":{"line":12,"column":4},"end":{"line":12,"column":null}},{"start":{"line":12,"column":4},"end":{"line":12,"column":null}}]}},"s":{"0":0,"1":0,"2":0,"3":0,"4":0,"5":0,"6":0,"7":0,"8":0,"9":0,"10":0,"11":1},"f":{"0":0},"b":{"0":[0,0],"1":[0,0],"2":[0,0],"3":[0,0]}}
,"/Users/joepaulsen/workspace/MCGithubExplorer/src/components/ui/spinner.tsx": {"path":"/Users/joepaulsen/workspace/MCGithubExplorer/src/components/ui/spinner.tsx","statementMap":{"0":{"start":{"line":4,"column":0},"end":{"line":4,"column":17}},"1":{"start":{"line":4,"column":0},"end":{"line":4,"column":null}},"2":{"start":{"line":4,"column":17},"end":{"line":4,"column":69}},"3":{"start":{"line":4,"column":69},"end":{"line":4,"column":null}},"4":{"start":{"line":4,"column":69},"end":{"line":9,"column":null}},"5":{"start":{"line":9,"column":14},"end":{"line":9,"column":null}},"6":{"start":{"line":9,"column":50},"end":{"line":9,"column":null}},"7":{"start":{"line":9,"column":50},"end":{"line":11,"column":null}},"8":{"start":{"line":6,"column":2},"end":{"line":11,"column":null}},"9":{"start":{"line":11,"column":4},"end":{"line":11,"column":null}},"10":{"start":{"line":11,"column":4},"end":{"line":6,"column":3}},"11":{"start":{"line":15,"column":0},"end":{"line":15,"column":null}}},"fnMap":{"0":{"name":"Spinner","decl":{"start":{"line":4,"column":0},"end":{"line":4,"column":17}},"loc":{"start":{"line":4,"column":0},"end":{"line":6,"column":3}}}},"branchMap":{"0":{"loc":{"start":{"line":4,"column":0},"end":{"line":4,"column":null}},"type":"if","locations":[{"start":{"line":4,"column":0},"end":{"line":4,"column":null}},{"start":{"line":4,"column":69},"end":{"line":4,"column":null}}]},"1":{"loc":{"start":{"line":4,"column":69},"end":{"line":9,"column":null}},"type":"if","locations":[{"start":{"line":4,"column":69},"end":{"line":9,"column":null}},{"start":{"line":9,"column":50},"end":{"line":9,"column":null}}]},"2":{"loc":{"start":{"line":9,"column":50},"end":{"line":11,"column":null}},"type":"if","locations":[{"start":{"line":9,"column":50},"end":{"line":11,"column":null}},{"start":{"line":11,"column":4},"end":{"line":11,"column":null}}]},"3":{"loc":{"start":{"line":9,"column":50},"end":{"line":9,"column":null}},"type":"binary-expr","locations":[{"start":{"line":9,"column":50},"end":{"line":9,"column":null}},{"start":{"line":9,"column":50},"end":{"line":9,"column":null}}]}},"s":{"0":1,"1":1,"2":1,"3":3,"4":1,"5":1,"6":2,"7":1,"8":1,"9":3,"10":1,"11":1},"f":{"0":1},"b":{"0":[1,0],"1":[1,0],"2":[1,0],"3":[1,0]}}
,"/Users/joepaulsen/workspace/MCGithubExplorer/src/hooks/useDebounce.ts": {"path":"/Users/joepaulsen/workspace/MCGithubExplorer/src/hooks/useDebounce.ts","statementMap":{"0":{"start":{"line":3,"column":15},"end":{"line":3,"column":49}},"1":{"start":{"line":3,"column":49},"end":{"line":3,"column":null}},"2":{"start":{"line":4,"column":35},"end":{"line":4,"column":50}},"3":{"start":{"line":4,"column":51},"end":{"line":9,"column":19}},"4":{"start":{"line":6,"column":11},"end":{"line":8,"column":null}},"5":{"start":{"line":7,"column":18},"end":{"line":7,"column":62}},"6":{"start":{"line":7,"column":35},"end":{"line":7,"column":54}},"7":{"start":{"line":7,"column":63},"end":{"line":8,"column":null}},"8":{"start":{"line":8,"column":15},"end":{"line":8,"column":36}},"9":{"start":{"line":9,"column":4},"end":{"line":9,"column":19}},"10":{"start":{"line":9,"column":18},"end":{"line":9,"column":19}},"11":{"start":{"line":6,"column":1},"end":{"line":9,"column":null}},"12":{"start":{"line":9,"column":19},"end":{"line":11,"column":null}}},"fnMap":{"0":{"name":"useDebounce","decl":{"start":{"line":3,"column":15},"end":{"line":3,"column":49}},"loc":{"start":{"line":3,"column":15},"end":{"line":11,"column":null}}},"1":{"name":"(anonymous_1)","decl":{"start":{"line":6,"column":11},"end":{"line":6,"column":null}},"loc":{"start":{"line":6,"column":11},"end":{"line":8,"column":null}}},"2":{"name":"(anonymous_2)","decl":{"start":{"line":7,"column":18},"end":{"line":7,"column":35}},"loc":{"start":{"line":7,"column":35},"end":{"line":7,"column":54}}},"3":{"name":"(anonymous_3)","decl":{"start":{"line":7,"column":63},"end":{"line":7,"column":null}},"loc":{"start":{"line":8,"column":15},"end":{"line":8,"column":36}}}},"branchMap":{"0":{"loc":{"start":{"line":3,"column":49},"end":{"line":3,"column":null}},"type":"cond-expr","locations":[{"start":{"line":3,"column":49},"end":{"line":3,"column":null}},{"start":{"line":3,"column":49},"end":{"line":3,"column":null}}]},"1":{"loc":{"start":{"line":4,"column":51},"end":{"line":9,"column":19}},"type":"if","locations":[{"start":{"line":4,"column":51},"end":{"line":9,"column":19}},{"start":{"line":9,"column":18},"end":{"line":9,"column":19}}]},"2":{"loc":{"start":{"line":4,"column":51},"end":{"line":4,"column":null}},"type":"binary-expr","locations":[{"start":{"line":4,"column":51},"end":{"line":4,"column":null}},{"start":{"line":4,"column":51},"end":{"line":4,"column":null}}]}},"s":{"0":17,"1":17,"2":17,"3":17,"4":14,"5":14,"6":3,"7":14,"8":14,"9":14,"10":62,"11":17,"12":17},"f":{"0":17,"1":14,"2":3,"3":14},"b":{"0":[0,17],"1":[14,3],"2":[17,9]}}
,"/Users/joepaulsen/workspace/MCGithubExplorer/src/hooks/useGetUser.ts": {"path":"/Users/joepaulsen/workspace/MCGithubExplorer/src/hooks/useGetUser.ts","statementMap":{"0":{"start":{"line":4,"column":7},"end":{"line":4,"column":null}},"1":{"start":{"line":4,"column":7},"end":{"line":7,"column":null}},"2":{"start":{"line":6,"column":12},"end":{"line":6,"column":null}},"3":{"start":{"line":7,"column":11},"end":{"line":7,"column":null}},"4":{"start":{"line":7,"column":17},"end":{"line":7,"column":40}},"5":{"start":{"line":7,"column":40},"end":{"line":7,"column":null}},"6":{"start":{"line":8,"column":11},"end":{"line":8,"column":21}},"7":{"start":{"line":8,"column":21},"end":{"line":9,"column":3}},"8":{"start":{"line":5,"column":17},"end":{"line":9,"column":3}},"9":{"start":{"line":9,"column":2},"end":{"line":9,"column":3}},"10":{"start":{"line":9,"column":2},"end":{"line":9,"column":null}}},"fnMap":{"0":{"name":"useGetUser","decl":{"start":{"line":4,"column":7},"end":{"line":4,"column":null}},"loc":{"start":{"line":4,"column":7},"end":{"line":9,"column":null}}},"1":{"name":"(anonymous_1)","decl":{"start":{"line":7,"column":11},"end":{"line":7,"column":17}},"loc":{"start":{"line":7,"column":17},"end":{"line":7,"column":40}}}},"branchMap":{"0":{"loc":{"start":{"line":4,"column":7},"end":{"line":7,"column":null}},"type":"if","locations":[{"start":{"line":4,"column":7},"end":{"line":7,"column":null}},{"start":{"line":7,"column":40},"end":{"line":7,"column":null}}]},"1":{"loc":{"start":{"line":8,"column":21},"end":{"line":9,"column":3}},"type":"if","locations":[{"start":{"line":8,"column":21},"end":{"line":9,"column":3}},{"start":{"line":9,"column":2},"end":{"line":9,"column":3}}]},"2":{"loc":{"start":{"line":8,"column":21},"end":{"line":8,"column":null}},"type":"binary-expr","locations":[{"start":{"line":8,"column":21},"end":{"line":8,"column":null}},{"start":{"line":8,"column":21},"end":{"line":8,"column":null}},{"start":{"line":8,"column":21},"end":{"line":8,"column":null}}]}},"s":{"0":3,"1":3,"2":2,"3":2,"4":1,"5":8,"6":3,"7":3,"8":2,"9":9,"10":3},"f":{"0":3,"1":1},"b":{"0":[2,1],"1":[2,1],"2":[3,1,1]}}
,"/Users/joepaulsen/workspace/MCGithubExplorer/src/hooks/useSearchSuggestions.ts": {"path":"/Users/joepaulsen/workspace/MCGithubExplorer/src/hooks/useSearchSuggestions.ts","statementMap":{"0":{"start":{"line":4,"column":13},"end":{"line":10,"column":null}},"1":{"start":{"line":4,"column":36},"end":{"line":4,"column":null}},"2":{"start":{"line":4,"column":36},"end":{"line":7,"column":null}},"3":{"start":{"line":6,"column":12},"end":{"line":6,"column":null}},"4":{"start":{"line":7,"column":11},"end":{"line":7,"column":null}},"5":{"start":{"line":7,"column":17},"end":{"line":7,"column":41}},"6":{"start":{"line":7,"column":41},"end":{"line":7,"column":null}},"7":{"start":{"line":8,"column":11},"end":{"line":8,"column":28}},"8":{"start":{"line":8,"column":28},"end":{"line":10,"column":3}},"9":{"start":{"line":5,"column":17},"end":{"line":10,"column":3}},"10":{"start":{"line":10,"column":2},"end":{"line":10,"column":3}},"11":{"start":{"line":10,"column":2},"end":{"line":10,"column":null}}},"fnMap":{"0":{"name":"(anonymous_0)","decl":{"start":{"line":4,"column":13},"end":{"line":4,"column":36}},"loc":{"start":{"line":4,"column":36},"end":{"line":10,"column":null}}},"1":{"name":"(anonymous_1)","decl":{"start":{"line":7,"column":11},"end":{"line":7,"column":17}},"loc":{"start":{"line":7,"column":17},"end":{"line":7,"column":41}}}},"branchMap":{"0":{"loc":{"start":{"line":4,"column":36},"end":{"line":7,"column":null}},"type":"if","locations":[{"start":{"line":4,"column":36},"end":{"line":7,"column":null}},{"start":{"line":7,"column":41},"end":{"line":7,"column":null}}]},"1":{"loc":{"start":{"line":8,"column":28},"end":{"line":10,"column":3}},"type":"if","locations":[{"start":{"line":8,"column":28},"end":{"line":10,"column":3}},{"start":{"line":10,"column":2},"end":{"line":10,"column":3}}]},"2":{"loc":{"start":{"line":8,"column":28},"end":{"line":8,"column":null}},"type":"binary-expr","locations":[{"start":{"line":8,"column":28},"end":{"line":8,"column":null}},{"start":{"line":8,"column":28},"end":{"line":8,"column":null}},{"start":{"line":8,"column":28},"end":{"line":8,"column":null}}]}},"s":{"0":2,"1":4,"2":4,"3":3,"4":3,"5":1,"6":11,"7":4,"8":4,"9":3,"10":13,"11":4},"f":{"0":4,"1":1},"b":{"0":[3,1],"1":[3,1],"2":[4,1,1]}}
,"/Users/joepaulsen/workspace/MCGithubExplorer/src/lib/utils.ts": {"path":"/Users/joepaulsen/workspace/MCGithubExplorer/src/lib/utils.ts","statementMap":{"0":{"start":{"line":5,"column":1},"end":{"line":5,"column":null}}},"fnMap":{"0":{"name":"cn","decl":{"start":{"line":4,"column":16},"end":{"line":4,"column":19}},"loc":{"start":{"line":4,"column":44},"end":{"line":5,"column":null}}}},"branchMap":{},"s":{"0":97},"f":{"0":97},"b":{}}
,"/Users/joepaulsen/workspace/MCGithubExplorer/src/services/getGithubUser.ts": {"path":"/Users/joepaulsen/workspace/MCGithubExplorer/src/services/getGithubUser.ts","statementMap":{"0":{"start":{"line":4,"column":29},"end":{"line":12,"column":null}},"1":{"start":{"line":5,"column":23},"end":{"line":8,"column":3}},"2":{"start":{"line":9,"column":1},"end":{"line":12,"column":null}}},"fnMap":{"0":{"name":"(anonymous_0)","decl":{"start":{"line":4,"column":29},"end":{"line":4,"column":36}},"loc":{"start":{"line":4,"column":57},"end":{"line":12,"column":null}}}},"branchMap":{},"s":{"0":3,"1":2,"2":2},"f":{"0":2},"b":{}}
,"/Users/joepaulsen/workspace/MCGithubExplorer/src/services/searchGithubUsers.ts": {"path":"/Users/joepaulsen/workspace/MCGithubExplorer/src/services/searchGithubUsers.ts","statementMap":{"0":{"start":{"line":3,"column":33},"end":{"line":7,"column":null}},"1":{"start":{"line":4,"column":18},"end":{"line":6,"column":3}},"2":{"start":{"line":7,"column":1},"end":{"line":7,"column":null}}},"fnMap":{"0":{"name":"(anonymous_0)","decl":{"start":{"line":3,"column":33},"end":{"line":3,"column":40}},"loc":{"start":{"line":3,"column":58},"end":{"line":7,"column":null}}}},"branchMap":{},"s":{"0":3,"1":2,"2":2},"f":{"0":2},"b":{}}
}
